#! /usr/local/iverilog/bin/vvp
:ivl_version "11.0 (devel)" "(s20150603-642-g3bdb50da)";
:ivl_delay_selection "TYPICAL";
:vpi_time_precision - 11;
:vpi_module "system";
:vpi_module "vhdl_sys";
:vpi_module "vhdl_textio";
:vpi_module "v2005_math";
:vpi_module "va_math";
S_0000000000869730 .scope module, "testbench" "testbench" 2 4;
 .timescale -9 -11;
v00000000008d87d0_0 .var "A", 15 0;
v00000000008d91d0_0 .var "B", 15 0;
v00000000008d8b90_0 .net "Cout", 0 0, L_00000000008dadc0;  1 drivers
v00000000008d8e10_0 .var "Mode", 0 0;
v00000000008d8870_0 .net "Overflow", 0 0, L_0000000000868140;  1 drivers
v00000000008d8a50_0 .net "SUM", 15 0, L_00000000008d9a60;  1 drivers
v00000000008d8910_0 .var "error", 16 0;
v00000000008d8cd0 .array "expect", 0 9999, 16 0;
v00000000008d9090_0 .var/i "i", 31 0;
v00000000008d93b0 .array "mem_A", 0 9999, 15 0;
v00000000008db540 .array "mem_B", 0 9999, 15 0;
v00000000008da780 .array "mem_ctrl", 0 9999, 0 0;
S_00000000008741e0 .scope module, "S1" "Sub_adder_16bit" 2 27, 3 2 0, S_0000000000869730;
 .timescale 0 0;
    .port_info 0 /OUTPUT 16 "sum";
    .port_info 1 /OUTPUT 1 "overdetect";
    .port_info 2 /OUTPUT 1 "cout";
    .port_info 3 /INPUT 16 "a";
    .port_info 4 /INPUT 16 "b";
    .port_info 5 /INPUT 1 "mode";
L_0000000000868300 .functor NOT 16, v00000000008d91d0_0, C4<0000000000000000>, C4<0000000000000000>, C4<0000000000000000>;
L_0000000000868140 .functor BUFZ 1, L_00000000008dadc0, C4<0>, C4<0>, C4<0>;
v00000000008698c0_0 .net *"_s11", 15 0, L_00000000008db5e0;  1 drivers
v000000000086c2b0_0 .net *"_s13", 15 0, L_00000000008da3c0;  1 drivers
v0000000000868c60_0 .net *"_s15", 16 0, L_00000000008db180;  1 drivers
L_00000000008db798 .functor BUFT 1, C4<0>, C4<0>, C4<0>, C4<0>;
v0000000000869090_0 .net *"_s18", 0 0, L_00000000008db798;  1 drivers
v0000000000869130_0 .net *"_s19", 16 0, L_00000000008d9740;  1 drivers
v00000000008700c0_0 .net *"_s21", 16 0, L_00000000008d9b00;  1 drivers
L_00000000008db7e0 .functor BUFT 1, C4<0>, C4<0>, C4<0>, C4<0>;
v00000000008d8730_0 .net *"_s24", 0 0, L_00000000008db7e0;  1 drivers
v00000000008d8af0_0 .net *"_s25", 16 0, L_00000000008da820;  1 drivers
L_00000000008db828 .functor BUFT 1, C4<0>, C4<0>, C4<0>, C4<0>;
v00000000008d89b0_0 .net *"_s28", 0 0, L_00000000008db828;  1 drivers
v00000000008d9450_0 .net *"_s29", 16 0, L_00000000008da460;  1 drivers
v00000000008d9270_0 .net *"_s3", 16 0, L_00000000008d9ba0;  1 drivers
v00000000008d9310_0 .net *"_s31", 16 0, L_00000000008d9ce0;  1 drivers
L_00000000008db708 .functor BUFT 1, C4<0>, C4<0>, C4<0>, C4<0>;
v00000000008d8eb0_0 .net *"_s6", 0 0, L_00000000008db708;  1 drivers
v00000000008d9630_0 .net *"_s7", 15 0, L_0000000000868300;  1 drivers
L_00000000008db750 .functor BUFT 1, C4<0000000000000001>, C4<0>, C4<0>, C4<0>;
v00000000008d9590_0 .net/2u *"_s9", 15 0, L_00000000008db750;  1 drivers
v00000000008d8d70_0 .net "a", 15 0, v00000000008d87d0_0;  1 drivers
v00000000008d8f50_0 .net "b", 15 0, v00000000008d91d0_0;  1 drivers
v00000000008d8c30_0 .net "cout", 0 0, L_00000000008dadc0;  alias, 1 drivers
v00000000008d8ff0_0 .net "mode", 0 0, v00000000008d8e10_0;  1 drivers
v00000000008d9130_0 .net "overdetect", 0 0, L_0000000000868140;  alias, 1 drivers
v00000000008d94f0_0 .net "sum", 15 0, L_00000000008d9a60;  alias, 1 drivers
L_00000000008dadc0 .part L_00000000008d9ce0, 16, 1;
L_00000000008d9a60 .part L_00000000008d9ce0, 0, 16;
L_00000000008d9ba0 .concat [ 16 1 0 0], v00000000008d87d0_0, L_00000000008db708;
L_00000000008db5e0 .arith/sum 16, L_0000000000868300, L_00000000008db750;
L_00000000008da3c0 .concat [ 16 0 0 0], L_00000000008db5e0;
L_00000000008db180 .concat [ 16 1 0 0], L_00000000008da3c0, L_00000000008db798;
L_00000000008d9740 .arith/sum 17, L_00000000008d9ba0, L_00000000008db180;
L_00000000008d9b00 .concat [ 16 1 0 0], v00000000008d87d0_0, L_00000000008db7e0;
L_00000000008da820 .concat [ 16 1 0 0], v00000000008d91d0_0, L_00000000008db828;
L_00000000008da460 .arith/sum 17, L_00000000008d9b00, L_00000000008da820;
L_00000000008d9ce0 .functor MUXZ 17, L_00000000008da460, L_00000000008d9740, v00000000008d8e10_0, C4<>;
    .scope S_0000000000869730;
T_0 ;
    %pushi/vec4 0, 0, 17;
    %store/vec4 v00000000008d8910_0, 0, 17;
    %end;
    .thread T_0;
    .scope S_0000000000869730;
T_1 ;
    %vpi_call 2 20 "$readmemh", "A.txt", v00000000008d93b0 {0 0 0};
    %vpi_call 2 21 "$readmemh", "B.txt", v00000000008db540 {0 0 0};
    %vpi_call 2 22 "$readmemh", "ctrl.txt", v00000000008da780 {0 0 0};
    %vpi_call 2 23 "$readmemh", "result.txt", v00000000008d8cd0 {0 0 0};
    %end;
    .thread T_1;
    .scope S_0000000000869730;
T_2 ;
    %pushi/vec4 0, 0, 32;
    %store/vec4 v00000000008d9090_0, 0, 32;
T_2.0 ;
    %load/vec4 v00000000008d9090_0;
    %cmpi/s 9999, 0, 32;
    %flag_or 5, 4;
    %jmp/0xz T_2.1, 5;
    %ix/getv/s 4, v00000000008d9090_0;
    %load/vec4a v00000000008d93b0, 4;
    %store/vec4 v00000000008d87d0_0, 0, 16;
    %ix/getv/s 4, v00000000008d9090_0;
    %load/vec4a v00000000008db540, 4;
    %store/vec4 v00000000008d91d0_0, 0, 16;
    %ix/getv/s 4, v00000000008d9090_0;
    %load/vec4a v00000000008da780, 4;
    %store/vec4 v00000000008d8e10_0, 0, 1;
    %delay 2000, 0;
    %load/vec4 v00000000008d8a50_0;
    %ix/getv/s 4, v00000000008d9090_0;
    %load/vec4a v00000000008d8cd0, 4;
    %parti/s 16, 0, 2;
    %cmp/ne;
    %jmp/0xz  T_2.2, 6;
    %load/vec4 v00000000008d9090_0;
    %addi 1, 0, 32;
    %ix/getv/s 4, v00000000008d9090_0;
    %load/vec4a v00000000008d8cd0, 4;
    %parti/s 16, 0, 2;
    %vpi_call 2 45 "$display", "ERROR at time=%d(pattern%d): SUM(%h)!= expect(%h)", $time, S<1,vec4,s32>, v00000000008d8a50_0, S<0,vec4,u16> {2 0 0};
    %load/vec4 v00000000008d8910_0;
    %addi 1, 0, 17;
    %store/vec4 v00000000008d8910_0, 0, 17;
T_2.2 ;
    %load/vec4 v00000000008d8b90_0;
    %ix/getv/s 4, v00000000008d9090_0;
    %load/vec4a v00000000008d8cd0, 4;
    %parti/s 1, 16, 6;
    %cmp/ne;
    %jmp/0xz  T_2.4, 6;
    %load/vec4 v00000000008d9090_0;
    %addi 1, 0, 32;
    %ix/getv/s 4, v00000000008d9090_0;
    %load/vec4a v00000000008d8cd0, 4;
    %parti/s 1, 16, 6;
    %vpi_call 2 50 "$display", "ERROR at time=%d(pattern%d): C_out(%b)!= expect(%b)", $time, S<1,vec4,s32>, v00000000008d8b90_0, S<0,vec4,u1> {2 0 0};
    %load/vec4 v00000000008d8910_0;
    %addi 1, 0, 17;
    %store/vec4 v00000000008d8910_0, 0, 17;
T_2.4 ;
    %load/vec4 v00000000008d8870_0;
    %ix/getv/s 4, v00000000008d9090_0;
    %load/vec4a v00000000008d8cd0, 4;
    %parti/s 1, 16, 6;
    %cmp/ne;
    %jmp/0xz  T_2.6, 6;
    %load/vec4 v00000000008d9090_0;
    %addi 1, 0, 32;
    %ix/getv/s 4, v00000000008d9090_0;
    %load/vec4a v00000000008d8cd0, 4;
    %parti/s 1, 16, 6;
    %vpi_call 2 55 "$display", "ERROR at time=%d(pattern%d): Overflow(%b)!= expect(%b)", $time, S<1,vec4,s32>, v00000000008d8870_0, S<0,vec4,u1> {2 0 0};
    %load/vec4 v00000000008d8910_0;
    %addi 1, 0, 17;
    %store/vec4 v00000000008d8910_0, 0, 17;
T_2.6 ;
    %load/vec4 v00000000008d9090_0;
    %addi 1, 0, 32;
    %store/vec4 v00000000008d9090_0, 0, 32;
    %jmp T_2.0;
T_2.1 ;
    %load/vec4 v00000000008d8910_0;
    %cmpi/e 0, 0, 17;
    %jmp/0xz  T_2.8, 4;
    %vpi_call 2 62 "$display", "        ***********************************************        " {0 0 0};
    %vpi_call 2 63 "$display", "        **                                           **        " {0 0 0};
    %vpi_call 2 64 "$display", "        **             Congratulations !!            **        " {0 0 0};
    %vpi_call 2 65 "$display", "        **               Test PASS  !!               **        " {0 0 0};
    %vpi_call 2 66 "$display", "        **                                           **        " {0 0 0};
    %vpi_call 2 67 "$display", "        ***********************************************        " {0 0 0};
    %jmp T_2.9;
T_2.8 ;
    %vpi_call 2 70 "$display", "=================================================" {0 0 0};
    %vpi_call 2 71 "$display", "There're %d errors in your design", v00000000008d8910_0 {0 0 0};
    %vpi_call 2 72 "$display", "=================================================" {0 0 0};
T_2.9 ;
    %vpi_call 2 75 "$finish" {0 0 0};
    %end;
    .thread T_2;
    .scope S_0000000000869730;
T_3 ;
    %vpi_call 2 80 "$dumpfile", "16bitsub_adder.vcd" {0 0 0};
    %vpi_call 2 81 "$dumpvars" {0 0 0};
    %end;
    .thread T_3;
# The file index is used to find the file name in the following table.
:file_names 4;
    "N/A";
    "<interactive>";
    "testbench.v";
    "././16bit_adder.v";
