#! /usr/local/iverilog/bin/vvp
:ivl_version "11.0 (devel)" "(s20150603-642-g3bdb50da)";
:ivl_delay_selection "TYPICAL";
:vpi_time_precision - 11;
:vpi_module "system";
:vpi_module "vhdl_sys";
:vpi_module "vhdl_textio";
:vpi_module "v2005_math";
:vpi_module "va_math";
S_0000000000f77840 .scope module, "test_tb" "test_tb" 2 5;
 .timescale -9 -11;
v000000000100b670_0 .var "a", 0 0;
v000000000100b710_0 .net "b", 0 0, v0000000000f7af60_0;  1 drivers
v000000000100b7b0_0 .var "clk", 0 0;
S_0000000000f779d0 .scope module, "t1" "test" 2 8, 3 2 0, S_0000000000f77840;
 .timescale -9 -11;
    .port_info 0 /INPUT 1 "a";
    .port_info 1 /INPUT 1 "clk";
    .port_info 2 /OUTPUT 1 "b";
v0000000000f77b60_0 .net "a", 0 0, v000000000100b670_0;  1 drivers
v0000000000f7af60_0 .var "b", 0 0;
v000000000100b5d0_0 .net "clk", 0 0, v000000000100b7b0_0;  1 drivers
E_0000000000f78e40 .event posedge, v000000000100b5d0_0;
    .scope S_0000000000f779d0;
T_0 ;
    %wait E_0000000000f78e40;
    %load/vec4 v0000000000f77b60_0;
    %assign/vec4 v0000000000f7af60_0, 0;
    %jmp T_0;
    .thread T_0;
    .scope S_0000000000f77840;
T_1 ;
    %delay 500, 0;
    %load/vec4 v000000000100b7b0_0;
    %inv;
    %store/vec4 v000000000100b7b0_0, 0, 1;
    %jmp T_1;
    .thread T_1;
    .scope S_0000000000f77840;
T_2 ;
    %pushi/vec4 0, 0, 1;
    %store/vec4 v000000000100b670_0, 0, 1;
    %pushi/vec4 0, 0, 1;
    %store/vec4 v000000000100b7b0_0, 0, 1;
    %delay 500, 0;
    %pushi/vec4 1, 0, 1;
    %store/vec4 v000000000100b670_0, 0, 1;
    %delay 500, 0;
    %pushi/vec4 0, 0, 1;
    %store/vec4 v000000000100b670_0, 0, 1;
    %delay 1000, 0;
    %vpi_call 2 15 "$finish" {0 0 0};
    %end;
    .thread T_2;
    .scope S_0000000000f77840;
T_3 ;
    %vpi_call 2 18 "$dumpfile", "test.vcd" {0 0 0};
    %vpi_call 2 19 "$dumpvars" {0 0 0};
    %end;
    .thread T_3;
# The file index is used to find the file name in the following table.
:file_names 4;
    "N/A";
    "<interactive>";
    "test_tb.v";
    "././test.v";
