#! /usr/local/iverilog/bin/vvp
:ivl_version "11.0 (devel)" "(s20150603-642-g3bdb50da)";
:ivl_delay_selection "TYPICAL";
:vpi_time_precision - 11;
:vpi_module "system";
:vpi_module "vhdl_sys";
:vpi_module "vhdl_textio";
:vpi_module "v2005_math";
:vpi_module "va_math";
S_000000000125aeb0 .scope module, "testbench" "testbench" 2 6;
 .timescale -9 -11;
v000000000125e340_0 .var "clk", 0 0;
v000000000125e3e0_0 .net "counter", 4 0, v000000000125ac70_0;  1 drivers
v000000000125c870_0 .var "mode", 0 0;
v000000000125c910_0 .var "rst", 0 0;
S_000000000125e070 .scope module, "S1" "Syncounter" 2 10, 3 2 0, S_000000000125aeb0;
 .timescale -9 -11;
    .port_info 0 /INPUT 1 "mode";
    .port_info 1 /INPUT 1 "clk";
    .port_info 2 /INPUT 1 "rst";
    .port_info 3 /OUTPUT 5 "counter";
v000000000125abd0_0 .net "clk", 0 0, v000000000125e340_0;  1 drivers
v000000000125ac70_0 .var "counter", 4 0;
v000000000125e200_0 .net "mode", 0 0, v000000000125c870_0;  1 drivers
v000000000125e2a0_0 .net "rst", 0 0, v000000000125c910_0;  1 drivers
E_0000000001259be0 .event posedge, v000000000125e2a0_0, v000000000125abd0_0;
    .scope S_000000000125e070;
T_0 ;
    %wait E_0000000001259be0;
    %load/vec4 v000000000125e2a0_0;
    %flag_set/vec4 8;
    %jmp/0xz  T_0.0, 8;
    %pushi/vec4 0, 0, 5;
    %assign/vec4 v000000000125ac70_0, 0;
    %jmp T_0.1;
T_0.0 ;
    %load/vec4 v000000000125e200_0;
    %load/vec4 v000000000125ac70_0;
    %pushi/vec4 30, 0, 5;
    %cmp/e;
    %flag_get/vec4 4;
    %and;
    %flag_set/vec4 8;
    %jmp/0xz  T_0.2, 8;
    %pushi/vec4 0, 0, 5;
    %assign/vec4 v000000000125ac70_0, 0;
    %jmp T_0.3;
T_0.2 ;
    %load/vec4 v000000000125e200_0;
    %nor/r;
    %load/vec4 v000000000125ac70_0;
    %pad/u 32;
    %pushi/vec4 0, 0, 32;
    %cmp/e;
    %flag_get/vec4 4;
    %and;
    %flag_set/vec4 8;
    %jmp/0xz  T_0.4, 8;
    %pushi/vec4 30, 0, 5;
    %assign/vec4 v000000000125ac70_0, 0;
    %jmp T_0.5;
T_0.4 ;
    %load/vec4 v000000000125e200_0;
    %flag_set/vec4 8;
    %jmp/0xz  T_0.6, 8;
    %load/vec4 v000000000125ac70_0;
    %addi 1, 0, 5;
    %assign/vec4 v000000000125ac70_0, 0;
    %jmp T_0.7;
T_0.6 ;
    %load/vec4 v000000000125ac70_0;
    %subi 1, 0, 5;
    %assign/vec4 v000000000125ac70_0, 0;
T_0.7 ;
T_0.5 ;
T_0.3 ;
T_0.1 ;
    %jmp T_0;
    .thread T_0;
    .scope S_000000000125aeb0;
T_1 ;
    %delay 1000, 0;
    %load/vec4 v000000000125e340_0;
    %inv;
    %store/vec4 v000000000125e340_0, 0, 1;
    %jmp T_1;
    .thread T_1;
    .scope S_000000000125aeb0;
T_2 ;
    %pushi/vec4 1, 0, 1;
    %store/vec4 v000000000125c910_0, 0, 1;
    %pushi/vec4 0, 0, 1;
    %store/vec4 v000000000125e340_0, 0, 1;
    %pushi/vec4 1, 0, 1;
    %store/vec4 v000000000125c870_0, 0, 1;
    %delay 500, 0;
    %pushi/vec4 0, 0, 1;
    %store/vec4 v000000000125c910_0, 0, 1;
    %delay 10700, 0;
    %pushi/vec4 1, 0, 1;
    %store/vec4 v000000000125c910_0, 0, 1;
    %delay 2300, 0;
    %pushi/vec4 0, 0, 1;
    %store/vec4 v000000000125c910_0, 0, 1;
    %delay 66000, 0;
    %pushi/vec4 0, 0, 1;
    %store/vec4 v000000000125c870_0, 0, 1;
    %delay 70200, 0;
    %pushi/vec4 1, 0, 1;
    %store/vec4 v000000000125c910_0, 0, 1;
    %delay 2800, 0;
    %pushi/vec4 0, 0, 1;
    %store/vec4 v000000000125c910_0, 0, 1;
    %pushi/vec4 1, 0, 1;
    %store/vec4 v000000000125c870_0, 0, 1;
    %delay 60000, 0;
    %pushi/vec4 0, 0, 1;
    %store/vec4 v000000000125c870_0, 0, 1;
    %delay 60000, 0;
    %vpi_call 2 33 "$finish" {0 0 0};
    %end;
    .thread T_2;
    .scope S_000000000125aeb0;
T_3 ;
    %vpi_call 2 39 "$dumpfile", "counter.vcd" {0 0 0};
    %vpi_call 2 40 "$dumpvars" {0 0 0};
    %end;
    .thread T_3;
# The file index is used to find the file name in the following table.
:file_names 4;
    "N/A";
    "<interactive>";
    "testbench.v";
    "././counter.v";
