#! /usr/local/iverilog/bin/vvp
:ivl_version "11.0 (devel)" "(s20150603-642-g3bdb50da)";
:ivl_delay_selection "TYPICAL";
:vpi_time_precision - 11;
:vpi_module "system";
:vpi_module "vhdl_sys";
:vpi_module "vhdl_textio";
:vpi_module "v2005_math";
:vpi_module "va_math";
S_0000000001089070 .scope module, "testbench" "testbench" 2 4;
 .timescale -9 -11;
v0000000001100520_0 .net "FG", 0 0, L_00000000011019c0;  1 drivers
v0000000001100ac0_0 .net "FR", 0 0, L_00000000010a21c0;  1 drivers
v00000000011005c0_0 .net "FY", 0 0, L_00000000011003e0;  1 drivers
v0000000001101e20_0 .net "R1G", 0 0, L_0000000001100ca0;  1 drivers
v00000000011011a0_0 .net "R1R", 0 0, L_00000000010a1dd0;  1 drivers
v00000000011016a0_0 .net "R1Y", 0 0, L_00000000011017e0;  1 drivers
v0000000001101b00_0 .net "R2G", 0 0, L_0000000001100980;  1 drivers
v00000000011002a0_0 .net "R2R", 0 0, L_00000000010a1430;  1 drivers
v0000000001100660_0 .net "R2Y", 0 0, L_0000000001100e80;  1 drivers
v0000000001101ec0_0 .var "c", 0 0;
v0000000001100700_0 .var "clk", 0 0;
v0000000001100b60_0 .var "rst_n", 0 0;
S_0000000001096b10 .scope module, "T1" "Traffic_light" 2 9, 3 8 0, S_0000000001089070;
 .timescale -9 -11;
    .port_info 0 /OUTPUT 1 "R1G";
    .port_info 1 /OUTPUT 1 "R1Y";
    .port_info 2 /OUTPUT 1 "R1R";
    .port_info 3 /OUTPUT 1 "R2G";
    .port_info 4 /OUTPUT 1 "R2Y";
    .port_info 5 /OUTPUT 1 "R2R";
    .port_info 6 /OUTPUT 1 "FG";
    .port_info 7 /OUTPUT 1 "FY";
    .port_info 8 /OUTPUT 1 "FR";
    .port_info 9 /INPUT 1 "clk";
    .port_info 10 /INPUT 1 "rst_n";
    .port_info 11 /INPUT 1 "c";
P_0000000001096ca0 .param/l "S0" 0 3 19, C4<000>;
P_0000000001096cd8 .param/l "S1" 0 3 20, C4<001>;
P_0000000001096d10 .param/l "S2" 0 3 21, C4<010>;
P_0000000001096d48 .param/l "S3" 0 3 22, C4<011>;
P_0000000001096d80 .param/l "S4" 0 3 23, C4<100>;
P_0000000001096db8 .param/l "S5" 0 3 24, C4<101>;
L_00000000010a16d0 .functor OR 1, L_0000000001101d80, L_0000000001100de0, C4<0>, C4<0>;
L_00000000010a1ba0 .functor OR 1, L_00000000010a16d0, L_0000000001101880, C4<0>, C4<0>;
L_00000000010a1dd0 .functor OR 1, L_00000000010a1ba0, L_00000000011020a0, C4<0>, C4<0>;
L_00000000010a13c0 .functor OR 1, L_00000000011014c0, L_0000000001100f20, C4<0>, C4<0>;
L_00000000010a1820 .functor OR 1, L_00000000010a13c0, L_0000000001101060, C4<0>, C4<0>;
L_00000000010a1430 .functor OR 1, L_00000000010a1820, L_0000000001102140, C4<0>, C4<0>;
L_00000000010a1510 .functor OR 1, L_0000000001101240, L_00000000011012e0, C4<0>, C4<0>;
L_00000000010a1d60 .functor OR 1, L_00000000010a1510, L_0000000001100480, C4<0>, C4<0>;
L_00000000010a21c0 .functor OR 1, L_00000000010a1d60, L_0000000001101380, C4<0>, C4<0>;
v00000000010ffc30_0 .net "FG", 0 0, L_00000000011019c0;  alias, 1 drivers
v00000000010ffeb0_0 .net "FR", 0 0, L_00000000010a21c0;  alias, 1 drivers
v00000000010ffa50_0 .net "FY", 0 0, L_00000000011003e0;  alias, 1 drivers
v00000000010fe510_0 .net "R1G", 0 0, L_0000000001100ca0;  alias, 1 drivers
v00000000010ff050_0 .net "R1R", 0 0, L_00000000010a1dd0;  alias, 1 drivers
v00000000010ffe10_0 .net "R1Y", 0 0, L_00000000011017e0;  alias, 1 drivers
v00000000010ff7d0_0 .net "R2G", 0 0, L_0000000001100980;  alias, 1 drivers
v00000000010fff50_0 .net "R2R", 0 0, L_00000000010a1430;  alias, 1 drivers
v00000000010ff190_0 .net "R2Y", 0 0, L_0000000001100e80;  alias, 1 drivers
v00000000010ff690_0 .var "ST", 0 0;
v00000000010ffaf0_0 .var "ST_o", 0 0;
L_0000000001480310 .functor BUFT 1, C4<000>, C4<0>, C4<0>, C4<0>;
v00000000010fe290_0 .net/2u *"_s0", 2 0, L_0000000001480310;  1 drivers
v00000000010fea10_0 .net *"_s10", 0 0, L_0000000001101d80;  1 drivers
L_00000000014803e8 .functor BUFT 1, C4<011>, C4<0>, C4<0>, C4<0>;
v00000000010ff910_0 .net/2u *"_s12", 2 0, L_00000000014803e8;  1 drivers
v00000000010ff730_0 .net *"_s14", 0 0, L_0000000001100de0;  1 drivers
v00000000010fed30_0 .net *"_s16", 0 0, L_00000000010a16d0;  1 drivers
L_0000000001480430 .functor BUFT 1, C4<100>, C4<0>, C4<0>, C4<0>;
v00000000010ff9b0_0 .net/2u *"_s18", 2 0, L_0000000001480430;  1 drivers
v00000000010ffd70_0 .net *"_s20", 0 0, L_0000000001101880;  1 drivers
v00000000010ffb90_0 .net *"_s22", 0 0, L_00000000010a1ba0;  1 drivers
L_0000000001480478 .functor BUFT 1, C4<101>, C4<0>, C4<0>, C4<0>;
v00000000010feab0_0 .net/2u *"_s24", 2 0, L_0000000001480478;  1 drivers
v00000000010ff0f0_0 .net *"_s26", 0 0, L_00000000011020a0;  1 drivers
L_00000000014804c0 .functor BUFT 1, C4<010>, C4<0>, C4<0>, C4<0>;
v00000000010ff2d0_0 .net/2u *"_s30", 2 0, L_00000000014804c0;  1 drivers
L_0000000001480508 .functor BUFT 1, C4<011>, C4<0>, C4<0>, C4<0>;
v00000000010ff4b0_0 .net/2u *"_s34", 2 0, L_0000000001480508;  1 drivers
L_0000000001480550 .functor BUFT 1, C4<000>, C4<0>, C4<0>, C4<0>;
v00000000010fe3d0_0 .net/2u *"_s38", 2 0, L_0000000001480550;  1 drivers
L_0000000001480358 .functor BUFT 1, C4<001>, C4<0>, C4<0>, C4<0>;
v00000000010fedd0_0 .net/2u *"_s4", 2 0, L_0000000001480358;  1 drivers
v00000000010ff370_0 .net *"_s40", 0 0, L_00000000011014c0;  1 drivers
L_0000000001480598 .functor BUFT 1, C4<001>, C4<0>, C4<0>, C4<0>;
v00000000010ffcd0_0 .net/2u *"_s42", 2 0, L_0000000001480598;  1 drivers
v00000000010fef10_0 .net *"_s44", 0 0, L_0000000001100f20;  1 drivers
v00000000010feb50_0 .net *"_s46", 0 0, L_00000000010a13c0;  1 drivers
L_00000000014805e0 .functor BUFT 1, C4<100>, C4<0>, C4<0>, C4<0>;
v00000000010fe5b0_0 .net/2u *"_s48", 2 0, L_00000000014805e0;  1 drivers
v00000000010fee70_0 .net *"_s50", 0 0, L_0000000001101060;  1 drivers
v00000000010ff410_0 .net *"_s52", 0 0, L_00000000010a1820;  1 drivers
L_0000000001480628 .functor BUFT 1, C4<101>, C4<0>, C4<0>, C4<0>;
v00000000010ffff0_0 .net/2u *"_s54", 2 0, L_0000000001480628;  1 drivers
v00000000010fe830_0 .net *"_s56", 0 0, L_0000000001102140;  1 drivers
L_0000000001480670 .functor BUFT 1, C4<100>, C4<0>, C4<0>, C4<0>;
v0000000001100090_0 .net/2u *"_s60", 2 0, L_0000000001480670;  1 drivers
L_00000000014806b8 .functor BUFT 1, C4<101>, C4<0>, C4<0>, C4<0>;
v00000000010ff5f0_0 .net/2u *"_s64", 2 0, L_00000000014806b8;  1 drivers
L_0000000001480700 .functor BUFT 1, C4<000>, C4<0>, C4<0>, C4<0>;
v0000000001100130_0 .net/2u *"_s68", 2 0, L_0000000001480700;  1 drivers
v00000000010fe330_0 .net *"_s70", 0 0, L_0000000001101240;  1 drivers
L_0000000001480748 .functor BUFT 1, C4<001>, C4<0>, C4<0>, C4<0>;
v00000000010fec90_0 .net/2u *"_s72", 2 0, L_0000000001480748;  1 drivers
v00000000010ff870_0 .net *"_s74", 0 0, L_00000000011012e0;  1 drivers
v00000000010fe470_0 .net *"_s76", 0 0, L_00000000010a1510;  1 drivers
L_0000000001480790 .functor BUFT 1, C4<010>, C4<0>, C4<0>, C4<0>;
v00000000010fe650_0 .net/2u *"_s78", 2 0, L_0000000001480790;  1 drivers
L_00000000014803a0 .functor BUFT 1, C4<010>, C4<0>, C4<0>, C4<0>;
v00000000010fe6f0_0 .net/2u *"_s8", 2 0, L_00000000014803a0;  1 drivers
v00000000010fe790_0 .net *"_s80", 0 0, L_0000000001100480;  1 drivers
v00000000010fe8d0_0 .net *"_s82", 0 0, L_00000000010a1d60;  1 drivers
L_00000000014807d8 .functor BUFT 1, C4<011>, C4<0>, C4<0>, C4<0>;
v00000000010febf0_0 .net/2u *"_s84", 2 0, L_00000000014807d8;  1 drivers
v00000000010fe970_0 .net *"_s86", 0 0, L_0000000001101380;  1 drivers
v00000000010fefb0_0 .net "c", 0 0, v0000000001101ec0_0;  1 drivers
v0000000001101100_0 .net "clk", 0 0, v0000000001100700_0;  1 drivers
v0000000001101c40_0 .net "counter", 4 0, v0000000001083020_0;  1 drivers
v0000000001101f60_0 .var "next_state", 2 0;
v0000000001100840_0 .net "rst_n", 0 0, v0000000001100b60_0;  1 drivers
v0000000001100a20_0 .var "state", 2 0;
v0000000001101560_0 .net "tg1", 0 0, L_0000000001100c00;  1 drivers
v0000000001101a60_0 .net "tg2", 0 0, L_0000000001100d40;  1 drivers
v0000000001101420_0 .net "ty", 0 0, L_0000000001101600;  1 drivers
E_00000000010a0ec0/0 .event edge, v0000000001100a20_0, v00000000010830c0_0, v00000000010ff550_0, v00000000010fefb0_0;
E_00000000010a0ec0/1 .event edge, v00000000010ff230_0;
E_00000000010a0ec0 .event/or E_00000000010a0ec0/0, E_00000000010a0ec0/1;
L_0000000001100ca0 .cmp/eq 3, v0000000001100a20_0, L_0000000001480310;
L_00000000011017e0 .cmp/eq 3, v0000000001100a20_0, L_0000000001480358;
L_0000000001101d80 .cmp/eq 3, v0000000001100a20_0, L_00000000014803a0;
L_0000000001100de0 .cmp/eq 3, v0000000001100a20_0, L_00000000014803e8;
L_0000000001101880 .cmp/eq 3, v0000000001100a20_0, L_0000000001480430;
L_00000000011020a0 .cmp/eq 3, v0000000001100a20_0, L_0000000001480478;
L_0000000001100980 .cmp/eq 3, v0000000001100a20_0, L_00000000014804c0;
L_0000000001100e80 .cmp/eq 3, v0000000001100a20_0, L_0000000001480508;
L_00000000011014c0 .cmp/eq 3, v0000000001100a20_0, L_0000000001480550;
L_0000000001100f20 .cmp/eq 3, v0000000001100a20_0, L_0000000001480598;
L_0000000001101060 .cmp/eq 3, v0000000001100a20_0, L_00000000014805e0;
L_0000000001102140 .cmp/eq 3, v0000000001100a20_0, L_0000000001480628;
L_00000000011019c0 .cmp/eq 3, v0000000001100a20_0, L_0000000001480670;
L_00000000011003e0 .cmp/eq 3, v0000000001100a20_0, L_00000000014806b8;
L_0000000001101240 .cmp/eq 3, v0000000001100a20_0, L_0000000001480700;
L_00000000011012e0 .cmp/eq 3, v0000000001100a20_0, L_0000000001480748;
L_0000000001100480 .cmp/eq 3, v0000000001100a20_0, L_0000000001480790;
L_0000000001101380 .cmp/eq 3, v0000000001100a20_0, L_00000000014807d8;
S_0000000001084ee0 .scope module, "C1" "Syncounter" 3 27, 4 2 0, S_0000000001096b10;
 .timescale -9 -11;
    .port_info 0 /INPUT 1 "ST";
    .port_info 1 /INPUT 1 "clk";
    .port_info 2 /INPUT 1 "rst_n";
    .port_info 3 /OUTPUT 1 "t1";
    .port_info 4 /OUTPUT 1 "t2";
    .port_info 5 /OUTPUT 1 "t3";
    .port_info 6 /OUTPUT 5 "counter";
L_00000000010a14a0 .functor AND 1, L_0000000001102000, L_0000000001100fc0, C4<1>, C4<1>;
L_00000000010a1eb0 .functor AND 1, L_00000000011007a0, L_0000000001101ba0, C4<1>, C4<1>;
L_00000000010a1c10 .functor AND 1, L_0000000001101920, L_0000000001101ce0, C4<1>, C4<1>;
v0000000001081cc0_0 .net "ST", 0 0, v00000000010ff690_0;  1 drivers
v00000000010826c0_0 .net *"_s1", 0 0, L_0000000001102000;  1 drivers
L_0000000001480118 .functor BUFT 1, C4<00>, C4<0>, C4<0>, C4<0>;
v0000000001081680_0 .net/2s *"_s10", 1 0, L_0000000001480118;  1 drivers
v00000000010823a0_0 .net *"_s12", 1 0, L_0000000001101740;  1 drivers
v0000000001081e00_0 .net *"_s17", 0 0, L_00000000011007a0;  1 drivers
L_0000000001480160 .functor BUFT 1, C4<01111>, C4<0>, C4<0>, C4<0>;
v0000000001082b20_0 .net/2u *"_s18", 4 0, L_0000000001480160;  1 drivers
L_0000000001480088 .functor BUFT 1, C4<11110>, C4<0>, C4<0>, C4<0>;
v0000000001082620_0 .net/2u *"_s2", 4 0, L_0000000001480088;  1 drivers
v0000000001081a40_0 .net *"_s20", 0 0, L_0000000001101ba0;  1 drivers
v0000000001081ea0_0 .net *"_s22", 0 0, L_00000000010a1eb0;  1 drivers
L_00000000014801a8 .functor BUFT 1, C4<01>, C4<0>, C4<0>, C4<0>;
v0000000001081b80_0 .net/2s *"_s24", 1 0, L_00000000014801a8;  1 drivers
L_00000000014801f0 .functor BUFT 1, C4<00>, C4<0>, C4<0>, C4<0>;
v0000000001082760_0 .net/2s *"_s26", 1 0, L_00000000014801f0;  1 drivers
v0000000001082d00_0 .net *"_s28", 1 0, L_00000000011008e0;  1 drivers
v00000000010828a0_0 .net *"_s33", 0 0, L_0000000001101920;  1 drivers
L_0000000001480238 .functor BUFT 1, C4<00101>, C4<0>, C4<0>, C4<0>;
v0000000001081c20_0 .net/2u *"_s34", 4 0, L_0000000001480238;  1 drivers
v00000000010817c0_0 .net *"_s36", 0 0, L_0000000001101ce0;  1 drivers
v0000000001082300_0 .net *"_s38", 0 0, L_00000000010a1c10;  1 drivers
v0000000001081860_0 .net *"_s4", 0 0, L_0000000001100fc0;  1 drivers
L_0000000001480280 .functor BUFT 1, C4<01>, C4<0>, C4<0>, C4<0>;
v0000000001081900_0 .net/2s *"_s40", 1 0, L_0000000001480280;  1 drivers
L_00000000014802c8 .functor BUFT 1, C4<00>, C4<0>, C4<0>, C4<0>;
v0000000001082940_0 .net/2s *"_s42", 1 0, L_00000000014802c8;  1 drivers
v0000000001081fe0_0 .net *"_s44", 1 0, L_0000000001100340;  1 drivers
v00000000010829e0_0 .net *"_s6", 0 0, L_00000000010a14a0;  1 drivers
L_00000000014800d0 .functor BUFT 1, C4<01>, C4<0>, C4<0>, C4<0>;
v0000000001082e40_0 .net/2s *"_s8", 1 0, L_00000000014800d0;  1 drivers
v00000000010819a0_0 .net "clk", 0 0, v0000000001100700_0;  alias, 1 drivers
v0000000001083020_0 .var "counter", 4 0;
v0000000001082080_0 .net "rst_n", 0 0, v0000000001100b60_0;  alias, 1 drivers
v00000000010830c0_0 .net "t1", 0 0, L_0000000001100c00;  alias, 1 drivers
v00000000010ff230_0 .net "t2", 0 0, L_0000000001100d40;  alias, 1 drivers
v00000000010ff550_0 .net "t3", 0 0, L_0000000001101600;  alias, 1 drivers
E_00000000010a0400/0 .event negedge, v0000000001082080_0;
E_00000000010a0400/1 .event posedge, v00000000010819a0_0;
E_00000000010a0400 .event/or E_00000000010a0400/0, E_00000000010a0400/1;
L_0000000001102000 .reduce/nor v00000000010ff690_0;
L_0000000001100fc0 .cmp/eq 5, v0000000001083020_0, L_0000000001480088;
L_0000000001101740 .functor MUXZ 2, L_0000000001480118, L_00000000014800d0, L_00000000010a14a0, C4<>;
L_0000000001100c00 .part L_0000000001101740, 0, 1;
L_00000000011007a0 .reduce/nor v00000000010ff690_0;
L_0000000001101ba0 .cmp/eq 5, v0000000001083020_0, L_0000000001480160;
L_00000000011008e0 .functor MUXZ 2, L_00000000014801f0, L_00000000014801a8, L_00000000010a1eb0, C4<>;
L_0000000001100d40 .part L_00000000011008e0, 0, 1;
L_0000000001101920 .reduce/nor v00000000010ff690_0;
L_0000000001101ce0 .cmp/eq 5, v0000000001083020_0, L_0000000001480238;
L_0000000001100340 .functor MUXZ 2, L_00000000014802c8, L_0000000001480280, L_00000000010a1c10, C4<>;
L_0000000001101600 .part L_0000000001100340, 0, 1;
    .scope S_0000000001084ee0;
T_0 ;
    %wait E_00000000010a0400;
    %load/vec4 v0000000001082080_0;
    %pad/u 32;
    %cmpi/e 0, 0, 32;
    %jmp/0xz  T_0.0, 4;
    %pushi/vec4 0, 0, 5;
    %assign/vec4 v0000000001083020_0, 0;
    %jmp T_0.1;
T_0.0 ;
    %load/vec4 v0000000001083020_0;
    %addi 1, 0, 5;
    %assign/vec4 v0000000001083020_0, 0;
T_0.1 ;
    %jmp T_0;
    .thread T_0;
    .scope S_0000000001096b10;
T_1 ;
    %wait E_00000000010a0400;
    %load/vec4 v0000000001100840_0;
    %nor/r;
    %flag_set/vec4 8;
    %jmp/0xz  T_1.0, 8;
    %pushi/vec4 0, 0, 3;
    %assign/vec4 v0000000001100a20_0, 0;
    %pushi/vec4 0, 0, 1;
    %assign/vec4 v00000000010ffaf0_0, 0;
    %jmp T_1.1;
T_1.0 ;
    %load/vec4 v0000000001101f60_0;
    %assign/vec4 v0000000001100a20_0, 0;
    %load/vec4 v00000000010ff690_0;
    %assign/vec4 v00000000010ffaf0_0, 0;
T_1.1 ;
    %jmp T_1;
    .thread T_1;
    .scope S_0000000001096b10;
T_2 ;
    %wait E_00000000010a0ec0;
    %load/vec4 v0000000001100a20_0;
    %dup/vec4;
    %pushi/vec4 0, 0, 3;
    %cmp/u;
    %jmp/1 T_2.0, 6;
    %dup/vec4;
    %pushi/vec4 1, 0, 3;
    %cmp/u;
    %jmp/1 T_2.1, 6;
    %dup/vec4;
    %pushi/vec4 2, 0, 3;
    %cmp/u;
    %jmp/1 T_2.2, 6;
    %dup/vec4;
    %pushi/vec4 3, 0, 3;
    %cmp/u;
    %jmp/1 T_2.3, 6;
    %dup/vec4;
    %pushi/vec4 4, 0, 3;
    %cmp/u;
    %jmp/1 T_2.4, 6;
    %dup/vec4;
    %pushi/vec4 5, 0, 3;
    %cmp/u;
    %jmp/1 T_2.5, 6;
    %pushi/vec4 0, 0, 3;
    %store/vec4 v0000000001101f60_0, 0, 3;
    %jmp T_2.7;
T_2.0 ;
    %load/vec4 v0000000001101560_0;
    %flag_set/vec4 8;
    %jmp/0xz  T_2.8, 8;
    %pushi/vec4 1, 0, 3;
    %store/vec4 v0000000001101f60_0, 0, 3;
    %pushi/vec4 1, 0, 1;
    %store/vec4 v00000000010ff690_0, 0, 1;
    %jmp T_2.9;
T_2.8 ;
    %pushi/vec4 0, 0, 3;
    %store/vec4 v0000000001101f60_0, 0, 3;
    %pushi/vec4 0, 0, 1;
    %store/vec4 v00000000010ff690_0, 0, 1;
T_2.9 ;
    %jmp T_2.7;
T_2.1 ;
    %load/vec4 v0000000001101420_0;
    %load/vec4 v00000000010fefb0_0;
    %nor/r;
    %and;
    %flag_set/vec4 8;
    %jmp/0xz  T_2.10, 8;
    %pushi/vec4 2, 0, 3;
    %store/vec4 v0000000001101f60_0, 0, 3;
    %pushi/vec4 1, 0, 1;
    %store/vec4 v00000000010ff690_0, 0, 1;
    %jmp T_2.11;
T_2.10 ;
    %load/vec4 v0000000001101420_0;
    %load/vec4 v00000000010fefb0_0;
    %and;
    %flag_set/vec4 8;
    %jmp/0xz  T_2.12, 8;
    %pushi/vec4 4, 0, 3;
    %store/vec4 v0000000001101f60_0, 0, 3;
    %pushi/vec4 1, 0, 1;
    %store/vec4 v00000000010ff690_0, 0, 1;
    %jmp T_2.13;
T_2.12 ;
    %pushi/vec4 1, 0, 3;
    %store/vec4 v0000000001101f60_0, 0, 3;
    %pushi/vec4 0, 0, 1;
    %store/vec4 v00000000010ff690_0, 0, 1;
T_2.13 ;
T_2.11 ;
    %jmp T_2.7;
T_2.2 ;
    %load/vec4 v0000000001101560_0;
    %flag_set/vec4 8;
    %jmp/0xz  T_2.14, 8;
    %pushi/vec4 3, 0, 3;
    %store/vec4 v0000000001101f60_0, 0, 3;
    %pushi/vec4 1, 0, 1;
    %store/vec4 v00000000010ff690_0, 0, 1;
    %jmp T_2.15;
T_2.14 ;
    %pushi/vec4 2, 0, 3;
    %store/vec4 v0000000001101f60_0, 0, 3;
    %pushi/vec4 0, 0, 1;
    %store/vec4 v00000000010ff690_0, 0, 1;
T_2.15 ;
    %jmp T_2.7;
T_2.3 ;
    %load/vec4 v0000000001101420_0;
    %load/vec4 v00000000010fefb0_0;
    %nor/r;
    %and;
    %flag_set/vec4 8;
    %jmp/0xz  T_2.16, 8;
    %pushi/vec4 0, 0, 3;
    %store/vec4 v0000000001101f60_0, 0, 3;
    %pushi/vec4 1, 0, 1;
    %store/vec4 v00000000010ff690_0, 0, 1;
    %jmp T_2.17;
T_2.16 ;
    %load/vec4 v0000000001101420_0;
    %load/vec4 v00000000010fefb0_0;
    %and;
    %flag_set/vec4 8;
    %jmp/0xz  T_2.18, 8;
    %pushi/vec4 4, 0, 3;
    %store/vec4 v0000000001101f60_0, 0, 3;
    %pushi/vec4 1, 0, 1;
    %store/vec4 v00000000010ff690_0, 0, 1;
    %jmp T_2.19;
T_2.18 ;
    %pushi/vec4 3, 0, 3;
    %store/vec4 v0000000001101f60_0, 0, 3;
    %pushi/vec4 0, 0, 1;
    %store/vec4 v00000000010ff690_0, 0, 1;
T_2.19 ;
T_2.17 ;
    %jmp T_2.7;
T_2.4 ;
    %load/vec4 v0000000001101a60_0;
    %load/vec4 v00000000010fefb0_0;
    %nor/r;
    %or;
    %flag_set/vec4 8;
    %jmp/0xz  T_2.20, 8;
    %pushi/vec4 5, 0, 3;
    %store/vec4 v0000000001101f60_0, 0, 3;
    %pushi/vec4 1, 0, 1;
    %store/vec4 v00000000010ff690_0, 0, 1;
    %jmp T_2.21;
T_2.20 ;
    %pushi/vec4 4, 0, 3;
    %store/vec4 v0000000001101f60_0, 0, 3;
    %pushi/vec4 0, 0, 1;
    %store/vec4 v00000000010ff690_0, 0, 1;
T_2.21 ;
    %jmp T_2.7;
T_2.5 ;
    %load/vec4 v0000000001101420_0;
    %flag_set/vec4 8;
    %jmp/0xz  T_2.22, 8;
    %pushi/vec4 0, 0, 3;
    %store/vec4 v0000000001101f60_0, 0, 3;
    %pushi/vec4 1, 0, 1;
    %store/vec4 v00000000010ff690_0, 0, 1;
    %jmp T_2.23;
T_2.22 ;
    %pushi/vec4 5, 0, 3;
    %store/vec4 v0000000001101f60_0, 0, 3;
    %pushi/vec4 0, 0, 1;
    %store/vec4 v00000000010ff690_0, 0, 1;
T_2.23 ;
    %jmp T_2.7;
T_2.7 ;
    %pop/vec4 1;
    %jmp T_2;
    .thread T_2, $push;
    .scope S_0000000001089070;
T_3 ;
    %delay 500, 0;
    %load/vec4 v0000000001100700_0;
    %inv;
    %store/vec4 v0000000001100700_0, 0, 1;
    %jmp T_3;
    .thread T_3;
    .scope S_0000000001089070;
T_4 ;
    %pushi/vec4 0, 0, 1;
    %store/vec4 v0000000001100700_0, 0, 1;
    %pushi/vec4 0, 0, 1;
    %store/vec4 v0000000001100b60_0, 0, 1;
    %pushi/vec4 0, 0, 1;
    %store/vec4 v0000000001101ec0_0, 0, 1;
    %delay 1000, 0;
    %pushi/vec4 1, 0, 1;
    %store/vec4 v0000000001100b60_0, 0, 1;
    %delay 100000, 0;
    %pushi/vec4 1, 0, 1;
    %store/vec4 v0000000001101ec0_0, 0, 1;
    %delay 20000, 0;
    %pushi/vec4 0, 0, 1;
    %store/vec4 v0000000001101ec0_0, 0, 1;
    %delay 100000, 0;
    %pushi/vec4 1, 0, 1;
    %store/vec4 v0000000001101ec0_0, 0, 1;
    %delay 10000, 0;
    %vpi_call 2 42 "$finish" {0 0 0};
    %end;
    .thread T_4;
    .scope S_0000000001089070;
T_5 ;
    %vpi_call 2 51 "$dumpfile", "FSM.vcd" {0 0 0};
    %vpi_call 2 52 "$dumpvars" {0 0 0};
    %delay 300000, 0;
    %vpi_call 2 53 "$finish" {0 0 0};
    %end;
    .thread T_5;
# The file index is used to find the file name in the following table.
:file_names 5;
    "N/A";
    "<interactive>";
    "testbench.v";
    "././traffic_light.v";
    "././counter.v";
