#! /usr/bin/vvp
:ivl_version "10.1 (stable)";
:ivl_delay_selection "TYPICAL";
:vpi_time_precision + 0;
:vpi_module "system";
:vpi_module "vhdl_sys";
:vpi_module "v2005_math";
:vpi_module "va_math";
S_0x7fffb974ad80 .scope module, "pipeline_control" "pipeline_control" 2 1;
 .timescale 0 0;
P_0x7fffb974af00 .param/l "ADDRSIZE" 0 2 6, +C4<00000000000000000000000000001100>;
P_0x7fffb974af40 .param/l "CYCLE" 0 2 3, +C4<00000000000000000000000000001010>;
P_0x7fffb974af80 .param/l "HALFCYCLE" 0 2 4, +C4<00000000000000000000000000000101>;
P_0x7fffb974afc0 .param/l "MAXREGS" 0 2 8, +C4<00000000000000000000000000010000>;
P_0x7fffb974b000 .param/l "MEMSIZE" 0 2 7, +C4<00000000000000000000000000000001000000000000>;
P_0x7fffb974b040 .param/l "QDEPTH" 0 2 10, +C4<00000000000000000000000000000011>;
P_0x7fffb974b080 .param/l "SBITS" 0 2 9, +C4<00000000000000000000000000000101>;
P_0x7fffb974b0c0 .param/l "WIDTH" 0 2 5, +C4<00000000000000000000000000100000>;
v0x7fffb976d720 .array "IR_Queue", 2 0, 31 0;
v0x7fffb976d800 .array "MEM", 4095 0, 31 0;
v0x7fffb976d8c0 .array "RFILE", 15 0, 31 0;
v0x7fffb976d990_0 .net *"_s0", 31 0, L_0x7fffb976f0c0;  1 drivers
L_0x7f17ba850018 .functor BUFT 1, C4<00000000000000000000000000000>, C4<0>, C4<0>, C4<0>;
v0x7fffb976da70_0 .net *"_s3", 28 0, L_0x7f17ba850018;  1 drivers
L_0x7f17ba850060 .functor BUFT 1, C4<00000000000000000000000000000011>, C4<0>, C4<0>, C4<0>;
v0x7fffb976dba0_0 .net/2u *"_s4", 31 0, L_0x7f17ba850060;  1 drivers
v0x7fffb976dc80_0 .var "branch_taken", 0 0;
v0x7fffb976dd40_0 .var "bypass1", 0 0;
v0x7fffb976de00_0 .var "bypass2", 0 0;
v0x7fffb976dec0_0 .var "clock", 0 0;
v0x7fffb976df80_0 .var "debug", 0 0;
v0x7fffb976e040_0 .var "dir", 0 0;
v0x7fffb976e100_0 .var "eptr", 2 0;
v0x7fffb976e1e0_0 .var "executed", 0 0;
v0x7fffb976e2a0_0 .var "fetched", 0 0;
v0x7fffb976e360_0 .var "fptr", 2 0;
v0x7fffb976e440_0 .var "halt_found", 0 0;
v0x7fffb976e500_0 .var/i "i", 31 0;
v0x7fffb976e5e0_0 .var "ir", 31 0;
v0x7fffb976e6c0_0 .var "mem_access", 0 0;
v0x7fffb976e780_0 .var "pc", 11 0;
v0x7fffb976e860_0 .var "psr", 4 0;
v0x7fffb976e940_0 .var "qsize", 2 0;
v0x7fffb976ea20_0 .net "queue_full", 0 0, L_0x7fffb977f220;  1 drivers
v0x7fffb976eae0_0 .var "reset", 0 0;
v0x7fffb976eba0_0 .var "result", 32 0;
v0x7fffb976ec80_0 .var "result_ready", 0 0;
v0x7fffb976ed40_0 .var "src1", 31 0;
v0x7fffb976ee20_0 .var "src2", 31 0;
v0x7fffb976ef00_0 .var "wir", 31 0;
v0x7fffb976efe0_0 .var "wresult", 32 0;
E_0x7fffb9708a10 .event negedge, v0x7fffb976dec0_0;
E_0x7fffb9707460 .event posedge, v0x7fffb976dec0_0;
E_0x7fffb9705f40 .event "do_write_results";
E_0x7fffb974a0d0 .event "do_fetch";
E_0x7fffb974a420 .event "do_execute";
L_0x7fffb976f0c0 .concat [ 3 29 0 0], v0x7fffb976e940_0, L_0x7f17ba850018;
L_0x7fffb977f220 .cmp/eq 32, L_0x7fffb976f0c0, L_0x7f17ba850060;
S_0x7fffb974b2f0 .scope task, "apply_reset" "apply_reset" 2 293, 2 293 0, S_0x7fffb974ad80;
 .timescale 0 0;
TD_pipeline_control.apply_reset ;
    %pushi/vec4 1, 0, 33;
    %store/vec4 v0x7fffb976eba0_0, 0, 33;
    %delay 2, 0;
    %pushi/vec4 0, 0, 1;
    %store/vec4 v0x7fffb976eae0_0, 0, 1;
    %pushi/vec4 0, 0, 12;
    %store/vec4 v0x7fffb976e780_0, 0, 12;
    %pushi/vec4 0, 0, 1;
    %store/vec4 v0x7fffb976e6c0_0, 0, 1;
    %pushi/vec4 0, 0, 3;
    %store/vec4 v0x7fffb976e940_0, 0, 3;
    %pushi/vec4 0, 0, 3;
    %store/vec4 v0x7fffb976e360_0, 0, 3;
    %pushi/vec4 0, 0, 3;
    %store/vec4 v0x7fffb976e100_0, 0, 3;
    %pushi/vec4 0, 0, 1;
    %store/vec4 v0x7fffb976dc80_0, 0, 1;
    %end;
S_0x7fffb974b4c0 .scope begin, "asm_load" "asm_load" 2 343, 2 343 0, S_0x7fffb974ad80;
 .timescale 0 0;
S_0x7fffb974b690 .scope function, "checkcond" "checkcond" 2 120, 2 120 0, S_0x7fffb974ad80;
 .timescale 0 0;
v0x7fffb974b860_0 .var "ccode", 4 0;
v0x7fffb976b020_0 .var "checkcond", 0 0;
TD_pipeline_control.checkcond ;
    %load/vec4 v0x7fffb974b860_0;
    %dup/vec4;
    %pushi/vec4 1, 0, 5;
    %cmp/u;
    %jmp/1 T_1.0, 6;
    %dup/vec4;
    %pushi/vec4 2, 0, 5;
    %cmp/u;
    %jmp/1 T_1.1, 6;
    %dup/vec4;
    %pushi/vec4 3, 0, 5;
    %cmp/u;
    %jmp/1 T_1.2, 6;
    %dup/vec4;
    %pushi/vec4 4, 0, 5;
    %cmp/u;
    %jmp/1 T_1.3, 6;
    %dup/vec4;
    %pushi/vec4 5, 0, 5;
    %cmp/u;
    %jmp/1 T_1.4, 6;
    %dup/vec4;
    %pushi/vec4 0, 0, 5;
    %cmp/u;
    %jmp/1 T_1.5, 6;
    %jmp T_1.6;
T_1.0 ;
    %load/vec4 v0x7fffb976e860_0;
    %parti/s 1, 0, 2;
    %store/vec4 v0x7fffb976b020_0, 0, 1;
    %jmp T_1.6;
T_1.1 ;
    %load/vec4 v0x7fffb976e860_0;
    %parti/s 1, 1, 2;
    %store/vec4 v0x7fffb976b020_0, 0, 1;
    %jmp T_1.6;
T_1.2 ;
    %load/vec4 v0x7fffb976e860_0;
    %parti/s 1, 2, 3;
    %store/vec4 v0x7fffb976b020_0, 0, 1;
    %jmp T_1.6;
T_1.3 ;
    %load/vec4 v0x7fffb976e860_0;
    %parti/s 1, 3, 3;
    %store/vec4 v0x7fffb976b020_0, 0, 1;
    %jmp T_1.6;
T_1.4 ;
    %load/vec4 v0x7fffb976e860_0;
    %parti/s 1, 4, 4;
    %store/vec4 v0x7fffb976b020_0, 0, 1;
    %jmp T_1.6;
T_1.5 ;
    %pushi/vec4 1, 0, 1;
    %store/vec4 v0x7fffb976b020_0, 0, 1;
    %jmp T_1.6;
T_1.6 ;
    %pop/vec4 1;
    %end;
S_0x7fffb976b0e0 .scope task, "clearcondcode" "clearcondcode" 2 134, 2 134 0, S_0x7fffb974ad80;
 .timescale 0 0;
TD_pipeline_control.clearcondcode ;
    %pushi/vec4 0, 0, 5;
    %store/vec4 v0x7fffb976e860_0, 0, 5;
    %end;
S_0x7fffb976b2b0 .scope task, "copy_results" "copy_results" 2 282, 2 282 0, S_0x7fffb974ad80;
 .timescale 0 0;
TD_pipeline_control.copy_results ;
    %pushi/vec4 4, 0, 4;
    %load/vec4 v0x7fffb976e5e0_0;
    %parti/s 4, 28, 6;
    %cmp/u;
    %flag_get/vec4 4;
    %flag_get/vec4 5;
    %or;
    %load/vec4 v0x7fffb976e5e0_0;
    %parti/s 4, 28, 6;
    %cmpi/u 9, 0, 4;
    %flag_get/vec4 5;
    %and;
    %flag_set/vec4 8;
    %jmp/0xz  T_3.7, 8;
    %load/vec4 v0x7fffb976eba0_0;
    %store/vec4 v0x7fffb976d0b0_0, 0, 33;
    %fork TD_pipeline_control.setcondcode, S_0x7fffb976cee0;
    %join;
    %load/vec4 v0x7fffb976eba0_0;
    %store/vec4 v0x7fffb976efe0_0, 0, 33;
    %load/vec4 v0x7fffb976e5e0_0;
    %store/vec4 v0x7fffb976ef00_0, 0, 32;
    %pushi/vec4 1, 0, 1;
    %store/vec4 v0x7fffb976ec80_0, 0, 1;
T_3.7 ;
    %end;
S_0x7fffb976b4d0 .scope task, "disprm" "disprm" 2 306, 2 306 0, S_0x7fffb974ad80;
 .timescale 0 0;
v0x7fffb976b6a0_0 .var "adr1", 11 0;
v0x7fffb976b7a0_0 .var "adr2", 11 0;
v0x7fffb976b880_0 .var "rm", 0 0;
TD_pipeline_control.disprm ;
    %load/vec4 v0x7fffb976b880_0;
    %pad/u 32;
    %cmpi/e 0, 0, 32;
    %jmp/0xz  T_4.9, 4;
T_4.11 ;
    %load/vec4 v0x7fffb976b6a0_0;
    %load/vec4 v0x7fffb976b7a0_0;
    %cmp/u;
    %flag_or 5, 4;
    %jmp/0xz T_4.12, 5;
    %load/vec4 v0x7fffb976b6a0_0;
    %addi 1, 0, 12;
    %store/vec4 v0x7fffb976b6a0_0, 0, 12;
    %jmp T_4.11;
T_4.12 ;
    %jmp T_4.10;
T_4.9 ;
T_4.13 ;
    %load/vec4 v0x7fffb976b6a0_0;
    %load/vec4 v0x7fffb976b7a0_0;
    %cmp/u;
    %flag_or 5, 4;
    %jmp/0xz T_4.14, 5;
    %load/vec4 v0x7fffb976b6a0_0;
    %addi 1, 0, 12;
    %store/vec4 v0x7fffb976b6a0_0, 0, 12;
    %jmp T_4.13;
T_4.14 ;
T_4.10 ;
    %end;
S_0x7fffb976b950 .scope task, "execute" "execute" 2 159, 2 159 0, S_0x7fffb974ad80;
 .timescale 0 0;
TD_pipeline_control.execute ;
    %load/vec4 v0x7fffb976e6c0_0;
    %nor/r;
    %flag_set/vec4 8;
    %jmp/0xz  T_5.15, 8;
    %load/vec4 v0x7fffb976e100_0;
    %pad/u 4;
    %ix/vec4 4;
    %load/vec4a v0x7fffb976d720, 4;
    %store/vec4 v0x7fffb976e5e0_0, 0, 32;
T_5.15 ;
    %load/vec4 v0x7fffb976e5e0_0;
    %parti/s 4, 28, 6;
    %dup/vec4;
    %pushi/vec4 0, 0, 4;
    %cmp/u;
    %jmp/1 T_5.17, 6;
    %dup/vec4;
    %pushi/vec4 1, 0, 4;
    %cmp/u;
    %jmp/1 T_5.18, 6;
    %dup/vec4;
    %pushi/vec4 2, 0, 4;
    %cmp/u;
    %jmp/1 T_5.19, 6;
    %dup/vec4;
    %pushi/vec4 3, 0, 4;
    %cmp/u;
    %jmp/1 T_5.20, 6;
    %dup/vec4;
    %pushi/vec4 4, 0, 4;
    %cmp/u;
    %jmp/1 T_5.21, 6;
    %dup/vec4;
    %pushi/vec4 5, 0, 4;
    %cmp/u;
    %jmp/1 T_5.22, 6;
    %dup/vec4;
    %pushi/vec4 6, 0, 4;
    %cmp/u;
    %jmp/1 T_5.23, 6;
    %dup/vec4;
    %pushi/vec4 7, 0, 4;
    %cmp/u;
    %jmp/1 T_5.24, 6;
    %dup/vec4;
    %pushi/vec4 8, 0, 4;
    %cmp/u;
    %jmp/1 T_5.25, 6;
    %dup/vec4;
    %pushi/vec4 9, 0, 4;
    %cmp/u;
    %jmp/1 T_5.26, 6;
    %vpi_call 2 257 "$display", "Error: Wrong Opcode in instruction." {0 0 0};
    %jmp T_5.28;
T_5.17 ;
    %load/vec4 v0x7fffb976df80_0;
    %flag_set/vec4 8;
    %jmp/0xz  T_5.29, 8;
    %vpi_call 2 164 "$display", "Nop..." {0 0 0};
T_5.29 ;
    %jmp T_5.28;
T_5.18 ;
    %load/vec4 v0x7fffb976df80_0;
    %flag_set/vec4 8;
    %jmp/0xz  T_5.31, 8;
    %vpi_call 2 167 "$write", "Branch..." {0 0 0};
T_5.31 ;
    %load/vec4 v0x7fffb976e5e0_0;
    %parti/s 4, 24, 6;
    %pad/u 5;
    %store/vec4 v0x7fffb974b860_0, 0, 5;
    %fork TD_pipeline_control.checkcond, S_0x7fffb974b690;
    %join;
    %load/vec4  v0x7fffb976b020_0;
    %pad/u 32;
    %cmpi/e 1, 0, 32;
    %jmp/0xz  T_5.33, 4;
    %load/vec4 v0x7fffb976e5e0_0;
    %parti/s 12, 0, 2;
    %store/vec4 v0x7fffb976e780_0, 0, 12;
    %pushi/vec4 1, 0, 1;
    %store/vec4 v0x7fffb976dc80_0, 0, 1;
T_5.33 ;
    %jmp T_5.28;
T_5.19 ;
    %load/vec4 v0x7fffb976e6c0_0;
    %pad/u 32;
    %cmpi/e 0, 0, 32;
    %jmp/0xz  T_5.35, 4;
    %pushi/vec4 1, 0, 1;
    %store/vec4 v0x7fffb976e6c0_0, 0, 1;
    %jmp T_5.36;
T_5.35 ;
    %load/vec4 v0x7fffb976df80_0;
    %flag_set/vec4 8;
    %jmp/0xz  T_5.37, 8;
    %vpi_call 2 178 "$display", "load..." {0 0 0};
T_5.37 ;
    %fork TD_pipeline_control.clearcondcode, S_0x7fffb976b0e0;
    %join;
    %load/vec4 v0x7fffb976e5e0_0;
    %parti/s 1, 27, 6;
    %flag_set/vec4 8;
    %jmp/0xz  T_5.39, 8;
    %load/vec4 v0x7fffb976e5e0_0;
    %parti/s 12, 12, 5;
    %pad/u 32;
    %load/vec4 v0x7fffb976e5e0_0;
    %parti/s 12, 0, 2;
    %ix/vec4 4;
    %store/vec4a v0x7fffb976d8c0, 4, 0;
    %jmp T_5.40;
T_5.39 ;
    %load/vec4 v0x7fffb976e5e0_0;
    %parti/s 12, 12, 5;
    %pad/u 14;
    %ix/vec4 4;
    %load/vec4a v0x7fffb976d800, 4;
    %load/vec4 v0x7fffb976e5e0_0;
    %parti/s 12, 0, 2;
    %ix/vec4 4;
    %store/vec4a v0x7fffb976d8c0, 4, 0;
T_5.40 ;
    %pushi/vec4 0, 0, 1;
    %load/vec4 v0x7fffb976e5e0_0;
    %parti/s 12, 0, 2;
    %ix/vec4 4;
    %load/vec4a v0x7fffb976d8c0, 4;
    %concat/vec4; draw_concat_vec4
    %store/vec4 v0x7fffb976d0b0_0, 0, 33;
    %fork TD_pipeline_control.setcondcode, S_0x7fffb976cee0;
    %join;
    %pushi/vec4 0, 0, 1;
    %store/vec4 v0x7fffb976e6c0_0, 0, 1;
T_5.36 ;
    %jmp T_5.28;
T_5.20 ;
    %load/vec4 v0x7fffb976e6c0_0;
    %pad/u 32;
    %cmpi/e 0, 0, 32;
    %jmp/0xz  T_5.41, 4;
    %pushi/vec4 1, 0, 1;
    %store/vec4 v0x7fffb976e6c0_0, 0, 1;
    %jmp T_5.42;
T_5.41 ;
    %load/vec4 v0x7fffb976df80_0;
    %flag_set/vec4 8;
    %jmp/0xz  T_5.43, 8;
    %vpi_call 2 191 "$display", "Store..." {0 0 0};
T_5.43 ;
    %fork TD_pipeline_control.clearcondcode, S_0x7fffb976b0e0;
    %join;
    %load/vec4 v0x7fffb976e5e0_0;
    %parti/s 1, 27, 6;
    %flag_set/vec4 8;
    %jmp/0xz  T_5.45, 8;
    %load/vec4 v0x7fffb976e5e0_0;
    %parti/s 12, 12, 5;
    %pad/u 32;
    %load/vec4 v0x7fffb976e5e0_0;
    %parti/s 12, 0, 2;
    %pad/u 14;
    %ix/vec4 4;
    %store/vec4a v0x7fffb976d800, 4, 0;
    %jmp T_5.46;
T_5.45 ;
    %load/vec4 v0x7fffb976e5e0_0;
    %parti/s 12, 12, 5;
    %ix/vec4 4;
    %load/vec4a v0x7fffb976d8c0, 4;
    %load/vec4 v0x7fffb976e5e0_0;
    %parti/s 12, 0, 2;
    %pad/u 14;
    %ix/vec4 4;
    %store/vec4a v0x7fffb976d800, 4, 0;
T_5.46 ;
    %pushi/vec4 0, 0, 1;
    %store/vec4 v0x7fffb976e6c0_0, 0, 1;
T_5.42 ;
    %jmp T_5.28;
T_5.21 ;
    %fork TD_pipeline_control.clearcondcode, S_0x7fffb976b0e0;
    %join;
    %load/vec4 v0x7fffb976e5e0_0;
    %store/vec4 v0x7fffb976c890_0, 0, 32;
    %fork TD_pipeline_control.getsrc, S_0x7fffb976c5c0;
    %join;
    %load/vec4  v0x7fffb976c790_0;
    %store/vec4 v0x7fffb976ed40_0, 0, 32;
    %load/vec4 v0x7fffb976e5e0_0;
    %store/vec4 v0x7fffb976c4e0_0, 0, 32;
    %fork TD_pipeline_control.getdst, S_0x7fffb976c210;
    %join;
    %load/vec4  v0x7fffb976c3e0_0;
    %store/vec4 v0x7fffb976ee20_0, 0, 32;
    %load/vec4 v0x7fffb976ed40_0;
    %pad/u 33;
    %load/vec4 v0x7fffb976ee20_0;
    %pad/u 33;
    %add;
    %store/vec4 v0x7fffb976eba0_0, 0, 33;
    %load/vec4 v0x7fffb976eba0_0;
    %store/vec4 v0x7fffb976d0b0_0, 0, 33;
    %fork TD_pipeline_control.setcondcode, S_0x7fffb976cee0;
    %join;
    %jmp T_5.28;
T_5.22 ;
    %fork TD_pipeline_control.clearcondcode, S_0x7fffb976b0e0;
    %join;
    %load/vec4 v0x7fffb976e5e0_0;
    %store/vec4 v0x7fffb976c890_0, 0, 32;
    %fork TD_pipeline_control.getsrc, S_0x7fffb976c5c0;
    %join;
    %load/vec4  v0x7fffb976c790_0;
    %store/vec4 v0x7fffb976ed40_0, 0, 32;
    %load/vec4 v0x7fffb976e5e0_0;
    %store/vec4 v0x7fffb976c4e0_0, 0, 32;
    %fork TD_pipeline_control.getdst, S_0x7fffb976c210;
    %join;
    %load/vec4  v0x7fffb976c3e0_0;
    %store/vec4 v0x7fffb976ee20_0, 0, 32;
    %load/vec4 v0x7fffb976ed40_0;
    %pad/u 33;
    %load/vec4 v0x7fffb976ee20_0;
    %pad/u 33;
    %mul;
    %store/vec4 v0x7fffb976eba0_0, 0, 33;
    %load/vec4 v0x7fffb976eba0_0;
    %store/vec4 v0x7fffb976d0b0_0, 0, 33;
    %fork TD_pipeline_control.setcondcode, S_0x7fffb976cee0;
    %join;
    %jmp T_5.28;
T_5.23 ;
    %fork TD_pipeline_control.clearcondcode, S_0x7fffb976b0e0;
    %join;
    %load/vec4 v0x7fffb976e5e0_0;
    %store/vec4 v0x7fffb976c890_0, 0, 32;
    %fork TD_pipeline_control.getsrc, S_0x7fffb976c5c0;
    %join;
    %load/vec4  v0x7fffb976c790_0;
    %store/vec4 v0x7fffb976ed40_0, 0, 32;
    %load/vec4 v0x7fffb976ed40_0;
    %pad/u 33;
    %inv;
    %store/vec4 v0x7fffb976eba0_0, 0, 33;
    %load/vec4 v0x7fffb976eba0_0;
    %store/vec4 v0x7fffb976d0b0_0, 0, 33;
    %fork TD_pipeline_control.setcondcode, S_0x7fffb976cee0;
    %join;
    %jmp T_5.28;
T_5.24 ;
    %fork TD_pipeline_control.clearcondcode, S_0x7fffb976b0e0;
    %join;
    %load/vec4 v0x7fffb976e5e0_0;
    %store/vec4 v0x7fffb976c890_0, 0, 32;
    %fork TD_pipeline_control.getsrc, S_0x7fffb976c5c0;
    %join;
    %load/vec4  v0x7fffb976c790_0;
    %store/vec4 v0x7fffb976ed40_0, 0, 32;
    %load/vec4 v0x7fffb976e5e0_0;
    %store/vec4 v0x7fffb976c4e0_0, 0, 32;
    %fork TD_pipeline_control.getdst, S_0x7fffb976c210;
    %join;
    %load/vec4  v0x7fffb976c3e0_0;
    %store/vec4 v0x7fffb976ee20_0, 0, 32;
    %load/vec4 v0x7fffb976ed40_0;
    %parti/s 12, 0, 2;
    %pad/u 32;
    %store/vec4 v0x7fffb976e500_0, 0, 32;
    %pushi/vec4 0, 0, 32;
    %load/vec4 v0x7fffb976e500_0;
    %cmp/s;
    %flag_or 5, 4;
    %flag_mov 8, 5;
    %jmp/0 T_5.47, 8;
    %load/vec4 v0x7fffb976ee20_0;
    %pad/u 33;
    %load/vec4 v0x7fffb976e500_0;
    %ix/vec4 4;
    %shiftr 4;
    %jmp/1 T_5.48, 8;
T_5.47 ; End of true expr.
    %load/vec4 v0x7fffb976ee20_0;
    %pad/u 33;
    %load/vec4 v0x7fffb976e500_0;
    %inv;
    %pushi/vec4 1, 0, 32;
    %add;
    %ix/vec4 4;
    %shiftl 4;
    %jmp/0 T_5.48, 8;
 ; End of false expr.
    %blend;
T_5.48;
    %store/vec4 v0x7fffb976eba0_0, 0, 33;
    %load/vec4 v0x7fffb976eba0_0;
    %store/vec4 v0x7fffb976d0b0_0, 0, 33;
    %fork TD_pipeline_control.setcondcode, S_0x7fffb976cee0;
    %join;
    %jmp T_5.28;
T_5.25 ;
    %fork TD_pipeline_control.clearcondcode, S_0x7fffb976b0e0;
    %join;
    %load/vec4 v0x7fffb976e5e0_0;
    %store/vec4 v0x7fffb976c890_0, 0, 32;
    %fork TD_pipeline_control.getsrc, S_0x7fffb976c5c0;
    %join;
    %load/vec4  v0x7fffb976c790_0;
    %store/vec4 v0x7fffb976ed40_0, 0, 32;
    %load/vec4 v0x7fffb976e5e0_0;
    %store/vec4 v0x7fffb976c4e0_0, 0, 32;
    %fork TD_pipeline_control.getdst, S_0x7fffb976c210;
    %join;
    %load/vec4  v0x7fffb976c3e0_0;
    %store/vec4 v0x7fffb976ee20_0, 0, 32;
    %pushi/vec4 0, 0, 32;
    %load/vec4 v0x7fffb976ed40_0;
    %parti/s 1, 11, 5;
    %pad/u 32;
    %cmp/u;
    %flag_or 5, 4;
    %flag_mov 8, 5;
    %jmp/0 T_5.49, 8;
    %pushi/vec4 0, 0, 2;
    %jmp/1 T_5.50, 8;
T_5.49 ; End of true expr.
    %pushi/vec4 1, 0, 2;
    %jmp/0 T_5.50, 8;
 ; End of false expr.
    %blend;
T_5.50;
    %pad/s 1;
    %store/vec4 v0x7fffb976e040_0, 0, 1;
    %pushi/vec4 0, 0, 32;
    %load/vec4 v0x7fffb976ed40_0;
    %parti/s 1, 11, 5;
    %pad/u 32;
    %cmp/u;
    %flag_or 5, 4;
    %flag_mov 8, 5;
    %jmp/0 T_5.51, 8;
    %load/vec4 v0x7fffb976ed40_0;
    %jmp/1 T_5.52, 8;
T_5.51 ; End of true expr.
    %load/vec4 v0x7fffb976ed40_0;
    %parti/s 12, 0, 2;
    %pad/u 32;
    %inv;
    %pushi/vec4 1, 0, 32;
    %add;
    %jmp/0 T_5.52, 8;
 ; End of false expr.
    %blend;
T_5.52;
    %store/vec4 v0x7fffb976e500_0, 0, 32;
T_5.53 ;
    %pushi/vec4 0, 0, 32;
    %load/vec4 v0x7fffb976e500_0;
    %cmp/s;
    %jmp/0xz T_5.54, 5;
    %load/vec4 v0x7fffb976e040_0;
    %pad/u 32;
    %cmpi/e 0, 0, 32;
    %jmp/0xz  T_5.55, 4;
    %load/vec4 v0x7fffb976ee20_0;
    %pad/u 33;
    %ix/load 4, 1, 0;
    %flag_set/imm 4, 0;
    %shiftr 4;
    %store/vec4 v0x7fffb976eba0_0, 0, 33;
    %load/vec4 v0x7fffb976ee20_0;
    %parti/s 1, 0, 2;
    %ix/load 4, 31, 0;
    %flag_set/imm 4, 0;
    %store/vec4 v0x7fffb976eba0_0, 4, 1;
    %jmp T_5.56;
T_5.55 ;
    %load/vec4 v0x7fffb976ee20_0;
    %pad/u 33;
    %ix/load 4, 1, 0;
    %flag_set/imm 4, 0;
    %shiftl 4;
    %store/vec4 v0x7fffb976eba0_0, 0, 33;
    %load/vec4 v0x7fffb976ee20_0;
    %parti/s 1, 31, 6;
    %ix/load 4, 0, 0;
    %flag_set/imm 4, 0;
    %store/vec4 v0x7fffb976eba0_0, 4, 1;
T_5.56 ;
    %load/vec4 v0x7fffb976e500_0;
    %subi 1, 0, 32;
    %store/vec4 v0x7fffb976e500_0, 0, 32;
    %load/vec4 v0x7fffb976eba0_0;
    %pad/u 32;
    %store/vec4 v0x7fffb976ee20_0, 0, 32;
    %jmp T_5.53;
T_5.54 ;
    %load/vec4 v0x7fffb976eba0_0;
    %store/vec4 v0x7fffb976d0b0_0, 0, 33;
    %fork TD_pipeline_control.setcondcode, S_0x7fffb976cee0;
    %join;
    %jmp T_5.28;
T_5.26 ;
    %vpi_call 2 254 "$display", "Halt..." {0 0 0};
    %pushi/vec4 1, 0, 1;
    %store/vec4 v0x7fffb976e440_0, 0, 1;
    %jmp T_5.28;
T_5.28 ;
    %pop/vec4 1;
    %load/vec4 v0x7fffb976e6c0_0;
    %nor/r;
    %flag_set/vec4 8;
    %jmp/0xz  T_5.57, 8;
    %pushi/vec4 1, 0, 1;
    %store/vec4 v0x7fffb976e1e0_0, 0, 1;
T_5.57 ;
    %end;
S_0x7fffb976bb20 .scope begin, "execute_block" "execute_block" 2 371, 2 371 0, S_0x7fffb974ad80;
 .timescale 0 0;
S_0x7fffb976bcf0 .scope task, "fetch" "fetch" 2 152, 2 152 0, S_0x7fffb974ad80;
 .timescale 0 0;
TD_pipeline_control.fetch ;
    %load/vec4 v0x7fffb976e780_0;
    %pad/u 14;
    %ix/vec4 4;
    %load/vec4a v0x7fffb976d800, 4;
    %load/vec4 v0x7fffb976e360_0;
    %pad/u 4;
    %ix/vec4 4;
    %store/vec4a v0x7fffb976d720, 4, 0;
    %pushi/vec4 1, 0, 1;
    %store/vec4 v0x7fffb976e2a0_0, 0, 1;
    %end;
S_0x7fffb976bec0 .scope begin, "fetch_block" "fetch_block" 2 367, 2 367 0, S_0x7fffb974ad80;
 .timescale 0 0;
S_0x7fffb976c040 .scope task, "flush_queue" "flush_queue" 2 273, 2 273 0, S_0x7fffb974ad80;
 .timescale 0 0;
TD_pipeline_control.flush_queue ;
    %pushi/vec4 0, 0, 3;
    %store/vec4 v0x7fffb976e360_0, 0, 3;
    %pushi/vec4 0, 0, 3;
    %store/vec4 v0x7fffb976e100_0, 0, 3;
    %pushi/vec4 0, 0, 3;
    %store/vec4 v0x7fffb976e940_0, 0, 3;
    %pushi/vec4 0, 0, 1;
    %store/vec4 v0x7fffb976dc80_0, 0, 1;
    %end;
S_0x7fffb976c210 .scope function, "getdst" "getdst" 2 108, 2 108 0, S_0x7fffb974ad80;
 .timescale 0 0;
v0x7fffb976c3e0_0 .var "getdst", 31 0;
v0x7fffb976c4e0_0 .var "in", 31 0;
TD_pipeline_control.getdst ;
    %load/vec4 v0x7fffb976de00_0;
    %flag_set/vec4 8;
    %jmp/0xz  T_8.59, 8;
    %load/vec4 v0x7fffb976eba0_0;
    %pad/u 32;
    %store/vec4 v0x7fffb976c3e0_0, 0, 32;
    %jmp T_8.60;
T_8.59 ;
    %load/vec4 v0x7fffb976e5e0_0;
    %parti/s 1, 26, 6;
    %pad/u 32;
    %cmpi/e 0, 0, 32;
    %jmp/0xz  T_8.61, 4;
    %load/vec4 v0x7fffb976e5e0_0;
    %parti/s 12, 0, 2;
    %ix/vec4 4;
    %load/vec4a v0x7fffb976d8c0, 4;
    %store/vec4 v0x7fffb976c3e0_0, 0, 32;
    %jmp T_8.62;
T_8.61 ;
    %vpi_call 2 114 "$display", "Error:Immediate data can't be destination." {0 0 0};
T_8.62 ;
T_8.60 ;
    %end;
S_0x7fffb976c5c0 .scope function, "getsrc" "getsrc" 2 99, 2 99 0, S_0x7fffb974ad80;
 .timescale 0 0;
v0x7fffb976c790_0 .var "getsrc", 31 0;
v0x7fffb976c890_0 .var "in", 31 0;
TD_pipeline_control.getsrc ;
    %load/vec4 v0x7fffb976dd40_0;
    %flag_set/vec4 8;
    %jmp/0xz  T_9.63, 8;
    %load/vec4 v0x7fffb976eba0_0;
    %pad/u 32;
    %store/vec4 v0x7fffb976c790_0, 0, 32;
    %jmp T_9.64;
T_9.63 ;
    %load/vec4 v0x7fffb976e5e0_0;
    %parti/s 1, 27, 6;
    %pad/u 32;
    %cmpi/e 0, 0, 32;
    %jmp/0xz  T_9.65, 4;
    %load/vec4 v0x7fffb976e5e0_0;
    %parti/s 12, 12, 5;
    %ix/vec4 4;
    %load/vec4a v0x7fffb976d8c0, 4;
    %store/vec4 v0x7fffb976c790_0, 0, 32;
    %jmp T_9.66;
T_9.65 ;
    %load/vec4 v0x7fffb976e5e0_0;
    %parti/s 12, 12, 5;
    %pad/u 32;
    %store/vec4 v0x7fffb976c790_0, 0, 32;
T_9.66 ;
T_9.64 ;
    %end;
S_0x7fffb976c970 .scope begin, "phase1_loop" "phase1_loop" 2 354, 2 354 0, S_0x7fffb974ad80;
 .timescale 0 0;
S_0x7fffb976cb40 .scope begin, "phase2_loop" "phase2_loop" 2 385, 2 385 0, S_0x7fffb974ad80;
 .timescale 0 0;
S_0x7fffb976cd10 .scope task, "set_points" "set_points" 2 323, 2 323 0, S_0x7fffb974ad80;
 .timescale 0 0;
TD_pipeline_control.set_points ;
    %load/vec4 v0x7fffb976e2a0_0;
    %load/vec4 v0x7fffb976e1e0_0;
    %concat/vec4; draw_concat_vec4
    %dup/vec4;
    %pushi/vec4 0, 0, 2;
    %cmp/u;
    %jmp/1 T_10.67, 6;
    %dup/vec4;
    %pushi/vec4 1, 0, 2;
    %cmp/u;
    %jmp/1 T_10.68, 6;
    %dup/vec4;
    %pushi/vec4 2, 0, 2;
    %cmp/u;
    %jmp/1 T_10.69, 6;
    %dup/vec4;
    %pushi/vec4 3, 0, 2;
    %cmp/u;
    %jmp/1 T_10.70, 6;
    %jmp T_10.71;
T_10.67 ;
    %jmp T_10.71;
T_10.68 ;
    %load/vec4 v0x7fffb976e940_0;
    %subi 1, 0, 3;
    %store/vec4 v0x7fffb976e940_0, 0, 3;
    %load/vec4 v0x7fffb976e100_0;
    %pad/u 32;
    %addi 1, 0, 32;
    %pushi/vec4 3, 0, 32;
    %mod;
    %pad/u 3;
    %store/vec4 v0x7fffb976e100_0, 0, 3;
    %jmp T_10.71;
T_10.69 ;
    %load/vec4 v0x7fffb976e940_0;
    %addi 1, 0, 3;
    %store/vec4 v0x7fffb976e940_0, 0, 3;
    %load/vec4 v0x7fffb976e360_0;
    %pad/u 32;
    %addi 1, 0, 32;
    %pushi/vec4 3, 0, 32;
    %mod;
    %pad/u 3;
    %store/vec4 v0x7fffb976e360_0, 0, 3;
    %jmp T_10.71;
T_10.70 ;
    %load/vec4 v0x7fffb976e100_0;
    %pad/u 32;
    %addi 1, 0, 32;
    %pushi/vec4 3, 0, 32;
    %mod;
    %pad/u 3;
    %store/vec4 v0x7fffb976e100_0, 0, 3;
    %load/vec4 v0x7fffb976e360_0;
    %pad/u 32;
    %addi 1, 0, 32;
    %pushi/vec4 3, 0, 32;
    %mod;
    %pad/u 3;
    %store/vec4 v0x7fffb976e360_0, 0, 3;
    %jmp T_10.71;
T_10.71 ;
    %pop/vec4 1;
    %end;
S_0x7fffb976cee0 .scope task, "setcondcode" "setcondcode" 2 140, 2 140 0, S_0x7fffb974ad80;
 .timescale 0 0;
v0x7fffb976d0b0_0 .var "res", 32 0;
TD_pipeline_control.setcondcode ;
    %load/vec4 v0x7fffb976d0b0_0;
    %parti/s 1, 32, 7;
    %ix/load 4, 0, 0;
    %flag_set/imm 4, 0;
    %store/vec4 v0x7fffb976e860_0, 4, 1;
    %load/vec4 v0x7fffb976d0b0_0;
    %parti/s 1, 0, 2;
    %inv;
    %ix/load 4, 1, 0;
    %flag_set/imm 4, 0;
    %store/vec4 v0x7fffb976e860_0, 4, 1;
    %load/vec4 v0x7fffb976d0b0_0;
    %xor/r;
    %ix/load 4, 2, 0;
    %flag_set/imm 4, 0;
    %store/vec4 v0x7fffb976e860_0, 4, 1;
    %load/vec4 v0x7fffb976d0b0_0;
    %or/r;
    %inv;
    %ix/load 4, 3, 0;
    %flag_set/imm 4, 0;
    %store/vec4 v0x7fffb976e860_0, 4, 1;
    %load/vec4 v0x7fffb976d0b0_0;
    %parti/s 1, 31, 6;
    %ix/load 4, 4, 0;
    %flag_set/imm 4, 0;
    %store/vec4 v0x7fffb976e860_0, 4, 1;
    %end;
S_0x7fffb976d1b0 .scope begin, "system_clock" "system_clock" 2 350, 2 350 0, S_0x7fffb974ad80;
 .timescale 0 0;
S_0x7fffb976d380 .scope task, "write_result" "write_result" 2 263, 2 263 0, S_0x7fffb974ad80;
 .timescale 0 0;
TD_pipeline_control.write_result ;
    %pushi/vec4 4, 0, 4;
    %load/vec4 v0x7fffb976ef00_0;
    %parti/s 4, 28, 6;
    %cmp/u;
    %flag_get/vec4 4;
    %flag_get/vec4 5;
    %or;
    %load/vec4 v0x7fffb976ef00_0;
    %parti/s 4, 28, 6;
    %cmpi/u 9, 0, 4;
    %flag_get/vec4 5;
    %and;
    %flag_set/vec4 8;
    %jmp/0xz  T_12.72, 8;
    %load/vec4 v0x7fffb976ef00_0;
    %parti/s 1, 26, 6;
    %pad/u 32;
    %cmpi/e 0, 0, 32;
    %jmp/0xz  T_12.74, 4;
    %load/vec4 v0x7fffb976efe0_0;
    %pad/u 32;
    %load/vec4 v0x7fffb976ef00_0;
    %parti/s 12, 0, 2;
    %ix/vec4 4;
    %store/vec4a v0x7fffb976d8c0, 4, 0;
    %jmp T_12.75;
T_12.74 ;
    %vpi_call 2 267 "$display", "Error: destination error." {0 0 0};
T_12.75 ;
    %pushi/vec4 0, 0, 1;
    %store/vec4 v0x7fffb976ec80_0, 0, 1;
T_12.72 ;
    %end;
S_0x7fffb976d550 .scope begin, "write_result_block" "write_result_block" 2 381, 2 381 0, S_0x7fffb974ad80;
 .timescale 0 0;
    .scope S_0x7fffb974ad80;
T_13 ;
    %fork t_1, S_0x7fffb974b4c0;
    %jmp t_0;
    .scope S_0x7fffb974b4c0;
t_1 ;
    %pushi/vec4 0, 0, 1;
    %store/vec4 v0x7fffb976dec0_0, 0, 1;
    %vpi_call 2 345 "$readmemb", "sisc.asm", v0x7fffb976d800 {0 0 0};
    %vpi_call 2 346 "$monitor", "%d %b %d %h %h %h", $time, v0x7fffb976dec0_0, v0x7fffb976e780_0, &A<v0x7fffb976d8c0, 0>, &A<v0x7fffb976d8c0, 1>, &A<v0x7fffb976d8c0, 2> {0 0 0};
    %fork TD_pipeline_control.apply_reset, S_0x7fffb974b2f0;
    %join;
    %end;
    .scope S_0x7fffb974ad80;
t_0 %join;
    %end;
    .thread T_13;
    .scope S_0x7fffb974ad80;
T_14 ;
    %fork t_3, S_0x7fffb976d1b0;
    %jmp t_2;
    .scope S_0x7fffb976d1b0;
t_3 ;
    %delay 5, 0;
    %load/vec4 v0x7fffb976dec0_0;
    %inv;
    %store/vec4 v0x7fffb976dec0_0, 0, 1;
    %end;
    .scope S_0x7fffb974ad80;
t_2 %join;
    %jmp T_14;
    .thread T_14;
    .scope S_0x7fffb974ad80;
T_15 ;
    %wait E_0x7fffb9707460;
    %fork t_5, S_0x7fffb976c970;
    %jmp t_4;
    .scope S_0x7fffb976c970;
t_5 ;
    %load/vec4 v0x7fffb976eae0_0;
    %nor/r;
    %flag_set/vec4 8;
    %jmp/0xz  T_15.0, 8;
    %pushi/vec4 0, 0, 1;
    %store/vec4 v0x7fffb976e2a0_0, 0, 1;
    %pushi/vec4 0, 0, 1;
    %store/vec4 v0x7fffb976e1e0_0, 0, 1;
    %load/vec4 v0x7fffb976ea20_0;
    %nor/r;
    %load/vec4 v0x7fffb976e6c0_0;
    %nor/r;
    %and;
    %flag_set/vec4 8;
    %jmp/0xz  T_15.2, 8;
    %event E_0x7fffb974a0d0;
T_15.2 ;
    %load/vec4 v0x7fffb976e940_0;
    %cmpi/ne 0, 0, 3;
    %flag_mov 8, 4;
    %load/vec4 v0x7fffb976e6c0_0;
    %flag_set/vec4 9;
    %flag_or 9, 8;
    %jmp/0xz  T_15.4, 9;
    %event E_0x7fffb974a420;
T_15.4 ;
    %load/vec4 v0x7fffb976ec80_0;
    %flag_set/vec4 8;
    %jmp/0xz  T_15.6, 8;
    %event E_0x7fffb9705f40;
T_15.6 ;
T_15.0 ;
    %end;
    .scope S_0x7fffb974ad80;
t_4 %join;
    %jmp T_15;
    .thread T_15;
    .scope S_0x7fffb974ad80;
T_16 ;
    %wait E_0x7fffb974a0d0;
    %fork t_7, S_0x7fffb976bec0;
    %jmp t_6;
    .scope S_0x7fffb976bec0;
t_7 ;
    %fork TD_pipeline_control.fetch, S_0x7fffb976bcf0;
    %join;
    %end;
    .scope S_0x7fffb974ad80;
t_6 %join;
    %jmp T_16;
    .thread T_16;
    .scope S_0x7fffb974ad80;
T_17 ;
    %wait E_0x7fffb974a420;
    %fork t_9, S_0x7fffb976bb20;
    %jmp t_8;
    .scope S_0x7fffb976bb20;
t_9 ;
    %load/vec4 v0x7fffb976e6c0_0;
    %nor/r;
    %flag_set/vec4 8;
    %jmp/0xz  T_17.0, 8;
    %load/vec4 v0x7fffb976e100_0;
    %pad/u 4;
    %ix/vec4 4;
    %load/vec4a v0x7fffb976d720, 4;
    %store/vec4 v0x7fffb976e5e0_0, 0, 32;
    %load/vec4 v0x7fffb976e5e0_0;
    %parti/s 12, 12, 5;
    %load/vec4 v0x7fffb976ef00_0;
    %parti/s 12, 0, 2;
    %cmp/e;
    %flag_get/vec4 4;
    %load/vec4 v0x7fffb976e5e0_0;
    %parti/s 1, 27, 6;
    %inv;
    %and;
    %load/vec4 v0x7fffb976ef00_0;
    %parti/s 1, 26, 6;
    %inv;
    %and;
    %store/vec4 v0x7fffb976dd40_0, 0, 1;
    %load/vec4 v0x7fffb976e5e0_0;
    %parti/s 12, 0, 2;
    %load/vec4 v0x7fffb976ef00_0;
    %parti/s 12, 0, 2;
    %cmp/e;
    %flag_get/vec4 4;
    %load/vec4 v0x7fffb976e5e0_0;
    %parti/s 1, 26, 6;
    %inv;
    %and;
    %load/vec4 v0x7fffb976ef00_0;
    %parti/s 1, 26, 6;
    %inv;
    %and;
    %store/vec4 v0x7fffb976de00_0, 0, 1;
T_17.0 ;
    %fork TD_pipeline_control.execute, S_0x7fffb976b950;
    %join;
    %load/vec4 v0x7fffb976e6c0_0;
    %nor/r;
    %flag_set/vec4 8;
    %jmp/0xz  T_17.2, 8;
    %pushi/vec4 1, 0, 1;
    %store/vec4 v0x7fffb976e1e0_0, 0, 1;
T_17.2 ;
    %end;
    .scope S_0x7fffb974ad80;
t_8 %join;
    %jmp T_17;
    .thread T_17;
    .scope S_0x7fffb974ad80;
T_18 ;
    %wait E_0x7fffb9705f40;
    %fork t_11, S_0x7fffb976d550;
    %jmp t_10;
    .scope S_0x7fffb976d550;
t_11 ;
    %load/vec4 v0x7fffb976e6c0_0;
    %nor/r;
    %flag_set/vec4 8;
    %jmp/0xz  T_18.0, 8;
    %fork TD_pipeline_control.write_result, S_0x7fffb976d380;
    %join;
T_18.0 ;
    %end;
    .scope S_0x7fffb974ad80;
t_10 %join;
    %jmp T_18;
    .thread T_18;
    .scope S_0x7fffb974ad80;
T_19 ;
    %wait E_0x7fffb9708a10;
    %fork t_13, S_0x7fffb976cb40;
    %jmp t_12;
    .scope S_0x7fffb976cb40;
t_13 ;
    %load/vec4 v0x7fffb976eae0_0;
    %nor/r;
    %flag_set/vec4 8;
    %jmp/0xz  T_19.0, 8;
    %load/vec4 v0x7fffb976e6c0_0;
    %nor/r;
    %load/vec4 v0x7fffb976dc80_0;
    %nor/r;
    %and;
    %flag_set/vec4 8;
    %jmp/0xz  T_19.2, 8;
    %fork TD_pipeline_control.copy_results, S_0x7fffb976b2b0;
    %join;
T_19.2 ;
    %load/vec4 v0x7fffb976dc80_0;
    %flag_set/vec4 8;
    %jmp/0xz  T_19.4, 8;
    %load/vec4 v0x7fffb976e5e0_0;
    %parti/s 12, 0, 2;
    %store/vec4 v0x7fffb976e780_0, 0, 12;
    %jmp T_19.5;
T_19.4 ;
    %load/vec4 v0x7fffb976e6c0_0;
    %nor/r;
    %flag_set/vec4 8;
    %jmp/0xz  T_19.6, 8;
    %load/vec4 v0x7fffb976e780_0;
    %addi 1, 0, 12;
    %store/vec4 v0x7fffb976e780_0, 0, 12;
T_19.6 ;
T_19.5 ;
    %load/vec4 v0x7fffb976dc80_0;
    %flag_set/vec4 8;
    %load/vec4 v0x7fffb976e440_0;
    %flag_set/vec4 9;
    %flag_or 9, 8;
    %jmp/0xz  T_19.8, 9;
    %fork TD_pipeline_control.flush_queue, S_0x7fffb976c040;
    %join;
    %jmp T_19.9;
T_19.8 ;
    %fork TD_pipeline_control.set_points, S_0x7fffb976cd10;
    %join;
T_19.9 ;
    %load/vec4 v0x7fffb976e440_0;
    %flag_set/vec4 8;
    %jmp/0xz  T_19.10, 8;
    %pushi/vec4 0, 0, 1;
    %store/vec4 v0x7fffb976e440_0, 0, 1;
    %vpi_call 2 396 "$stop" {0 0 0};
T_19.10 ;
T_19.0 ;
    %end;
    .scope S_0x7fffb974ad80;
t_12 %join;
    %jmp T_19;
    .thread T_19;
# The file index is used to find the file name in the following table.
:file_names 3;
    "N/A";
    "<interactive>";
    "pipeline_model.v";
