#! /usr/local/iverilog/bin/vvp
:ivl_version "11.0 (devel)" "(s20150603-642-g3bdb50da)";
:ivl_delay_selection "TYPICAL";
:vpi_time_precision - 11;
:vpi_module "system";
:vpi_module "vhdl_sys";
:vpi_module "vhdl_textio";
:vpi_module "v2005_math";
:vpi_module "va_math";
S_00000000011b3910 .scope module, "testbench" "testbench" 2 5;
 .timescale -9 -11;
v0000000001566160_0 .var "A", 15 0;
v0000000001564d60_0 .var "B", 15 0;
v0000000001564ea0_0 .net "Cout", 0 0, L_000000000156cc30;  1 drivers
v0000000001565260_0 .var "Mode", 0 0;
v0000000001565300_0 .net "SUM", 15 0, L_000000000156dc70;  1 drivers
v0000000001563dc0_0 .var "error", 16 0;
v0000000001563e60 .array "expect", 0 9999, 16 0;
v0000000001564540_0 .var/i "i", 31 0;
v00000000015654e0 .array "mem_A", 0 9999, 15 0;
v0000000001565b20 .array "mem_B", 0 9999, 15 0;
v00000000015653a0 .array "mem_ctrl", 0 9999, 0 0;
S_00000000011b3aa0 .scope module, "S1" "Sub_adder_16bit" 2 28, 3 4 0, S_00000000011b3910;
 .timescale 0 0;
    .port_info 0 /OUTPUT 1 "cout";
    .port_info 1 /OUTPUT 16 "sum";
    .port_info 2 /INPUT 16 "a";
    .port_info 3 /INPUT 16 "b";
    .port_info 4 /INPUT 1 "mode";
L_00000000011a81d0 .functor XOR 1, v0000000001565260_0, L_0000000001565620, C4<0>, C4<0>;
L_00000000011a8240 .functor XOR 1, v0000000001565260_0, L_00000000015656c0, C4<0>, C4<0>;
L_00000000011a82b0 .functor XOR 1, v0000000001565260_0, L_0000000001565760, C4<0>, C4<0>;
L_0000000001568490 .functor XOR 1, v0000000001565260_0, L_0000000001565800, C4<0>, C4<0>;
L_0000000001567ee0 .functor XOR 1, v0000000001565260_0, L_0000000001565940, C4<0>, C4<0>;
L_0000000001567f50 .functor XOR 1, v0000000001565260_0, L_0000000001565e40, C4<0>, C4<0>;
L_0000000001568960 .functor XOR 1, v0000000001565260_0, L_00000000015659e0, C4<0>, C4<0>;
L_0000000001567fc0 .functor XOR 1, v0000000001565260_0, L_0000000001565ee0, C4<0>, C4<0>;
L_0000000001568880 .functor XOR 1, v0000000001565260_0, L_00000000015667a0, C4<0>, C4<0>;
L_0000000001568500 .functor XOR 1, v0000000001565260_0, L_0000000001566de0, C4<0>, C4<0>;
L_0000000001568110 .functor XOR 1, v0000000001565260_0, L_0000000001566ca0, C4<0>, C4<0>;
L_0000000001568a40 .functor XOR 1, v0000000001565260_0, L_0000000001567240, C4<0>, C4<0>;
L_0000000001567d90 .functor XOR 1, v0000000001565260_0, L_0000000001567b00, C4<0>, C4<0>;
L_0000000001568b90 .functor XOR 1, v0000000001565260_0, L_0000000001566b60, C4<0>, C4<0>;
L_0000000001568570 .functor XOR 1, v0000000001565260_0, L_0000000001567ba0, C4<0>, C4<0>;
L_0000000001568260 .functor XOR 1, v0000000001565260_0, L_0000000001567560, C4<0>, C4<0>;
v0000000001564860_0 .net *"_s0", 0 0, L_00000000011a81d0;  1 drivers
v0000000001564b80_0 .net *"_s11", 0 0, L_0000000001565760;  1 drivers
v00000000015663e0_0 .net *"_s12", 0 0, L_0000000001568490;  1 drivers
v0000000001565d00_0 .net *"_s15", 0 0, L_0000000001565800;  1 drivers
v0000000001564f40_0 .net *"_s16", 0 0, L_0000000001567ee0;  1 drivers
v0000000001565bc0_0 .net *"_s19", 0 0, L_0000000001565940;  1 drivers
v00000000015645e0_0 .net *"_s20", 0 0, L_0000000001567f50;  1 drivers
v0000000001564900_0 .net *"_s23", 0 0, L_0000000001565e40;  1 drivers
v0000000001566200_0 .net *"_s24", 0 0, L_0000000001568960;  1 drivers
v00000000015647c0_0 .net *"_s27", 0 0, L_00000000015659e0;  1 drivers
v0000000001564180_0 .net *"_s28", 0 0, L_0000000001567fc0;  1 drivers
v0000000001564c20_0 .net *"_s3", 0 0, L_0000000001565620;  1 drivers
v00000000015662a0_0 .net *"_s31", 0 0, L_0000000001565ee0;  1 drivers
v0000000001564fe0_0 .net *"_s32", 0 0, L_0000000001568880;  1 drivers
v0000000001564cc0_0 .net *"_s35", 0 0, L_00000000015667a0;  1 drivers
v0000000001565f80_0 .net *"_s36", 0 0, L_0000000001568500;  1 drivers
v0000000001563d20_0 .net *"_s39", 0 0, L_0000000001566de0;  1 drivers
v0000000001565080_0 .net *"_s4", 0 0, L_00000000011a8240;  1 drivers
v0000000001564720_0 .net *"_s40", 0 0, L_0000000001568110;  1 drivers
v00000000015649a0_0 .net *"_s43", 0 0, L_0000000001566ca0;  1 drivers
v0000000001566020_0 .net *"_s44", 0 0, L_0000000001568a40;  1 drivers
v0000000001565580_0 .net *"_s47", 0 0, L_0000000001567240;  1 drivers
v00000000015640e0_0 .net *"_s48", 0 0, L_0000000001567d90;  1 drivers
v0000000001564e00_0 .net *"_s51", 0 0, L_0000000001567b00;  1 drivers
v0000000001565120_0 .net *"_s52", 0 0, L_0000000001568b90;  1 drivers
v0000000001564220_0 .net *"_s55", 0 0, L_0000000001566b60;  1 drivers
v0000000001566340_0 .net *"_s56", 0 0, L_0000000001568570;  1 drivers
v0000000001565a80_0 .net *"_s59", 0 0, L_0000000001567ba0;  1 drivers
v00000000015651c0_0 .net *"_s60", 0 0, L_0000000001568260;  1 drivers
v0000000001564680_0 .net *"_s64", 0 0, L_0000000001567560;  1 drivers
v00000000015658a0_0 .net *"_s7", 0 0, L_00000000015656c0;  1 drivers
v00000000015642c0_0 .net *"_s8", 0 0, L_00000000011a82b0;  1 drivers
v0000000001564360_0 .net "a", 15 0, v0000000001566160_0;  1 drivers
v0000000001564400_0 .net "b", 15 0, v0000000001564d60_0;  1 drivers
v00000000015644a0_0 .net "c1", 0 0, L_00000000015683b0;  1 drivers
v0000000001565440_0 .net "c2", 0 0, L_000000000156b590;  1 drivers
v0000000001565c60_0 .net "c3", 0 0, L_000000000156c920;  1 drivers
v0000000001566480_0 .net "cout", 0 0, L_000000000156cc30;  alias, 1 drivers
v0000000001565da0_0 .net "mode", 0 0, v0000000001565260_0;  1 drivers
v0000000001564a40_0 .net "sum", 15 0, L_000000000156dc70;  alias, 1 drivers
v0000000001564040_0 .net "y", 15 0, L_0000000001566840;  1 drivers
L_0000000001565620 .part v0000000001564d60_0, 0, 1;
L_00000000015656c0 .part v0000000001564d60_0, 1, 1;
L_0000000001565760 .part v0000000001564d60_0, 2, 1;
L_0000000001565800 .part v0000000001564d60_0, 3, 1;
L_0000000001565940 .part v0000000001564d60_0, 4, 1;
L_0000000001565e40 .part v0000000001564d60_0, 5, 1;
L_00000000015659e0 .part v0000000001564d60_0, 6, 1;
L_0000000001565ee0 .part v0000000001564d60_0, 7, 1;
L_00000000015667a0 .part v0000000001564d60_0, 8, 1;
L_0000000001566de0 .part v0000000001564d60_0, 9, 1;
L_0000000001566ca0 .part v0000000001564d60_0, 10, 1;
L_0000000001567240 .part v0000000001564d60_0, 11, 1;
L_0000000001567b00 .part v0000000001564d60_0, 12, 1;
L_0000000001566b60 .part v0000000001564d60_0, 13, 1;
L_0000000001567ba0 .part v0000000001564d60_0, 14, 1;
LS_0000000001566840_0_0 .concat8 [ 1 1 1 1], L_00000000011a81d0, L_00000000011a8240, L_00000000011a82b0, L_0000000001568490;
LS_0000000001566840_0_4 .concat8 [ 1 1 1 1], L_0000000001567ee0, L_0000000001567f50, L_0000000001568960, L_0000000001567fc0;
LS_0000000001566840_0_8 .concat8 [ 1 1 1 1], L_0000000001568880, L_0000000001568500, L_0000000001568110, L_0000000001568a40;
LS_0000000001566840_0_12 .concat8 [ 1 1 1 1], L_0000000001567d90, L_0000000001568b90, L_0000000001568570, L_0000000001568260;
L_0000000001566840 .concat8 [ 4 4 4 4], LS_0000000001566840_0_0, LS_0000000001566840_0_4, LS_0000000001566840_0_8, LS_0000000001566840_0_12;
L_0000000001567560 .part v0000000001564d60_0, 15, 1;
L_0000000001566980 .part v0000000001566160_0, 0, 4;
L_00000000015679c0 .part L_0000000001566840, 0, 4;
L_0000000001567100 .part v0000000001566160_0, 4, 4;
L_0000000001567880 .part L_0000000001566840, 4, 4;
L_000000000156d8b0 .part v0000000001566160_0, 8, 4;
L_000000000156da90 .part L_0000000001566840, 8, 4;
L_000000000156dc70 .concat8 [ 4 4 4 4], L_0000000001567a60, L_0000000001566f20, L_000000000156e0d0, L_000000000156dbd0;
L_000000000156dd10 .part v0000000001566160_0, 12, 4;
L_000000000156ceb0 .part L_0000000001566840, 12, 4;
S_00000000011b0de0 .scope module, "R1" "Ripple_carry_4bit" 3 34, 4 3 0, S_00000000011b3aa0;
 .timescale 0 0;
    .port_info 0 /OUTPUT 4 "sum";
    .port_info 1 /OUTPUT 1 "cout";
    .port_info 2 /INPUT 4 "a";
    .port_info 3 /INPUT 4 "b";
    .port_info 4 /INPUT 1 "cin";
v00000000012061b0_0 .net "a", 3 0, L_0000000001566980;  1 drivers
v00000000012070b0_0 .net "b", 3 0, L_00000000015679c0;  1 drivers
v0000000001207c90_0 .net "c1", 0 0, L_0000000001567d20;  1 drivers
v0000000001207470_0 .net "c2", 0 0, L_0000000001568650;  1 drivers
v0000000001206cf0_0 .net "c3", 0 0, L_0000000001568730;  1 drivers
v00000000012078d0_0 .net "cin", 0 0, v0000000001565260_0;  alias, 1 drivers
v00000000012075b0_0 .net "cout", 0 0, L_00000000015683b0;  alias, 1 drivers
v0000000001206390_0 .net "sum", 3 0, L_0000000001567a60;  1 drivers
L_0000000001566a20 .part L_0000000001566980, 0, 1;
L_0000000001566700 .part L_00000000015679c0, 0, 1;
L_0000000001567600 .part L_0000000001566980, 1, 1;
L_00000000015668e0 .part L_00000000015679c0, 1, 1;
L_00000000015672e0 .part L_0000000001566980, 2, 1;
L_00000000015676a0 .part L_00000000015679c0, 2, 1;
L_0000000001567a60 .concat8 [ 1 1 1 1], L_00000000015680a0, L_0000000001568340, L_0000000001568030, L_00000000015682d0;
L_0000000001567380 .part L_0000000001566980, 3, 1;
L_0000000001566c00 .part L_00000000015679c0, 3, 1;
S_00000000011b0f70 .scope module, "F1" "Fulladder" 4 11, 5 2 0, S_00000000011b0de0;
 .timescale 0 0;
    .port_info 0 /OUTPUT 1 "cout";
    .port_info 1 /OUTPUT 1 "sum";
    .port_info 2 /INPUT 1 "a";
    .port_info 3 /INPUT 1 "b";
    .port_info 4 /INPUT 1 "cin";
L_0000000001567d20 .functor OR 1, L_0000000001568180, L_0000000001567e70, C4<0>, C4<0>;
v00000000011ac240_0 .net "a", 0 0, L_0000000001566a20;  1 drivers
v00000000011ab980_0 .net "b", 0 0, L_0000000001566700;  1 drivers
v00000000011ac2e0_0 .net "c1", 0 0, L_0000000001568180;  1 drivers
v00000000011ab660_0 .net "c2", 0 0, L_0000000001567e70;  1 drivers
v00000000011aca60_0 .net "cin", 0 0, v0000000001565260_0;  alias, 1 drivers
v00000000011ac600_0 .net "cout", 0 0, L_0000000001567d20;  alias, 1 drivers
v00000000011ac420_0 .net "s1", 0 0, L_0000000001568ab0;  1 drivers
v00000000011abac0_0 .net "sum", 0 0, L_00000000015680a0;  1 drivers
S_0000000001161e00 .scope module, "H1" "Halfadder" 5 21, 6 1 0, S_00000000011b0f70;
 .timescale 0 0;
    .port_info 0 /OUTPUT 1 "carry";
    .port_info 1 /OUTPUT 1 "sum";
    .port_info 2 /INPUT 1 "a";
    .port_info 3 /INPUT 1 "b";
L_0000000001568180 .functor AND 1, L_0000000001566a20, L_0000000001566700, C4<1>, C4<1>;
L_0000000001568ab0 .functor XOR 1, L_0000000001566a20, L_0000000001566700, C4<0>, C4<0>;
v00000000011abc00_0 .net "a", 0 0, L_0000000001566a20;  alias, 1 drivers
v00000000011ac6a0_0 .net "b", 0 0, L_0000000001566700;  alias, 1 drivers
v00000000011acc40_0 .net "carry", 0 0, L_0000000001568180;  alias, 1 drivers
v00000000011ac9c0_0 .net "sum", 0 0, L_0000000001568ab0;  alias, 1 drivers
S_0000000001161f90 .scope module, "H2" "Halfadder" 5 22, 6 1 0, S_00000000011b0f70;
 .timescale 0 0;
    .port_info 0 /OUTPUT 1 "carry";
    .port_info 1 /OUTPUT 1 "sum";
    .port_info 2 /INPUT 1 "a";
    .port_info 3 /INPUT 1 "b";
L_0000000001567e70 .functor AND 1, v0000000001565260_0, L_0000000001568ab0, C4<1>, C4<1>;
L_00000000015680a0 .functor XOR 1, v0000000001565260_0, L_0000000001568ab0, C4<0>, C4<0>;
v00000000011ac920_0 .net "a", 0 0, v0000000001565260_0;  alias, 1 drivers
v00000000011ab8e0_0 .net "b", 0 0, L_0000000001568ab0;  alias, 1 drivers
v00000000011abe80_0 .net "carry", 0 0, L_0000000001567e70;  alias, 1 drivers
v00000000011acb00_0 .net "sum", 0 0, L_00000000015680a0;  alias, 1 drivers
S_000000000110eaa0 .scope module, "F2" "Fulladder" 4 12, 5 2 0, S_00000000011b0de0;
 .timescale 0 0;
    .port_info 0 /OUTPUT 1 "cout";
    .port_info 1 /OUTPUT 1 "sum";
    .port_info 2 /INPUT 1 "a";
    .port_info 3 /INPUT 1 "b";
    .port_info 4 /INPUT 1 "cin";
L_0000000001568650 .functor OR 1, L_00000000015689d0, L_00000000015685e0, C4<0>, C4<0>;
v00000000011ab0c0_0 .net "a", 0 0, L_0000000001567600;  1 drivers
v00000000011ab160_0 .net "b", 0 0, L_00000000015668e0;  1 drivers
v00000000011ab200_0 .net "c1", 0 0, L_00000000015689d0;  1 drivers
v00000000011ab2a0_0 .net "c2", 0 0, L_00000000015685e0;  1 drivers
v00000000011ab7a0_0 .net "cin", 0 0, L_0000000001567d20;  alias, 1 drivers
v00000000011ab840_0 .net "cout", 0 0, L_0000000001568650;  alias, 1 drivers
v00000000011a14d0_0 .net "s1", 0 0, L_0000000001567e00;  1 drivers
v00000000011a1750_0 .net "sum", 0 0, L_0000000001568340;  1 drivers
S_000000000110ec30 .scope module, "H1" "Halfadder" 5 21, 6 1 0, S_000000000110eaa0;
 .timescale 0 0;
    .port_info 0 /OUTPUT 1 "carry";
    .port_info 1 /OUTPUT 1 "sum";
    .port_info 2 /INPUT 1 "a";
    .port_info 3 /INPUT 1 "b";
L_00000000015689d0 .functor AND 1, L_0000000001567600, L_00000000015668e0, C4<1>, C4<1>;
L_0000000001567e00 .functor XOR 1, L_0000000001567600, L_00000000015668e0, C4<0>, C4<0>;
v00000000011acce0_0 .net "a", 0 0, L_0000000001567600;  alias, 1 drivers
v00000000011abb60_0 .net "b", 0 0, L_00000000015668e0;  alias, 1 drivers
v00000000011abca0_0 .net "carry", 0 0, L_00000000015689d0;  alias, 1 drivers
v00000000011ab700_0 .net "sum", 0 0, L_0000000001567e00;  alias, 1 drivers
S_0000000001122e20 .scope module, "H2" "Halfadder" 5 22, 6 1 0, S_000000000110eaa0;
 .timescale 0 0;
    .port_info 0 /OUTPUT 1 "carry";
    .port_info 1 /OUTPUT 1 "sum";
    .port_info 2 /INPUT 1 "a";
    .port_info 3 /INPUT 1 "b";
L_00000000015685e0 .functor AND 1, L_0000000001567d20, L_0000000001567e00, C4<1>, C4<1>;
L_0000000001568340 .functor XOR 1, L_0000000001567d20, L_0000000001567e00, C4<0>, C4<0>;
v00000000011abd40_0 .net "a", 0 0, L_0000000001567d20;  alias, 1 drivers
v00000000011acd80_0 .net "b", 0 0, L_0000000001567e00;  alias, 1 drivers
v00000000011ac740_0 .net "carry", 0 0, L_00000000015685e0;  alias, 1 drivers
v00000000011ab020_0 .net "sum", 0 0, L_0000000001568340;  alias, 1 drivers
S_0000000001122fb0 .scope module, "F3" "Fulladder" 4 13, 5 2 0, S_00000000011b0de0;
 .timescale 0 0;
    .port_info 0 /OUTPUT 1 "cout";
    .port_info 1 /OUTPUT 1 "sum";
    .port_info 2 /INPUT 1 "a";
    .port_info 3 /INPUT 1 "b";
    .port_info 4 /INPUT 1 "cin";
L_0000000001568730 .functor OR 1, L_0000000001568c00, L_00000000015688f0, C4<0>, C4<0>;
v0000000001207290_0 .net "a", 0 0, L_00000000015672e0;  1 drivers
v00000000012071f0_0 .net "b", 0 0, L_00000000015676a0;  1 drivers
v0000000001207330_0 .net "c1", 0 0, L_0000000001568c00;  1 drivers
v0000000001206930_0 .net "c2", 0 0, L_00000000015688f0;  1 drivers
v0000000001207ab0_0 .net "cin", 0 0, L_0000000001568650;  alias, 1 drivers
v0000000001207d30_0 .net "cout", 0 0, L_0000000001568730;  alias, 1 drivers
v0000000001206250_0 .net "s1", 0 0, L_00000000015686c0;  1 drivers
v00000000012073d0_0 .net "sum", 0 0, L_0000000001568030;  1 drivers
S_000000000110ccc0 .scope module, "H1" "Halfadder" 5 21, 6 1 0, S_0000000001122fb0;
 .timescale 0 0;
    .port_info 0 /OUTPUT 1 "carry";
    .port_info 1 /OUTPUT 1 "sum";
    .port_info 2 /INPUT 1 "a";
    .port_info 3 /INPUT 1 "b";
L_0000000001568c00 .functor AND 1, L_00000000015672e0, L_00000000015676a0, C4<1>, C4<1>;
L_00000000015686c0 .functor XOR 1, L_00000000015672e0, L_00000000015676a0, C4<0>, C4<0>;
v00000000011a21f0_0 .net "a", 0 0, L_00000000015672e0;  alias, 1 drivers
v00000000011986e0_0 .net "b", 0 0, L_00000000015676a0;  alias, 1 drivers
v0000000001206750_0 .net "carry", 0 0, L_0000000001568c00;  alias, 1 drivers
v0000000001207e70_0 .net "sum", 0 0, L_00000000015686c0;  alias, 1 drivers
S_000000000110ce50 .scope module, "H2" "Halfadder" 5 22, 6 1 0, S_0000000001122fb0;
 .timescale 0 0;
    .port_info 0 /OUTPUT 1 "carry";
    .port_info 1 /OUTPUT 1 "sum";
    .port_info 2 /INPUT 1 "a";
    .port_info 3 /INPUT 1 "b";
L_00000000015688f0 .functor AND 1, L_0000000001568650, L_00000000015686c0, C4<1>, C4<1>;
L_0000000001568030 .functor XOR 1, L_0000000001568650, L_00000000015686c0, C4<0>, C4<0>;
v0000000001207790_0 .net "a", 0 0, L_0000000001568650;  alias, 1 drivers
v0000000001207510_0 .net "b", 0 0, L_00000000015686c0;  alias, 1 drivers
v0000000001206e30_0 .net "carry", 0 0, L_00000000015688f0;  alias, 1 drivers
v00000000012067f0_0 .net "sum", 0 0, L_0000000001568030;  alias, 1 drivers
S_0000000001558090 .scope module, "F4" "Fulladder" 4 14, 5 2 0, S_00000000011b0de0;
 .timescale 0 0;
    .port_info 0 /OUTPUT 1 "cout";
    .port_info 1 /OUTPUT 1 "sum";
    .port_info 2 /INPUT 1 "a";
    .port_info 3 /INPUT 1 "b";
    .port_info 4 /INPUT 1 "cin";
L_00000000015683b0 .functor OR 1, L_00000000015687a0, L_0000000001568b20, C4<0>, C4<0>;
v0000000001207f10_0 .net "a", 0 0, L_0000000001567380;  1 drivers
v00000000012062f0_0 .net "b", 0 0, L_0000000001566c00;  1 drivers
v0000000001207010_0 .net "c1", 0 0, L_00000000015687a0;  1 drivers
v0000000001206070_0 .net "c2", 0 0, L_0000000001568b20;  1 drivers
v0000000001206ed0_0 .net "cin", 0 0, L_0000000001568730;  alias, 1 drivers
v0000000001206110_0 .net "cout", 0 0, L_00000000015683b0;  alias, 1 drivers
v0000000001207830_0 .net "s1", 0 0, L_00000000015681f0;  1 drivers
v0000000001206570_0 .net "sum", 0 0, L_00000000015682d0;  1 drivers
S_0000000001559230 .scope module, "H1" "Halfadder" 5 21, 6 1 0, S_0000000001558090;
 .timescale 0 0;
    .port_info 0 /OUTPUT 1 "carry";
    .port_info 1 /OUTPUT 1 "sum";
    .port_info 2 /INPUT 1 "a";
    .port_info 3 /INPUT 1 "b";
L_00000000015687a0 .functor AND 1, L_0000000001567380, L_0000000001566c00, C4<1>, C4<1>;
L_00000000015681f0 .functor XOR 1, L_0000000001567380, L_0000000001566c00, C4<0>, C4<0>;
v0000000001207dd0_0 .net "a", 0 0, L_0000000001567380;  alias, 1 drivers
v0000000001206d90_0 .net "b", 0 0, L_0000000001566c00;  alias, 1 drivers
v0000000001207b50_0 .net "carry", 0 0, L_00000000015687a0;  alias, 1 drivers
v0000000001206c50_0 .net "sum", 0 0, L_00000000015681f0;  alias, 1 drivers
S_00000000015593c0 .scope module, "H2" "Halfadder" 5 22, 6 1 0, S_0000000001558090;
 .timescale 0 0;
    .port_info 0 /OUTPUT 1 "carry";
    .port_info 1 /OUTPUT 1 "sum";
    .port_info 2 /INPUT 1 "a";
    .port_info 3 /INPUT 1 "b";
L_0000000001568b20 .functor AND 1, L_0000000001568730, L_00000000015681f0, C4<1>, C4<1>;
L_00000000015682d0 .functor XOR 1, L_0000000001568730, L_00000000015681f0, C4<0>, C4<0>;
v0000000001207bf0_0 .net "a", 0 0, L_0000000001568730;  alias, 1 drivers
v0000000001206890_0 .net "b", 0 0, L_00000000015681f0;  alias, 1 drivers
v0000000001206f70_0 .net "carry", 0 0, L_0000000001568b20;  alias, 1 drivers
v0000000001207150_0 .net "sum", 0 0, L_00000000015682d0;  alias, 1 drivers
S_0000000001559550 .scope module, "R2" "Ripple_carry_4bit" 3 41, 4 3 0, S_00000000011b3aa0;
 .timescale 0 0;
    .port_info 0 /OUTPUT 4 "sum";
    .port_info 1 /OUTPUT 1 "cout";
    .port_info 2 /INPUT 4 "a";
    .port_info 3 /INPUT 4 "b";
    .port_info 4 /INPUT 1 "cin";
v000000000155b200_0 .net "a", 3 0, L_0000000001567100;  1 drivers
v000000000155b660_0 .net "b", 3 0, L_0000000001567880;  1 drivers
v0000000001559fe0_0 .net "c1", 0 0, L_000000000156bc20;  1 drivers
v0000000001559cc0_0 .net "c2", 0 0, L_000000000156b440;  1 drivers
v000000000155a800_0 .net "c3", 0 0, L_000000000156b2f0;  1 drivers
v000000000155b3e0_0 .net "cin", 0 0, L_00000000015683b0;  alias, 1 drivers
v000000000155a940_0 .net "cout", 0 0, L_000000000156b590;  alias, 1 drivers
v000000000155abc0_0 .net "sum", 3 0, L_0000000001566f20;  1 drivers
L_0000000001566520 .part L_0000000001567100, 0, 1;
L_0000000001566ac0 .part L_0000000001567880, 0, 1;
L_0000000001567060 .part L_0000000001567100, 1, 1;
L_0000000001566e80 .part L_0000000001567880, 1, 1;
L_0000000001566d40 .part L_0000000001567100, 2, 1;
L_0000000001567740 .part L_0000000001567880, 2, 1;
L_0000000001566f20 .concat8 [ 1 1 1 1], L_000000000156bb40, L_000000000156b3d0, L_000000000156b4b0, L_000000000156b520;
L_0000000001566fc0 .part L_0000000001567100, 3, 1;
L_00000000015674c0 .part L_0000000001567880, 3, 1;
S_00000000015596e0 .scope module, "F1" "Fulladder" 4 11, 5 2 0, S_0000000001559550;
 .timescale 0 0;
    .port_info 0 /OUTPUT 1 "cout";
    .port_info 1 /OUTPUT 1 "sum";
    .port_info 2 /INPUT 1 "a";
    .port_info 3 /INPUT 1 "b";
    .port_info 4 /INPUT 1 "cin";
L_000000000156bc20 .functor OR 1, L_0000000001568420, L_000000000156b980, C4<0>, C4<0>;
v00000000012066b0_0 .net "a", 0 0, L_0000000001566520;  1 drivers
v00000000012069d0_0 .net "b", 0 0, L_0000000001566ac0;  1 drivers
v0000000001206a70_0 .net "c1", 0 0, L_0000000001568420;  1 drivers
v0000000001206bb0_0 .net "c2", 0 0, L_000000000156b980;  1 drivers
v00000000012094f0_0 .net "cin", 0 0, L_00000000015683b0;  alias, 1 drivers
v000000000120a210_0 .net "cout", 0 0, L_000000000156bc20;  alias, 1 drivers
v0000000001209ef0_0 .net "s1", 0 0, L_0000000001568810;  1 drivers
v000000000120a2b0_0 .net "sum", 0 0, L_000000000156bb40;  1 drivers
S_00000000012089e0 .scope module, "H1" "Halfadder" 5 21, 6 1 0, S_00000000015596e0;
 .timescale 0 0;
    .port_info 0 /OUTPUT 1 "carry";
    .port_info 1 /OUTPUT 1 "sum";
    .port_info 2 /INPUT 1 "a";
    .port_info 3 /INPUT 1 "b";
L_0000000001568420 .functor AND 1, L_0000000001566520, L_0000000001566ac0, C4<1>, C4<1>;
L_0000000001568810 .functor XOR 1, L_0000000001566520, L_0000000001566ac0, C4<0>, C4<0>;
v0000000001207650_0 .net "a", 0 0, L_0000000001566520;  alias, 1 drivers
v0000000001207970_0 .net "b", 0 0, L_0000000001566ac0;  alias, 1 drivers
v0000000001206430_0 .net "carry", 0 0, L_0000000001568420;  alias, 1 drivers
v00000000012076f0_0 .net "sum", 0 0, L_0000000001568810;  alias, 1 drivers
S_0000000001208e90 .scope module, "H2" "Halfadder" 5 22, 6 1 0, S_00000000015596e0;
 .timescale 0 0;
    .port_info 0 /OUTPUT 1 "carry";
    .port_info 1 /OUTPUT 1 "sum";
    .port_info 2 /INPUT 1 "a";
    .port_info 3 /INPUT 1 "b";
L_000000000156b980 .functor AND 1, L_00000000015683b0, L_0000000001568810, C4<1>, C4<1>;
L_000000000156bb40 .functor XOR 1, L_00000000015683b0, L_0000000001568810, C4<0>, C4<0>;
v0000000001207a10_0 .net "a", 0 0, L_00000000015683b0;  alias, 1 drivers
v00000000012064d0_0 .net "b", 0 0, L_0000000001568810;  alias, 1 drivers
v0000000001206b10_0 .net "carry", 0 0, L_000000000156b980;  alias, 1 drivers
v0000000001206610_0 .net "sum", 0 0, L_000000000156bb40;  alias, 1 drivers
S_00000000012083a0 .scope module, "F2" "Fulladder" 4 12, 5 2 0, S_0000000001559550;
 .timescale 0 0;
    .port_info 0 /OUTPUT 1 "cout";
    .port_info 1 /OUTPUT 1 "sum";
    .port_info 2 /INPUT 1 "a";
    .port_info 3 /INPUT 1 "b";
    .port_info 4 /INPUT 1 "cin";
L_000000000156b440 .functor OR 1, L_000000000156b9f0, L_000000000156b280, C4<0>, C4<0>;
v000000000120a8f0_0 .net "a", 0 0, L_0000000001567060;  1 drivers
v00000000012093b0_0 .net "b", 0 0, L_0000000001566e80;  1 drivers
v000000000120af30_0 .net "c1", 0 0, L_000000000156b9f0;  1 drivers
v0000000001209270_0 .net "c2", 0 0, L_000000000156b280;  1 drivers
v000000000120a490_0 .net "cin", 0 0, L_000000000156bc20;  alias, 1 drivers
v0000000001209f90_0 .net "cout", 0 0, L_000000000156b440;  alias, 1 drivers
v000000000120ab70_0 .net "s1", 0 0, L_000000000156af00;  1 drivers
v000000000120a990_0 .net "sum", 0 0, L_000000000156b3d0;  1 drivers
S_0000000001208b70 .scope module, "H1" "Halfadder" 5 21, 6 1 0, S_00000000012083a0;
 .timescale 0 0;
    .port_info 0 /OUTPUT 1 "carry";
    .port_info 1 /OUTPUT 1 "sum";
    .port_info 2 /INPUT 1 "a";
    .port_info 3 /INPUT 1 "b";
L_000000000156b9f0 .functor AND 1, L_0000000001567060, L_0000000001566e80, C4<1>, C4<1>;
L_000000000156af00 .functor XOR 1, L_0000000001567060, L_0000000001566e80, C4<0>, C4<0>;
v0000000001209770_0 .net "a", 0 0, L_0000000001567060;  alias, 1 drivers
v000000000120ae90_0 .net "b", 0 0, L_0000000001566e80;  alias, 1 drivers
v0000000001209c70_0 .net "carry", 0 0, L_000000000156b9f0;  alias, 1 drivers
v000000000120a030_0 .net "sum", 0 0, L_000000000156af00;  alias, 1 drivers
S_0000000001208850 .scope module, "H2" "Halfadder" 5 22, 6 1 0, S_00000000012083a0;
 .timescale 0 0;
    .port_info 0 /OUTPUT 1 "carry";
    .port_info 1 /OUTPUT 1 "sum";
    .port_info 2 /INPUT 1 "a";
    .port_info 3 /INPUT 1 "b";
L_000000000156b280 .functor AND 1, L_000000000156bc20, L_000000000156af00, C4<1>, C4<1>;
L_000000000156b3d0 .functor XOR 1, L_000000000156bc20, L_000000000156af00, C4<0>, C4<0>;
v000000000120a350_0 .net "a", 0 0, L_000000000156bc20;  alias, 1 drivers
v00000000012099f0_0 .net "b", 0 0, L_000000000156af00;  alias, 1 drivers
v000000000120a170_0 .net "carry", 0 0, L_000000000156b280;  alias, 1 drivers
v000000000120a3f0_0 .net "sum", 0 0, L_000000000156b3d0;  alias, 1 drivers
S_0000000001208080 .scope module, "F3" "Fulladder" 4 13, 5 2 0, S_0000000001559550;
 .timescale 0 0;
    .port_info 0 /OUTPUT 1 "cout";
    .port_info 1 /OUTPUT 1 "sum";
    .port_info 2 /INPUT 1 "a";
    .port_info 3 /INPUT 1 "b";
    .port_info 4 /INPUT 1 "cin";
L_000000000156b2f0 .functor OR 1, L_000000000156b670, L_000000000156ba60, C4<0>, C4<0>;
v00000000012091d0_0 .net "a", 0 0, L_0000000001566d40;  1 drivers
v0000000001209950_0 .net "b", 0 0, L_0000000001567740;  1 drivers
v000000000120aa30_0 .net "c1", 0 0, L_000000000156b670;  1 drivers
v0000000001209310_0 .net "c2", 0 0, L_000000000156ba60;  1 drivers
v0000000001209e50_0 .net "cin", 0 0, L_000000000156b440;  alias, 1 drivers
v000000000120aad0_0 .net "cout", 0 0, L_000000000156b2f0;  alias, 1 drivers
v0000000001209590_0 .net "s1", 0 0, L_000000000156ae20;  1 drivers
v0000000001209b30_0 .net "sum", 0 0, L_000000000156b4b0;  1 drivers
S_0000000001208d00 .scope module, "H1" "Halfadder" 5 21, 6 1 0, S_0000000001208080;
 .timescale 0 0;
    .port_info 0 /OUTPUT 1 "carry";
    .port_info 1 /OUTPUT 1 "sum";
    .port_info 2 /INPUT 1 "a";
    .port_info 3 /INPUT 1 "b";
L_000000000156b670 .functor AND 1, L_0000000001566d40, L_0000000001567740, C4<1>, C4<1>;
L_000000000156ae20 .functor XOR 1, L_0000000001566d40, L_0000000001567740, C4<0>, C4<0>;
v0000000001209d10_0 .net "a", 0 0, L_0000000001566d40;  alias, 1 drivers
v00000000012098b0_0 .net "b", 0 0, L_0000000001567740;  alias, 1 drivers
v000000000120a7b0_0 .net "carry", 0 0, L_000000000156b670;  alias, 1 drivers
v0000000001209a90_0 .net "sum", 0 0, L_000000000156ae20;  alias, 1 drivers
S_0000000001208210 .scope module, "H2" "Halfadder" 5 22, 6 1 0, S_0000000001208080;
 .timescale 0 0;
    .port_info 0 /OUTPUT 1 "carry";
    .port_info 1 /OUTPUT 1 "sum";
    .port_info 2 /INPUT 1 "a";
    .port_info 3 /INPUT 1 "b";
L_000000000156ba60 .functor AND 1, L_000000000156b440, L_000000000156ae20, C4<1>, C4<1>;
L_000000000156b4b0 .functor XOR 1, L_000000000156b440, L_000000000156ae20, C4<0>, C4<0>;
v0000000001209db0_0 .net "a", 0 0, L_000000000156b440;  alias, 1 drivers
v0000000001209090_0 .net "b", 0 0, L_000000000156ae20;  alias, 1 drivers
v0000000001209130_0 .net "carry", 0 0, L_000000000156ba60;  alias, 1 drivers
v0000000001209450_0 .net "sum", 0 0, L_000000000156b4b0;  alias, 1 drivers
S_0000000001208530 .scope module, "F4" "Fulladder" 4 14, 5 2 0, S_0000000001559550;
 .timescale 0 0;
    .port_info 0 /OUTPUT 1 "cout";
    .port_info 1 /OUTPUT 1 "sum";
    .port_info 2 /INPUT 1 "a";
    .port_info 3 /INPUT 1 "b";
    .port_info 4 /INPUT 1 "cin";
L_000000000156b590 .functor OR 1, L_000000000156b360, L_000000000156b8a0, C4<0>, C4<0>;
v000000000120a850_0 .net "a", 0 0, L_0000000001566fc0;  1 drivers
v00000000012096d0_0 .net "b", 0 0, L_00000000015674c0;  1 drivers
v000000000120adf0_0 .net "c1", 0 0, L_000000000156b360;  1 drivers
v000000000120ac10_0 .net "c2", 0 0, L_000000000156b8a0;  1 drivers
v000000000120acb0_0 .net "cin", 0 0, L_000000000156b2f0;  alias, 1 drivers
v0000000001209810_0 .net "cout", 0 0, L_000000000156b590;  alias, 1 drivers
v000000000155aa80_0 .net "s1", 0 0, L_000000000156ad40;  1 drivers
v000000000155b480_0 .net "sum", 0 0, L_000000000156b520;  1 drivers
S_00000000012086c0 .scope module, "H1" "Halfadder" 5 21, 6 1 0, S_0000000001208530;
 .timescale 0 0;
    .port_info 0 /OUTPUT 1 "carry";
    .port_info 1 /OUTPUT 1 "sum";
    .port_info 2 /INPUT 1 "a";
    .port_info 3 /INPUT 1 "b";
L_000000000156b360 .functor AND 1, L_0000000001566fc0, L_00000000015674c0, C4<1>, C4<1>;
L_000000000156ad40 .functor XOR 1, L_0000000001566fc0, L_00000000015674c0, C4<0>, C4<0>;
v000000000120ad50_0 .net "a", 0 0, L_0000000001566fc0;  alias, 1 drivers
v000000000120a0d0_0 .net "b", 0 0, L_00000000015674c0;  alias, 1 drivers
v000000000120a530_0 .net "carry", 0 0, L_000000000156b360;  alias, 1 drivers
v0000000001209630_0 .net "sum", 0 0, L_000000000156ad40;  alias, 1 drivers
S_000000000120db40 .scope module, "H2" "Halfadder" 5 22, 6 1 0, S_0000000001208530;
 .timescale 0 0;
    .port_info 0 /OUTPUT 1 "carry";
    .port_info 1 /OUTPUT 1 "sum";
    .port_info 2 /INPUT 1 "a";
    .port_info 3 /INPUT 1 "b";
L_000000000156b8a0 .functor AND 1, L_000000000156b2f0, L_000000000156ad40, C4<1>, C4<1>;
L_000000000156b520 .functor XOR 1, L_000000000156b2f0, L_000000000156ad40, C4<0>, C4<0>;
v0000000001209bd0_0 .net "a", 0 0, L_000000000156b2f0;  alias, 1 drivers
v000000000120a5d0_0 .net "b", 0 0, L_000000000156ad40;  alias, 1 drivers
v000000000120a670_0 .net "carry", 0 0, L_000000000156b8a0;  alias, 1 drivers
v000000000120a710_0 .net "sum", 0 0, L_000000000156b520;  alias, 1 drivers
S_000000000120c0b0 .scope module, "R3" "Ripple_carry_4bit" 3 48, 4 3 0, S_00000000011b3aa0;
 .timescale 0 0;
    .port_info 0 /OUTPUT 4 "sum";
    .port_info 1 /OUTPUT 1 "cout";
    .port_info 2 /INPUT 4 "a";
    .port_info 3 /INPUT 4 "b";
    .port_info 4 /INPUT 1 "cin";
v000000000155cf90_0 .net "a", 3 0, L_000000000156d8b0;  1 drivers
v000000000155cdb0_0 .net "b", 3 0, L_000000000156da90;  1 drivers
v000000000155db70_0 .net "c1", 0 0, L_000000000156adb0;  1 drivers
v000000000155d710_0 .net "c2", 0 0, L_000000000156b050;  1 drivers
v000000000155bf50_0 .net "c3", 0 0, L_000000000156ae90;  1 drivers
v000000000155cc70_0 .net "cin", 0 0, L_000000000156b590;  alias, 1 drivers
v000000000155c270_0 .net "cout", 0 0, L_000000000156c920;  alias, 1 drivers
v000000000155d210_0 .net "sum", 3 0, L_000000000156e0d0;  1 drivers
L_00000000015671a0 .part L_000000000156d8b0, 0, 1;
L_0000000001567420 .part L_000000000156da90, 0, 1;
L_00000000015677e0 .part L_000000000156d8b0, 1, 1;
L_0000000001567920 .part L_000000000156da90, 1, 1;
L_00000000015665c0 .part L_000000000156d8b0, 2, 1;
L_0000000001566660 .part L_000000000156da90, 2, 1;
L_000000000156e0d0 .concat8 [ 1 1 1 1], L_000000000156b6e0, L_000000000156b750, L_000000000156b910, L_000000000156bea0;
L_000000000156d9f0 .part L_000000000156d8b0, 3, 1;
L_000000000156f250 .part L_000000000156da90, 3, 1;
S_000000000120d370 .scope module, "F1" "Fulladder" 4 11, 5 2 0, S_000000000120c0b0;
 .timescale 0 0;
    .port_info 0 /OUTPUT 1 "cout";
    .port_info 1 /OUTPUT 1 "sum";
    .port_info 2 /INPUT 1 "a";
    .port_info 3 /INPUT 1 "b";
    .port_info 4 /INPUT 1 "cin";
L_000000000156adb0 .functor OR 1, L_000000000156b1a0, L_000000000156bbb0, C4<0>, C4<0>;
v000000000155a440_0 .net "a", 0 0, L_00000000015671a0;  1 drivers
v000000000155a8a0_0 .net "b", 0 0, L_0000000001567420;  1 drivers
v000000000155bb60_0 .net "c1", 0 0, L_000000000156b1a0;  1 drivers
v000000000155ada0_0 .net "c2", 0 0, L_000000000156bbb0;  1 drivers
v000000000155aee0_0 .net "cin", 0 0, L_000000000156b590;  alias, 1 drivers
v000000000155af80_0 .net "cout", 0 0, L_000000000156adb0;  alias, 1 drivers
v000000000155a9e0_0 .net "s1", 0 0, L_000000000156b600;  1 drivers
v000000000155b0c0_0 .net "sum", 0 0, L_000000000156b6e0;  1 drivers
S_000000000120d1e0 .scope module, "H1" "Halfadder" 5 21, 6 1 0, S_000000000120d370;
 .timescale 0 0;
    .port_info 0 /OUTPUT 1 "carry";
    .port_info 1 /OUTPUT 1 "sum";
    .port_info 2 /INPUT 1 "a";
    .port_info 3 /INPUT 1 "b";
L_000000000156b1a0 .functor AND 1, L_00000000015671a0, L_0000000001567420, C4<1>, C4<1>;
L_000000000156b600 .functor XOR 1, L_00000000015671a0, L_0000000001567420, C4<0>, C4<0>;
v000000000155ac60_0 .net "a", 0 0, L_00000000015671a0;  alias, 1 drivers
v000000000155ae40_0 .net "b", 0 0, L_0000000001567420;  alias, 1 drivers
v000000000155b340_0 .net "carry", 0 0, L_000000000156b1a0;  alias, 1 drivers
v000000000155a1c0_0 .net "sum", 0 0, L_000000000156b600;  alias, 1 drivers
S_000000000120d050 .scope module, "H2" "Halfadder" 5 22, 6 1 0, S_000000000120d370;
 .timescale 0 0;
    .port_info 0 /OUTPUT 1 "carry";
    .port_info 1 /OUTPUT 1 "sum";
    .port_info 2 /INPUT 1 "a";
    .port_info 3 /INPUT 1 "b";
L_000000000156bbb0 .functor AND 1, L_000000000156b590, L_000000000156b600, C4<1>, C4<1>;
L_000000000156b6e0 .functor XOR 1, L_000000000156b590, L_000000000156b600, C4<0>, C4<0>;
v000000000155ab20_0 .net "a", 0 0, L_000000000156b590;  alias, 1 drivers
v0000000001559d60_0 .net "b", 0 0, L_000000000156b600;  alias, 1 drivers
v000000000155ad00_0 .net "carry", 0 0, L_000000000156bbb0;  alias, 1 drivers
v000000000155b020_0 .net "sum", 0 0, L_000000000156b6e0;  alias, 1 drivers
S_000000000120d500 .scope module, "F2" "Fulladder" 4 12, 5 2 0, S_000000000120c0b0;
 .timescale 0 0;
    .port_info 0 /OUTPUT 1 "cout";
    .port_info 1 /OUTPUT 1 "sum";
    .port_info 2 /INPUT 1 "a";
    .port_info 3 /INPUT 1 "b";
    .port_info 4 /INPUT 1 "cin";
L_000000000156b050 .functor OR 1, L_000000000156b210, L_000000000156afe0, C4<0>, C4<0>;
v000000000155b5c0_0 .net "a", 0 0, L_00000000015677e0;  1 drivers
v000000000155b700_0 .net "b", 0 0, L_0000000001567920;  1 drivers
v000000000155a580_0 .net "c1", 0 0, L_000000000156b210;  1 drivers
v000000000155a760_0 .net "c2", 0 0, L_000000000156afe0;  1 drivers
v000000000155b7a0_0 .net "cin", 0 0, L_000000000156adb0;  alias, 1 drivers
v000000000155b8e0_0 .net "cout", 0 0, L_000000000156b050;  alias, 1 drivers
v000000000155b980_0 .net "s1", 0 0, L_000000000156b7c0;  1 drivers
v000000000155ba20_0 .net "sum", 0 0, L_000000000156b750;  1 drivers
S_000000000120d690 .scope module, "H1" "Halfadder" 5 21, 6 1 0, S_000000000120d500;
 .timescale 0 0;
    .port_info 0 /OUTPUT 1 "carry";
    .port_info 1 /OUTPUT 1 "sum";
    .port_info 2 /INPUT 1 "a";
    .port_info 3 /INPUT 1 "b";
L_000000000156b210 .functor AND 1, L_00000000015677e0, L_0000000001567920, C4<1>, C4<1>;
L_000000000156b7c0 .functor XOR 1, L_00000000015677e0, L_0000000001567920, C4<0>, C4<0>;
v000000000155b840_0 .net "a", 0 0, L_00000000015677e0;  alias, 1 drivers
v000000000155b160_0 .net "b", 0 0, L_0000000001567920;  alias, 1 drivers
v000000000155b2a0_0 .net "carry", 0 0, L_000000000156b210;  alias, 1 drivers
v000000000155bac0_0 .net "sum", 0 0, L_000000000156b7c0;  alias, 1 drivers
S_000000000120d820 .scope module, "H2" "Halfadder" 5 22, 6 1 0, S_000000000120d500;
 .timescale 0 0;
    .port_info 0 /OUTPUT 1 "carry";
    .port_info 1 /OUTPUT 1 "sum";
    .port_info 2 /INPUT 1 "a";
    .port_info 3 /INPUT 1 "b";
L_000000000156afe0 .functor AND 1, L_000000000156adb0, L_000000000156b7c0, C4<1>, C4<1>;
L_000000000156b750 .functor XOR 1, L_000000000156adb0, L_000000000156b7c0, C4<0>, C4<0>;
v000000000155a6c0_0 .net "a", 0 0, L_000000000156adb0;  alias, 1 drivers
v0000000001559e00_0 .net "b", 0 0, L_000000000156b7c0;  alias, 1 drivers
v000000000155b520_0 .net "carry", 0 0, L_000000000156afe0;  alias, 1 drivers
v000000000155a300_0 .net "sum", 0 0, L_000000000156b750;  alias, 1 drivers
S_000000000120cd30 .scope module, "F3" "Fulladder" 4 13, 5 2 0, S_000000000120c0b0;
 .timescale 0 0;
    .port_info 0 /OUTPUT 1 "cout";
    .port_info 1 /OUTPUT 1 "sum";
    .port_info 2 /INPUT 1 "a";
    .port_info 3 /INPUT 1 "b";
    .port_info 4 /INPUT 1 "cin";
L_000000000156ae90 .functor OR 1, L_000000000156b0c0, L_000000000156b830, C4<0>, C4<0>;
v000000000155d030_0 .net "a", 0 0, L_00000000015665c0;  1 drivers
v000000000155cd10_0 .net "b", 0 0, L_0000000001566660;  1 drivers
v000000000155c450_0 .net "c1", 0 0, L_000000000156b0c0;  1 drivers
v000000000155c1d0_0 .net "c2", 0 0, L_000000000156b830;  1 drivers
v000000000155c310_0 .net "cin", 0 0, L_000000000156b050;  alias, 1 drivers
v000000000155dad0_0 .net "cout", 0 0, L_000000000156ae90;  alias, 1 drivers
v000000000155ce50_0 .net "s1", 0 0, L_000000000156b130;  1 drivers
v000000000155c130_0 .net "sum", 0 0, L_000000000156b910;  1 drivers
S_000000000120cec0 .scope module, "H1" "Halfadder" 5 21, 6 1 0, S_000000000120cd30;
 .timescale 0 0;
    .port_info 0 /OUTPUT 1 "carry";
    .port_info 1 /OUTPUT 1 "sum";
    .port_info 2 /INPUT 1 "a";
    .port_info 3 /INPUT 1 "b";
L_000000000156b0c0 .functor AND 1, L_00000000015665c0, L_0000000001566660, C4<1>, C4<1>;
L_000000000156b130 .functor XOR 1, L_00000000015665c0, L_0000000001566660, C4<0>, C4<0>;
v0000000001559ea0_0 .net "a", 0 0, L_00000000015665c0;  alias, 1 drivers
v000000000155a3a0_0 .net "b", 0 0, L_0000000001566660;  alias, 1 drivers
v0000000001559f40_0 .net "carry", 0 0, L_000000000156b0c0;  alias, 1 drivers
v000000000155a080_0 .net "sum", 0 0, L_000000000156b130;  alias, 1 drivers
S_000000000120d9b0 .scope module, "H2" "Halfadder" 5 22, 6 1 0, S_000000000120cd30;
 .timescale 0 0;
    .port_info 0 /OUTPUT 1 "carry";
    .port_info 1 /OUTPUT 1 "sum";
    .port_info 2 /INPUT 1 "a";
    .port_info 3 /INPUT 1 "b";
L_000000000156b830 .functor AND 1, L_000000000156b050, L_000000000156b130, C4<1>, C4<1>;
L_000000000156b910 .functor XOR 1, L_000000000156b050, L_000000000156b130, C4<0>, C4<0>;
v000000000155a120_0 .net "a", 0 0, L_000000000156b050;  alias, 1 drivers
v000000000155a260_0 .net "b", 0 0, L_000000000156b130;  alias, 1 drivers
v000000000155a4e0_0 .net "carry", 0 0, L_000000000156b830;  alias, 1 drivers
v000000000155a620_0 .net "sum", 0 0, L_000000000156b910;  alias, 1 drivers
S_000000000120c240 .scope module, "F4" "Fulladder" 4 14, 5 2 0, S_000000000120c0b0;
 .timescale 0 0;
    .port_info 0 /OUTPUT 1 "cout";
    .port_info 1 /OUTPUT 1 "sum";
    .port_info 2 /INPUT 1 "a";
    .port_info 3 /INPUT 1 "b";
    .port_info 4 /INPUT 1 "cin";
L_000000000156c920 .functor OR 1, L_000000000156bad0, L_000000000156c370, C4<0>, C4<0>;
v000000000155d8f0_0 .net "a", 0 0, L_000000000156d9f0;  1 drivers
v000000000155d0d0_0 .net "b", 0 0, L_000000000156f250;  1 drivers
v000000000155d170_0 .net "c1", 0 0, L_000000000156bad0;  1 drivers
v000000000155d3f0_0 .net "c2", 0 0, L_000000000156c370;  1 drivers
v000000000155c630_0 .net "cin", 0 0, L_000000000156ae90;  alias, 1 drivers
v000000000155cb30_0 .net "cout", 0 0, L_000000000156c920;  alias, 1 drivers
v000000000155c8b0_0 .net "s1", 0 0, L_000000000156af70;  1 drivers
v000000000155cbd0_0 .net "sum", 0 0, L_000000000156bea0;  1 drivers
S_000000000120dcd0 .scope module, "H1" "Halfadder" 5 21, 6 1 0, S_000000000120c240;
 .timescale 0 0;
    .port_info 0 /OUTPUT 1 "carry";
    .port_info 1 /OUTPUT 1 "sum";
    .port_info 2 /INPUT 1 "a";
    .port_info 3 /INPUT 1 "b";
L_000000000156bad0 .functor AND 1, L_000000000156d9f0, L_000000000156f250, C4<1>, C4<1>;
L_000000000156af70 .functor XOR 1, L_000000000156d9f0, L_000000000156f250, C4<0>, C4<0>;
v000000000155d7b0_0 .net "a", 0 0, L_000000000156d9f0;  alias, 1 drivers
v000000000155c3b0_0 .net "b", 0 0, L_000000000156f250;  alias, 1 drivers
v000000000155c590_0 .net "carry", 0 0, L_000000000156bad0;  alias, 1 drivers
v000000000155bd70_0 .net "sum", 0 0, L_000000000156af70;  alias, 1 drivers
S_000000000120cba0 .scope module, "H2" "Halfadder" 5 22, 6 1 0, S_000000000120c240;
 .timescale 0 0;
    .port_info 0 /OUTPUT 1 "carry";
    .port_info 1 /OUTPUT 1 "sum";
    .port_info 2 /INPUT 1 "a";
    .port_info 3 /INPUT 1 "b";
L_000000000156c370 .functor AND 1, L_000000000156ae90, L_000000000156af70, C4<1>, C4<1>;
L_000000000156bea0 .functor XOR 1, L_000000000156ae90, L_000000000156af70, C4<0>, C4<0>;
v000000000155da30_0 .net "a", 0 0, L_000000000156ae90;  alias, 1 drivers
v000000000155d670_0 .net "b", 0 0, L_000000000156af70;  alias, 1 drivers
v000000000155d350_0 .net "carry", 0 0, L_000000000156c370;  alias, 1 drivers
v000000000155d850_0 .net "sum", 0 0, L_000000000156bea0;  alias, 1 drivers
S_000000000120de60 .scope module, "R4" "Ripple_carry_4bit" 3 55, 4 3 0, S_00000000011b3aa0;
 .timescale 0 0;
    .port_info 0 /OUTPUT 4 "sum";
    .port_info 1 /OUTPUT 1 "cout";
    .port_info 2 /INPUT 4 "a";
    .port_info 3 /INPUT 4 "b";
    .port_info 4 /INPUT 1 "cin";
v00000000015615f0_0 .net "a", 3 0, L_000000000156dd10;  1 drivers
v0000000001560150_0 .net "b", 3 0, L_000000000156ceb0;  1 drivers
v00000000015619b0_0 .net "c1", 0 0, L_000000000156c610;  1 drivers
v0000000001560290_0 .net "c2", 0 0, L_000000000156bd50;  1 drivers
v00000000015660c0_0 .net "c3", 0 0, L_000000000156c680;  1 drivers
v0000000001564ae0_0 .net "cin", 0 0, L_000000000156c920;  alias, 1 drivers
v0000000001563f00_0 .net "cout", 0 0, L_000000000156cc30;  alias, 1 drivers
v0000000001563fa0_0 .net "sum", 3 0, L_000000000156dbd0;  1 drivers
L_000000000156e8f0 .part L_000000000156dd10, 0, 1;
L_000000000156ee90 .part L_000000000156ceb0, 0, 1;
L_000000000156e030 .part L_000000000156dd10, 1, 1;
L_000000000156ead0 .part L_000000000156ceb0, 1, 1;
L_000000000156eb70 .part L_000000000156dd10, 2, 1;
L_000000000156f070 .part L_000000000156ceb0, 2, 1;
L_000000000156dbd0 .concat8 [ 1 1 1 1], L_000000000156c060, L_000000000156ca00, L_000000000156c5a0, L_000000000156c6f0;
L_000000000156e3f0 .part L_000000000156dd10, 3, 1;
L_000000000156ea30 .part L_000000000156ceb0, 3, 1;
S_000000000120c3d0 .scope module, "F1" "Fulladder" 4 11, 5 2 0, S_000000000120de60;
 .timescale 0 0;
    .port_info 0 /OUTPUT 1 "cout";
    .port_info 1 /OUTPUT 1 "sum";
    .port_info 2 /INPUT 1 "a";
    .port_info 3 /INPUT 1 "b";
    .port_info 4 /INPUT 1 "cin";
L_000000000156c610 .functor OR 1, L_000000000156c290, L_000000000156c3e0, C4<0>, C4<0>;
v000000000155ca90_0 .net "a", 0 0, L_000000000156e8f0;  1 drivers
v000000000155d990_0 .net "b", 0 0, L_000000000156ee90;  1 drivers
v000000000155d5d0_0 .net "c1", 0 0, L_000000000156c290;  1 drivers
v000000000155c950_0 .net "c2", 0 0, L_000000000156c3e0;  1 drivers
v000000000155d490_0 .net "cin", 0 0, L_000000000156c920;  alias, 1 drivers
v000000000155c9f0_0 .net "cout", 0 0, L_000000000156c610;  alias, 1 drivers
v000000000155bcd0_0 .net "s1", 0 0, L_000000000156bf80;  1 drivers
v000000000155be10_0 .net "sum", 0 0, L_000000000156c060;  1 drivers
S_000000000120c560 .scope module, "H1" "Halfadder" 5 21, 6 1 0, S_000000000120c3d0;
 .timescale 0 0;
    .port_info 0 /OUTPUT 1 "carry";
    .port_info 1 /OUTPUT 1 "sum";
    .port_info 2 /INPUT 1 "a";
    .port_info 3 /INPUT 1 "b";
L_000000000156c290 .functor AND 1, L_000000000156e8f0, L_000000000156ee90, C4<1>, C4<1>;
L_000000000156bf80 .functor XOR 1, L_000000000156e8f0, L_000000000156ee90, C4<0>, C4<0>;
v000000000155c4f0_0 .net "a", 0 0, L_000000000156e8f0;  alias, 1 drivers
v000000000155d530_0 .net "b", 0 0, L_000000000156ee90;  alias, 1 drivers
v000000000155cef0_0 .net "carry", 0 0, L_000000000156c290;  alias, 1 drivers
v000000000155c6d0_0 .net "sum", 0 0, L_000000000156bf80;  alias, 1 drivers
S_000000000120c6f0 .scope module, "H2" "Halfadder" 5 22, 6 1 0, S_000000000120c3d0;
 .timescale 0 0;
    .port_info 0 /OUTPUT 1 "carry";
    .port_info 1 /OUTPUT 1 "sum";
    .port_info 2 /INPUT 1 "a";
    .port_info 3 /INPUT 1 "b";
L_000000000156c3e0 .functor AND 1, L_000000000156c920, L_000000000156bf80, C4<1>, C4<1>;
L_000000000156c060 .functor XOR 1, L_000000000156c920, L_000000000156bf80, C4<0>, C4<0>;
v000000000155c770_0 .net "a", 0 0, L_000000000156c920;  alias, 1 drivers
v000000000155c810_0 .net "b", 0 0, L_000000000156bf80;  alias, 1 drivers
v000000000155beb0_0 .net "carry", 0 0, L_000000000156c3e0;  alias, 1 drivers
v000000000155d2b0_0 .net "sum", 0 0, L_000000000156c060;  alias, 1 drivers
S_000000000120c880 .scope module, "F2" "Fulladder" 4 12, 5 2 0, S_000000000120de60;
 .timescale 0 0;
    .port_info 0 /OUTPUT 1 "cout";
    .port_info 1 /OUTPUT 1 "sum";
    .port_info 2 /INPUT 1 "a";
    .port_info 3 /INPUT 1 "b";
    .port_info 4 /INPUT 1 "cin";
L_000000000156bd50 .functor OR 1, L_000000000156bf10, L_000000000156c450, C4<0>, C4<0>;
v0000000001560bf0_0 .net "a", 0 0, L_000000000156e030;  1 drivers
v00000000015612d0_0 .net "b", 0 0, L_000000000156ead0;  1 drivers
v00000000015617d0_0 .net "c1", 0 0, L_000000000156bf10;  1 drivers
v0000000001560330_0 .net "c2", 0 0, L_000000000156c450;  1 drivers
v0000000001561870_0 .net "cin", 0 0, L_000000000156c610;  alias, 1 drivers
v00000000015608d0_0 .net "cout", 0 0, L_000000000156bd50;  alias, 1 drivers
v0000000001561b90_0 .net "s1", 0 0, L_000000000156cb50;  1 drivers
v0000000001560010_0 .net "sum", 0 0, L_000000000156ca00;  1 drivers
S_000000000120ca10 .scope module, "H1" "Halfadder" 5 21, 6 1 0, S_000000000120c880;
 .timescale 0 0;
    .port_info 0 /OUTPUT 1 "carry";
    .port_info 1 /OUTPUT 1 "sum";
    .port_info 2 /INPUT 1 "a";
    .port_info 3 /INPUT 1 "b";
L_000000000156bf10 .functor AND 1, L_000000000156e030, L_000000000156ead0, C4<1>, C4<1>;
L_000000000156cb50 .functor XOR 1, L_000000000156e030, L_000000000156ead0, C4<0>, C4<0>;
v000000000155bff0_0 .net "a", 0 0, L_000000000156e030;  alias, 1 drivers
v000000000155c090_0 .net "b", 0 0, L_000000000156ead0;  alias, 1 drivers
v0000000001560830_0 .net "carry", 0 0, L_000000000156bf10;  alias, 1 drivers
v0000000001560e70_0 .net "sum", 0 0, L_000000000156cb50;  alias, 1 drivers
S_0000000001562020 .scope module, "H2" "Halfadder" 5 22, 6 1 0, S_000000000120c880;
 .timescale 0 0;
    .port_info 0 /OUTPUT 1 "carry";
    .port_info 1 /OUTPUT 1 "sum";
    .port_info 2 /INPUT 1 "a";
    .port_info 3 /INPUT 1 "b";
L_000000000156c450 .functor AND 1, L_000000000156c610, L_000000000156cb50, C4<1>, C4<1>;
L_000000000156ca00 .functor XOR 1, L_000000000156c610, L_000000000156cb50, C4<0>, C4<0>;
v0000000001561af0_0 .net "a", 0 0, L_000000000156c610;  alias, 1 drivers
v0000000001560b50_0 .net "b", 0 0, L_000000000156cb50;  alias, 1 drivers
v0000000001561550_0 .net "carry", 0 0, L_000000000156c450;  alias, 1 drivers
v0000000001561690_0 .net "sum", 0 0, L_000000000156ca00;  alias, 1 drivers
S_00000000015627f0 .scope module, "F3" "Fulladder" 4 13, 5 2 0, S_000000000120de60;
 .timescale 0 0;
    .port_info 0 /OUTPUT 1 "cout";
    .port_info 1 /OUTPUT 1 "sum";
    .port_info 2 /INPUT 1 "a";
    .port_info 3 /INPUT 1 "b";
    .port_info 4 /INPUT 1 "cin";
L_000000000156c680 .functor OR 1, L_000000000156c4c0, L_000000000156cbc0, C4<0>, C4<0>;
v0000000001561910_0 .net "a", 0 0, L_000000000156eb70;  1 drivers
v0000000001560970_0 .net "b", 0 0, L_000000000156f070;  1 drivers
v0000000001561a50_0 .net "c1", 0 0, L_000000000156c4c0;  1 drivers
v0000000001560ab0_0 .net "c2", 0 0, L_000000000156cbc0;  1 drivers
v0000000001560650_0 .net "cin", 0 0, L_000000000156bd50;  alias, 1 drivers
v0000000001560c90_0 .net "cout", 0 0, L_000000000156c680;  alias, 1 drivers
v000000000155fd90_0 .net "s1", 0 0, L_000000000156c530;  1 drivers
v00000000015606f0_0 .net "sum", 0 0, L_000000000156c5a0;  1 drivers
S_0000000001562fc0 .scope module, "H1" "Halfadder" 5 21, 6 1 0, S_00000000015627f0;
 .timescale 0 0;
    .port_info 0 /OUTPUT 1 "carry";
    .port_info 1 /OUTPUT 1 "sum";
    .port_info 2 /INPUT 1 "a";
    .port_info 3 /INPUT 1 "b";
L_000000000156c4c0 .functor AND 1, L_000000000156eb70, L_000000000156f070, C4<1>, C4<1>;
L_000000000156c530 .functor XOR 1, L_000000000156eb70, L_000000000156f070, C4<0>, C4<0>;
v0000000001560a10_0 .net "a", 0 0, L_000000000156eb70;  alias, 1 drivers
v00000000015601f0_0 .net "b", 0 0, L_000000000156f070;  alias, 1 drivers
v0000000001560f10_0 .net "carry", 0 0, L_000000000156c4c0;  alias, 1 drivers
v000000000155fe30_0 .net "sum", 0 0, L_000000000156c530;  alias, 1 drivers
S_00000000015621b0 .scope module, "H2" "Halfadder" 5 22, 6 1 0, S_00000000015627f0;
 .timescale 0 0;
    .port_info 0 /OUTPUT 1 "carry";
    .port_info 1 /OUTPUT 1 "sum";
    .port_info 2 /INPUT 1 "a";
    .port_info 3 /INPUT 1 "b";
L_000000000156cbc0 .functor AND 1, L_000000000156bd50, L_000000000156c530, C4<1>, C4<1>;
L_000000000156c5a0 .functor XOR 1, L_000000000156bd50, L_000000000156c530, C4<0>, C4<0>;
v00000000015605b0_0 .net "a", 0 0, L_000000000156bd50;  alias, 1 drivers
v000000000155ff70_0 .net "b", 0 0, L_000000000156c530;  alias, 1 drivers
v000000000155fcf0_0 .net "carry", 0 0, L_000000000156cbc0;  alias, 1 drivers
v00000000015603d0_0 .net "sum", 0 0, L_000000000156c5a0;  alias, 1 drivers
S_0000000001563790 .scope module, "F4" "Fulladder" 4 14, 5 2 0, S_000000000120de60;
 .timescale 0 0;
    .port_info 0 /OUTPUT 1 "cout";
    .port_info 1 /OUTPUT 1 "sum";
    .port_info 2 /INPUT 1 "a";
    .port_info 3 /INPUT 1 "b";
    .port_info 4 /INPUT 1 "cin";
L_000000000156cc30 .functor OR 1, L_000000000156bff0, L_000000000156c140, C4<0>, C4<0>;
v0000000001560d30_0 .net "a", 0 0, L_000000000156e3f0;  1 drivers
v00000000015600b0_0 .net "b", 0 0, L_000000000156ea30;  1 drivers
v0000000001561050_0 .net "c1", 0 0, L_000000000156bff0;  1 drivers
v0000000001561730_0 .net "c2", 0 0, L_000000000156c140;  1 drivers
v0000000001561190_0 .net "cin", 0 0, L_000000000156c680;  alias, 1 drivers
v00000000015610f0_0 .net "cout", 0 0, L_000000000156cc30;  alias, 1 drivers
v0000000001560790_0 .net "s1", 0 0, L_000000000156c0d0;  1 drivers
v0000000001561230_0 .net "sum", 0 0, L_000000000156c6f0;  1 drivers
S_0000000001563920 .scope module, "H1" "Halfadder" 5 21, 6 1 0, S_0000000001563790;
 .timescale 0 0;
    .port_info 0 /OUTPUT 1 "carry";
    .port_info 1 /OUTPUT 1 "sum";
    .port_info 2 /INPUT 1 "a";
    .port_info 3 /INPUT 1 "b";
L_000000000156bff0 .functor AND 1, L_000000000156e3f0, L_000000000156ea30, C4<1>, C4<1>;
L_000000000156c0d0 .functor XOR 1, L_000000000156e3f0, L_000000000156ea30, C4<0>, C4<0>;
v0000000001560fb0_0 .net "a", 0 0, L_000000000156e3f0;  alias, 1 drivers
v00000000015614b0_0 .net "b", 0 0, L_000000000156ea30;  alias, 1 drivers
v0000000001560470_0 .net "carry", 0 0, L_000000000156bff0;  alias, 1 drivers
v0000000001561370_0 .net "sum", 0 0, L_000000000156c0d0;  alias, 1 drivers
S_0000000001563ab0 .scope module, "H2" "Halfadder" 5 22, 6 1 0, S_0000000001563790;
 .timescale 0 0;
    .port_info 0 /OUTPUT 1 "carry";
    .port_info 1 /OUTPUT 1 "sum";
    .port_info 2 /INPUT 1 "a";
    .port_info 3 /INPUT 1 "b";
L_000000000156c140 .functor AND 1, L_000000000156c680, L_000000000156c0d0, C4<1>, C4<1>;
L_000000000156c6f0 .functor XOR 1, L_000000000156c680, L_000000000156c0d0, C4<0>, C4<0>;
v000000000155fed0_0 .net "a", 0 0, L_000000000156c680;  alias, 1 drivers
v0000000001560dd0_0 .net "b", 0 0, L_000000000156c0d0;  alias, 1 drivers
v0000000001561410_0 .net "carry", 0 0, L_000000000156c140;  alias, 1 drivers
v0000000001560510_0 .net "sum", 0 0, L_000000000156c6f0;  alias, 1 drivers
    .scope S_00000000011b3910;
T_0 ;
    %pushi/vec4 0, 0, 17;
    %store/vec4 v0000000001563dc0_0, 0, 17;
    %end;
    .thread T_0;
    .scope S_00000000011b3910;
T_1 ;
    %vpi_call 2 21 "$readmemh", "A.txt", v00000000015654e0 {0 0 0};
    %vpi_call 2 22 "$readmemh", "B.txt", v0000000001565b20 {0 0 0};
    %vpi_call 2 23 "$readmemh", "ctrl.txt", v00000000015653a0 {0 0 0};
    %vpi_call 2 24 "$readmemh", "result.txt", v0000000001563e60 {0 0 0};
    %end;
    .thread T_1;
    .scope S_00000000011b3910;
T_2 ;
    %pushi/vec4 0, 0, 32;
    %store/vec4 v0000000001564540_0, 0, 32;
T_2.0 ;
    %load/vec4 v0000000001564540_0;
    %cmpi/s 9999, 0, 32;
    %flag_or 5, 4;
    %jmp/0xz T_2.1, 5;
    %ix/getv/s 4, v0000000001564540_0;
    %load/vec4a v00000000015654e0, 4;
    %store/vec4 v0000000001566160_0, 0, 16;
    %ix/getv/s 4, v0000000001564540_0;
    %load/vec4a v0000000001565b20, 4;
    %store/vec4 v0000000001564d60_0, 0, 16;
    %ix/getv/s 4, v0000000001564540_0;
    %load/vec4a v00000000015653a0, 4;
    %store/vec4 v0000000001565260_0, 0, 1;
    %delay 2000, 0;
    %load/vec4 v0000000001565300_0;
    %ix/getv/s 4, v0000000001564540_0;
    %load/vec4a v0000000001563e60, 4;
    %parti/s 16, 0, 2;
    %cmp/ne;
    %jmp/0xz  T_2.2, 6;
    %load/vec4 v0000000001564540_0;
    %addi 1, 0, 32;
    %ix/getv/s 4, v0000000001564540_0;
    %load/vec4a v0000000001563e60, 4;
    %parti/s 16, 0, 2;
    %vpi_call 2 45 "$display", "ERROR at time=%d(pattern%d): SUM(%h)!= expect(%h)", $time, S<1,vec4,s32>, v0000000001565300_0, S<0,vec4,u16> {2 0 0};
    %load/vec4 v0000000001563dc0_0;
    %addi 1, 0, 17;
    %store/vec4 v0000000001563dc0_0, 0, 17;
T_2.2 ;
    %load/vec4 v0000000001564ea0_0;
    %ix/getv/s 4, v0000000001564540_0;
    %load/vec4a v0000000001563e60, 4;
    %parti/s 1, 16, 6;
    %cmp/ne;
    %jmp/0xz  T_2.4, 6;
    %load/vec4 v0000000001564540_0;
    %addi 1, 0, 32;
    %ix/getv/s 4, v0000000001564540_0;
    %load/vec4a v0000000001563e60, 4;
    %parti/s 1, 16, 6;
    %vpi_call 2 50 "$display", "ERROR at time=%d(pattern%d): C_out(%b)!= expect(%b)", $time, S<1,vec4,s32>, v0000000001564ea0_0, S<0,vec4,u1> {2 0 0};
    %load/vec4 v0000000001563dc0_0;
    %addi 1, 0, 17;
    %store/vec4 v0000000001563dc0_0, 0, 17;
T_2.4 ;
    %load/vec4 v0000000001564540_0;
    %addi 1, 0, 32;
    %store/vec4 v0000000001564540_0, 0, 32;
    %jmp T_2.0;
T_2.1 ;
    %load/vec4 v0000000001563dc0_0;
    %cmpi/e 0, 0, 17;
    %jmp/0xz  T_2.6, 4;
    %vpi_call 2 57 "$display", "        ***********************************************        " {0 0 0};
    %vpi_call 2 58 "$display", "        **                                           **        " {0 0 0};
    %vpi_call 2 59 "$display", "        **             Congratulations !!            **        " {0 0 0};
    %vpi_call 2 60 "$display", "        **               Test PASS  !!               **        " {0 0 0};
    %vpi_call 2 61 "$display", "        **                                           **        " {0 0 0};
    %vpi_call 2 62 "$display", "        ***********************************************        " {0 0 0};
    %jmp T_2.7;
T_2.6 ;
    %vpi_call 2 65 "$display", "=================================================" {0 0 0};
    %vpi_call 2 66 "$display", "There're %d errors in your design", v0000000001563dc0_0 {0 0 0};
    %vpi_call 2 67 "$display", "=================================================" {0 0 0};
T_2.7 ;
    %vpi_call 2 70 "$finish" {0 0 0};
    %end;
    .thread T_2;
    .scope S_00000000011b3910;
T_3 ;
    %vpi_call 2 75 "$dumpfile", "16bitsub_adder.vcd" {0 0 0};
    %vpi_call 2 76 "$dumpvars" {0 0 0};
    %end;
    .thread T_3;
# The file index is used to find the file name in the following table.
:file_names 7;
    "N/A";
    "<interactive>";
    "testbench.v";
    "././16bit_rca.v";
    "././4bit_rca.v";
    "././fulladder.v";
    "././halfadder.v";
