#! /usr/local/iverilog/bin/vvp
:ivl_version "11.0 (devel)" "(s20150603-642-g3bdb50da)";
:ivl_delay_selection "TYPICAL";
:vpi_time_precision - 11;
:vpi_module "system";
:vpi_module "vhdl_sys";
:vpi_module "vhdl_textio";
:vpi_module "v2005_math";
:vpi_module "va_math";
S_000000000088d070 .scope module, "testbench" "testbench" 2 5;
 .timescale -9 -11;
v000000000090f3f0_0 .var "clk", 0 0;
v000000000090ee50_0 .net "counter", 4 0, L_000000000090ec70;  1 drivers
v000000000090f530_0 .var "mode", 0 0;
v000000000090e1d0_0 .var "rst_n", 0 0;
S_000000000088d200 .scope module, "S1" "Syncounter" 2 10, 3 7 0, S_000000000088d070;
 .timescale -9 -11;
    .port_info 0 /INPUT 1 "mode";
    .port_info 1 /INPUT 1 "clk";
    .port_info 2 /INPUT 1 "rst_n";
    .port_info 3 /OUTPUT 5 "counter";
v000000000090ed10_0 .net "O", 1 0, L_000000000090dd70;  1 drivers
v000000000090e4f0_0 .net "W", 1 0, L_000000000090eef0;  1 drivers
L_00000000014c0118 .functor BUFT 1, C4<000>, C4<0>, C4<0>, C4<0>;
v000000000090f350_0 .net *"_s9", 2 0, L_00000000014c0118;  1 drivers
v000000000090da50_0 .net "clk", 0 0, v000000000090f3f0_0;  1 drivers
v000000000090edb0_0 .net "counter", 4 0, L_000000000090ec70;  alias, 1 drivers
v000000000090deb0_0 .net "mode", 0 0, v000000000090f530_0;  1 drivers
v000000000090e3b0_0 .net "rst_n", 0 0, v000000000090e1d0_0;  1 drivers
v000000000090f2b0_0 .net "sum", 4 0, L_0000000000911b50;  1 drivers
L_000000000090df50 .part L_000000000090eef0, 1, 1;
L_000000000090dff0 .part L_000000000090eef0, 0, 1;
L_0000000000911c90 .concat [ 2 3 0 0], L_000000000090dd70, L_00000000014c0118;
S_00000000008882e0 .scope module, "D1" "DFF_5bit" 3 26, 4 4 0, S_000000000088d200;
 .timescale -9 -11;
    .port_info 0 /OUTPUT 5 "q";
    .port_info 1 /INPUT 5 "d";
    .port_info 2 /INPUT 1 "clk";
    .port_info 3 /INPUT 1 "rst_n";
v0000000000905b90_0 .net "clk", 0 0, v000000000090f3f0_0;  alias, 1 drivers
v0000000000906630_0 .net "d", 4 0, L_0000000000911b50;  alias, 1 drivers
v00000000009070d0_0 .net "q", 4 0, L_000000000090ec70;  alias, 1 drivers
v00000000009069f0_0 .net "rst_n", 0 0, v000000000090e1d0_0;  alias, 1 drivers
L_000000000090e630 .part L_0000000000911b50, 0, 1;
L_000000000090e9f0 .part L_0000000000911b50, 1, 1;
L_000000000090ea90 .part L_0000000000911b50, 2, 1;
L_000000000090f0d0 .part L_0000000000911b50, 3, 1;
LS_000000000090ec70_0_0 .concat8 [ 1 1 1 1], L_0000000001508bd0, L_0000000001508770, L_0000000001508e00, L_0000000001508230;
LS_000000000090ec70_0_4 .concat8 [ 1 0 0 0], L_0000000001508150;
L_000000000090ec70 .concat8 [ 4 1 0 0], LS_000000000090ec70_0_0, LS_000000000090ec70_0_4;
L_000000000090f170 .part L_0000000000911b50, 4, 1;
S_0000000000888470 .scope module, "D1" "DFF_asyncReset" 4 10, 5 4 0, S_00000000008882e0;
 .timescale -9 -11;
    .port_info 0 /OUTPUT 1 "q";
    .port_info 1 /INPUT 1 "d";
    .port_info 2 /INPUT 1 "clk";
    .port_info 3 /INPUT 1 "rst_n";
L_00000000008aa640 .functor NAND 1, L_0000000001508d90, L_00000000008aa6b0, C4<1>, C4<1>;
L_00000000008aa6b0 .functor NAND 1, L_00000000008aa640, v000000000090f3f0_0, v000000000090e1d0_0, C4<1>;
L_00000000008aa720 .functor NAND 1, L_00000000008aa6b0, v000000000090f3f0_0, L_0000000001508d90, C4<1>;
L_0000000001508d90 .functor NAND 1, L_00000000008aa720, L_000000000090e630, v000000000090e1d0_0, C4<1>;
L_0000000001508bd0 .functor NAND 1, L_00000000008aa6b0, L_0000000001508c40, C4<1>, C4<1>;
L_0000000001508c40 .functor NAND 1, L_0000000001508bd0, L_00000000008aa720, v000000000090e1d0_0, C4<1>;
v00000000008ac060_0 .net "clk", 0 0, v000000000090f3f0_0;  alias, 1 drivers
v00000000008ab8e0_0 .net "d", 0 0, L_000000000090e630;  1 drivers
v00000000008abb60_0 .net "o0", 0 0, L_00000000008aa640;  1 drivers
v00000000008ac880_0 .net "o1", 0 0, L_00000000008aa6b0;  1 drivers
v00000000008abc00_0 .net "o2", 0 0, L_00000000008aa720;  1 drivers
v00000000008ac240_0 .net "o3", 0 0, L_0000000001508d90;  1 drivers
v00000000008abac0_0 .net "q", 0 0, L_0000000001508bd0;  1 drivers
v00000000008abca0_0 .net "q_", 0 0, L_0000000001508c40;  1 drivers
v00000000008acd80_0 .net "rst_n", 0 0, v000000000090e1d0_0;  alias, 1 drivers
S_0000000000887db0 .scope module, "D2" "DFF_asyncReset" 4 17, 5 4 0, S_00000000008882e0;
 .timescale -9 -11;
    .port_info 0 /OUTPUT 1 "q";
    .port_info 1 /INPUT 1 "d";
    .port_info 2 /INPUT 1 "clk";
    .port_info 3 /INPUT 1 "rst_n";
L_0000000001508cb0 .functor NAND 1, L_00000000015080e0, L_0000000001508b60, C4<1>, C4<1>;
L_0000000001508b60 .functor NAND 1, L_0000000001508cb0, v000000000090f3f0_0, v000000000090e1d0_0, C4<1>;
L_00000000015088c0 .functor NAND 1, L_0000000001508b60, v000000000090f3f0_0, L_00000000015080e0, C4<1>;
L_00000000015080e0 .functor NAND 1, L_00000000015088c0, L_000000000090e9f0, v000000000090e1d0_0, C4<1>;
L_0000000001508770 .functor NAND 1, L_0000000001508b60, L_0000000001508930, C4<1>, C4<1>;
L_0000000001508930 .functor NAND 1, L_0000000001508770, L_00000000015088c0, v000000000090e1d0_0, C4<1>;
v00000000008ab980_0 .net "clk", 0 0, v000000000090f3f0_0;  alias, 1 drivers
v00000000008aba20_0 .net "d", 0 0, L_000000000090e9f0;  1 drivers
v00000000008abd40_0 .net "o0", 0 0, L_0000000001508cb0;  1 drivers
v00000000008abe80_0 .net "o1", 0 0, L_0000000001508b60;  1 drivers
v00000000008ace20_0 .net "o2", 0 0, L_00000000015088c0;  1 drivers
v00000000008ac920_0 .net "o3", 0 0, L_00000000015080e0;  1 drivers
v00000000008abf20_0 .net "q", 0 0, L_0000000001508770;  1 drivers
v00000000008aca60_0 .net "q_", 0 0, L_0000000001508930;  1 drivers
v00000000008acec0_0 .net "rst_n", 0 0, v000000000090e1d0_0;  alias, 1 drivers
S_0000000000887f40 .scope module, "D3" "DFF_asyncReset" 4 24, 5 4 0, S_00000000008882e0;
 .timescale -9 -11;
    .port_info 0 /OUTPUT 1 "q";
    .port_info 1 /INPUT 1 "d";
    .port_info 2 /INPUT 1 "clk";
    .port_info 3 /INPUT 1 "rst_n";
L_0000000001508a80 .functor NAND 1, L_0000000001508850, L_0000000001508f50, C4<1>, C4<1>;
L_0000000001508f50 .functor NAND 1, L_0000000001508a80, v000000000090f3f0_0, v000000000090e1d0_0, C4<1>;
L_00000000015089a0 .functor NAND 1, L_0000000001508f50, v000000000090f3f0_0, L_0000000001508850, C4<1>;
L_0000000001508850 .functor NAND 1, L_00000000015089a0, L_000000000090ea90, v000000000090e1d0_0, C4<1>;
L_0000000001508e00 .functor NAND 1, L_0000000001508f50, L_00000000015083f0, C4<1>, C4<1>;
L_00000000015083f0 .functor NAND 1, L_0000000001508e00, L_00000000015089a0, v000000000090e1d0_0, C4<1>;
v00000000008ac740_0 .net "clk", 0 0, v000000000090f3f0_0;  alias, 1 drivers
v00000000008ac2e0_0 .net "d", 0 0, L_000000000090ea90;  1 drivers
v00000000008abfc0_0 .net "o0", 0 0, L_0000000001508a80;  1 drivers
v00000000008ac380_0 .net "o1", 0 0, L_0000000001508f50;  1 drivers
v00000000008acf60_0 .net "o2", 0 0, L_00000000015089a0;  1 drivers
v00000000008ac420_0 .net "o3", 0 0, L_0000000001508850;  1 drivers
v00000000008ac4c0_0 .net "q", 0 0, L_0000000001508e00;  1 drivers
v00000000008ac560_0 .net "q_", 0 0, L_00000000015083f0;  1 drivers
v00000000008ac600_0 .net "rst_n", 0 0, v000000000090e1d0_0;  alias, 1 drivers
S_0000000000884400 .scope module, "D4" "DFF_asyncReset" 4 31, 5 4 0, S_00000000008882e0;
 .timescale -9 -11;
    .port_info 0 /OUTPUT 1 "q";
    .port_info 1 /INPUT 1 "d";
    .port_info 2 /INPUT 1 "clk";
    .port_info 3 /INPUT 1 "rst_n";
L_0000000001508fc0 .functor NAND 1, L_00000000015084d0, L_0000000001508e70, C4<1>, C4<1>;
L_0000000001508e70 .functor NAND 1, L_0000000001508fc0, v000000000090f3f0_0, v000000000090e1d0_0, C4<1>;
L_0000000001508a10 .functor NAND 1, L_0000000001508e70, v000000000090f3f0_0, L_00000000015084d0, C4<1>;
L_00000000015084d0 .functor NAND 1, L_0000000001508a10, L_000000000090f0d0, v000000000090e1d0_0, C4<1>;
L_0000000001508230 .functor NAND 1, L_0000000001508e70, L_0000000001508d20, C4<1>, C4<1>;
L_0000000001508d20 .functor NAND 1, L_0000000001508230, L_0000000001508a10, v000000000090e1d0_0, C4<1>;
v00000000008ad000_0 .net "clk", 0 0, v000000000090f3f0_0;  alias, 1 drivers
v00000000008a1de0_0 .net "d", 0 0, L_000000000090f0d0;  1 drivers
v00000000008a2600_0 .net "o0", 0 0, L_0000000001508fc0;  1 drivers
v0000000000905910_0 .net "o1", 0 0, L_0000000001508e70;  1 drivers
v00000000009068b0_0 .net "o2", 0 0, L_0000000001508a10;  1 drivers
v00000000009064f0_0 .net "o3", 0 0, L_00000000015084d0;  1 drivers
v0000000000905eb0_0 .net "q", 0 0, L_0000000001508230;  1 drivers
v0000000000906db0_0 .net "q_", 0 0, L_0000000001508d20;  1 drivers
v0000000000905f50_0 .net "rst_n", 0 0, v000000000090e1d0_0;  alias, 1 drivers
S_0000000000884590 .scope module, "D5" "DFF_asyncReset" 4 38, 5 4 0, S_00000000008882e0;
 .timescale -9 -11;
    .port_info 0 /OUTPUT 1 "q";
    .port_info 1 /INPUT 1 "d";
    .port_info 2 /INPUT 1 "clk";
    .port_info 3 /INPUT 1 "rst_n";
L_0000000001508af0 .functor NAND 1, L_0000000001508460, L_0000000001508700, C4<1>, C4<1>;
L_0000000001508700 .functor NAND 1, L_0000000001508af0, v000000000090f3f0_0, v000000000090e1d0_0, C4<1>;
L_0000000001508ee0 .functor NAND 1, L_0000000001508700, v000000000090f3f0_0, L_0000000001508460, C4<1>;
L_0000000001508460 .functor NAND 1, L_0000000001508ee0, L_000000000090f170, v000000000090e1d0_0, C4<1>;
L_0000000001508150 .functor NAND 1, L_0000000001508700, L_00000000015081c0, C4<1>, C4<1>;
L_00000000015081c0 .functor NAND 1, L_0000000001508150, L_0000000001508ee0, v000000000090e1d0_0, C4<1>;
v0000000000905c30_0 .net "clk", 0 0, v000000000090f3f0_0;  alias, 1 drivers
v0000000000905cd0_0 .net "d", 0 0, L_000000000090f170;  1 drivers
v0000000000905690_0 .net "o0", 0 0, L_0000000001508af0;  1 drivers
v0000000000907210_0 .net "o1", 0 0, L_0000000001508700;  1 drivers
v0000000000906090_0 .net "o2", 0 0, L_0000000001508ee0;  1 drivers
v0000000000905d70_0 .net "o3", 0 0, L_0000000001508460;  1 drivers
v0000000000905ff0_0 .net "q", 0 0, L_0000000001508150;  1 drivers
v00000000009055f0_0 .net "q_", 0 0, L_00000000015081c0;  1 drivers
v00000000009054b0_0 .net "rst_n", 0 0, v000000000090e1d0_0;  alias, 1 drivers
S_0000000000878330 .scope module, "E1" "Encoder" 3 19, 6 3 0, S_000000000088d200;
 .timescale -9 -11;
    .port_info 0 /INPUT 1 "a";
    .port_info 1 /INPUT 1 "b";
    .port_info 2 /INPUT 1 "c";
    .port_info 3 /OUTPUT 2 "o";
L_00000000014c00d0 .functor BUFT 1, C4<0>, C4<0>, C4<0>, C4<0>;
L_00000000008aa3a0 .functor NOR 1, L_00000000014c00d0, L_000000000090df50, C4<0>, C4<0>;
L_00000000008aa330 .functor NOR 1, L_00000000014c00d0, L_000000000090dff0, C4<0>, C4<0>;
L_00000000008aa410 .functor NOR 1, L_00000000008aa3a0, L_00000000014c00d0, C4<0>, C4<0>;
L_00000000014c0088 .functor BUFT 1, C4<0>, C4<0>, C4<0>, C4<0>;
L_00000000008aa1e0 .functor NOR 1, L_00000000008aa3a0, L_00000000014c0088, C4<0>, C4<0>;
RS_00000000008b48a8 .resolv tri, L_00000000008aa330, L_00000000008aa410;
L_00000000008aa5d0 .functor NOR 1, RS_00000000008b48a8, RS_00000000008b48a8, C4<0>, C4<0>;
v00000000009063b0_0 .net *"_s4", 0 0, L_00000000008aa1e0;  1 drivers
v0000000000906130_0 .net/2s *"_s6", 0 0, L_00000000014c0088;  1 drivers
v0000000000906b30_0 .net *"_s9", 0 0, L_00000000008aa5d0;  1 drivers
v0000000000906950_0 .net "a", 0 0, L_00000000014c00d0;  1 drivers
v00000000009072b0_0 .net "b", 0 0, L_000000000090df50;  1 drivers
v00000000009059b0_0 .net "c", 0 0, L_000000000090dff0;  1 drivers
v0000000000905730_0 .net "n1", 0 0, L_00000000008aa3a0;  1 drivers
v0000000000907170_0 .net8 "n2", 0 0, RS_00000000008b48a8;  2 drivers
v0000000000906bd0_0 .net "o", 1 0, L_000000000090dd70;  alias, 1 drivers
L_000000000090dd70 .concat8 [ 1 1 0 0], L_00000000008aa5d0, L_00000000008aa1e0;
S_00000000008784c0 .scope module, "I1" "IF" 3 13, 7 3 0, S_000000000088d200;
 .timescale -9 -11;
    .port_info 0 /INPUT 5 "a";
    .port_info 1 /INPUT 1 "mode";
    .port_info 2 /OUTPUT 2 "Y";
L_00000000008aaa30 .functor NOT 1, L_000000000090dc30, C4<0>, C4<0>, C4<0>;
L_00000000008a9ca0 .functor NOT 1, L_000000000090e270, C4<0>, C4<0>, C4<0>;
L_00000000008aaaa0 .functor NOT 1, L_000000000090e310, C4<0>, C4<0>, C4<0>;
L_00000000008a9d10 .functor NOT 1, L_000000000090d9b0, C4<0>, C4<0>, C4<0>;
L_00000000008aa090 .functor NOT 1, L_000000000090ebd0, C4<0>, C4<0>, C4<0>;
L_00000000008a9e60 .functor NOT 1, v000000000090f530_0, C4<0>, C4<0>, C4<0>;
L_00000000008aa560/0/0 .functor AND 1, L_000000000090e450, L_000000000090f710, L_000000000090f7b0, L_000000000090ef90;
L_00000000008aa560/0/4 .functor AND 1, L_000000000090f030, L_00000000008a9e60, C4<1>, C4<1>;
L_00000000008aa560 .functor AND 1, L_00000000008aa560/0/0, L_00000000008aa560/0/4, C4<1>, C4<1>;
L_00000000008aa480/0/0 .functor AND 1, L_000000000090e950, L_000000000090e590, L_000000000090de10, L_000000000090dcd0;
L_00000000008aa480/0/4 .functor AND 1, L_000000000090e6d0, v000000000090f530_0, C4<1>, C4<1>;
L_00000000008aa480 .functor AND 1, L_00000000008aa480/0/0, L_00000000008aa480/0/4, C4<1>, C4<1>;
L_00000000008aa170 .functor OR 1, L_00000000008aa560, L_00000000008aa480, C4<0>, C4<0>;
L_00000000008a9d80 .functor NOR 1, L_00000000008aa560, L_00000000008aa480, C4<0>, C4<0>;
v00000000009061d0_0 .net "H", 0 0, L_00000000008aa560;  1 drivers
v0000000000906270_0 .net "L", 0 0, L_00000000008aa480;  1 drivers
v0000000000907350_0 .net "Y", 1 0, L_000000000090eef0;  alias, 1 drivers
v0000000000905a50_0 .net *"_s1", 0 0, L_00000000008aaa30;  1 drivers
v0000000000905550_0 .net *"_s11", 0 0, L_00000000008aaaa0;  1 drivers
v0000000000906a90_0 .net *"_s14", 0 0, L_000000000090e310;  1 drivers
v0000000000906310_0 .net *"_s16", 0 0, L_00000000008a9d10;  1 drivers
v0000000000906e50_0 .net *"_s19", 0 0, L_000000000090d9b0;  1 drivers
v0000000000906450_0 .net *"_s21", 0 0, L_00000000008aa090;  1 drivers
v0000000000906c70_0 .net *"_s25", 0 0, L_000000000090ebd0;  1 drivers
v0000000000906810_0 .net *"_s29", 0 0, L_000000000090e450;  1 drivers
v0000000000906590_0 .net *"_s31", 0 0, L_000000000090f710;  1 drivers
v00000000009057d0_0 .net *"_s33", 0 0, L_000000000090f7b0;  1 drivers
v0000000000905af0_0 .net *"_s35", 0 0, L_000000000090ef90;  1 drivers
v00000000009066d0_0 .net *"_s37", 0 0, L_000000000090f030;  1 drivers
v0000000000906d10_0 .net *"_s4", 0 0, L_000000000090dc30;  1 drivers
v0000000000906ef0_0 .net *"_s40", 0 0, L_000000000090e950;  1 drivers
v0000000000906770_0 .net *"_s42", 0 0, L_000000000090e590;  1 drivers
v0000000000906f90_0 .net *"_s44", 0 0, L_000000000090de10;  1 drivers
v0000000000907030_0 .net *"_s46", 0 0, L_000000000090dcd0;  1 drivers
v0000000000905870_0 .net *"_s48", 0 0, L_000000000090e6d0;  1 drivers
v0000000000905e10_0 .net *"_s50", 0 0, L_00000000008aa170;  1 drivers
v0000000000908140_0 .net *"_s53", 0 0, L_00000000008a9d80;  1 drivers
v0000000000908b40_0 .net *"_s6", 0 0, L_00000000008a9ca0;  1 drivers
v0000000000907740_0 .net *"_s9", 0 0, L_000000000090e270;  1 drivers
v0000000000909180_0 .net "a", 4 0, L_000000000090ec70;  alias, 1 drivers
v0000000000908460_0 .net "a_", 4 0, L_000000000090f850;  1 drivers
v0000000000908320_0 .net "mode", 0 0, v000000000090f530_0;  alias, 1 drivers
v0000000000907f60_0 .net "mode_", 0 0, L_00000000008a9e60;  1 drivers
L_000000000090dc30 .part L_000000000090ec70, 0, 1;
L_000000000090e270 .part L_000000000090ec70, 1, 1;
L_000000000090e310 .part L_000000000090ec70, 2, 1;
L_000000000090d9b0 .part L_000000000090ec70, 3, 1;
LS_000000000090f850_0_0 .concat8 [ 1 1 1 1], L_00000000008aaa30, L_00000000008a9ca0, L_00000000008aaaa0, L_00000000008a9d10;
LS_000000000090f850_0_4 .concat8 [ 1 0 0 0], L_00000000008aa090;
L_000000000090f850 .concat8 [ 4 1 0 0], LS_000000000090f850_0_0, LS_000000000090f850_0_4;
L_000000000090ebd0 .part L_000000000090ec70, 4, 1;
L_000000000090e450 .part L_000000000090ec70, 4, 1;
L_000000000090f710 .part L_000000000090ec70, 3, 1;
L_000000000090f7b0 .part L_000000000090ec70, 2, 1;
L_000000000090ef90 .part L_000000000090ec70, 1, 1;
L_000000000090f030 .part L_000000000090f850, 0, 1;
L_000000000090e950 .part L_000000000090f850, 4, 1;
L_000000000090e590 .part L_000000000090f850, 3, 1;
L_000000000090de10 .part L_000000000090f850, 2, 1;
L_000000000090dcd0 .part L_000000000090f850, 1, 1;
L_000000000090e6d0 .part L_000000000090f850, 0, 1;
L_000000000090eef0 .concat8 [ 1 1 0 0], L_00000000008a9d80, L_00000000008aa170;
S_000000000087bec0 .scope module, "R1" "Subadd_5bit" 3 33, 8 4 0, S_000000000088d200;
 .timescale -9 -11;
    .port_info 0 /INPUT 5 "a";
    .port_info 1 /INPUT 5 "b";
    .port_info 2 /INPUT 1 "mode";
    .port_info 3 /OUTPUT 5 "sum";
    .port_info 4 /OUTPUT 1 "cout";
L_00000000015085b0 .functor XOR 1, v000000000090f530_0, L_0000000000911290, C4<0>, C4<0>;
L_00000000015082a0 .functor XOR 1, v000000000090f530_0, L_00000000009109d0, C4<0>, C4<0>;
L_0000000001508380 .functor XOR 1, v000000000090f530_0, L_0000000000911150, C4<0>, C4<0>;
L_0000000001508310 .functor XOR 1, v000000000090f530_0, L_0000000000911330, C4<0>, C4<0>;
L_0000000001508540 .functor XOR 1, v000000000090f530_0, L_0000000000911a10, C4<0>, C4<0>;
v000000000090b070_0 .net *"_s0", 0 0, L_00000000015085b0;  1 drivers
v000000000090b110_0 .net *"_s11", 0 0, L_0000000000911150;  1 drivers
v000000000090b1b0_0 .net *"_s12", 0 0, L_0000000001508310;  1 drivers
v000000000090b250_0 .net *"_s15", 0 0, L_0000000000911330;  1 drivers
v000000000090e810_0 .net *"_s16", 0 0, L_0000000001508540;  1 drivers
v000000000090eb30_0 .net *"_s20", 0 0, L_0000000000911a10;  1 drivers
v000000000090f5d0_0 .net *"_s3", 0 0, L_0000000000911290;  1 drivers
v000000000090f210_0 .net *"_s4", 0 0, L_00000000015082a0;  1 drivers
v000000000090e770_0 .net *"_s7", 0 0, L_00000000009109d0;  1 drivers
v000000000090f490_0 .net *"_s8", 0 0, L_0000000001508380;  1 drivers
v000000000090e130_0 .net "a", 4 0, L_000000000090ec70;  alias, 1 drivers
v000000000090e8b0_0 .net "b", 4 0, L_0000000000911c90;  1 drivers
v000000000090f670_0 .net "cout", 0 0, L_0000000000912b30;  1 drivers
v000000000090e090_0 .net "mode", 0 0, v000000000090f530_0;  alias, 1 drivers
v000000000090daf0_0 .net "sum", 4 0, L_0000000000911b50;  alias, 1 drivers
v000000000090db90_0 .net "y", 4 0, L_0000000000911510;  1 drivers
L_0000000000911290 .part L_0000000000911c90, 0, 1;
L_00000000009109d0 .part L_0000000000911c90, 1, 1;
L_0000000000911150 .part L_0000000000911c90, 2, 1;
L_0000000000911330 .part L_0000000000911c90, 3, 1;
LS_0000000000911510_0_0 .concat8 [ 1 1 1 1], L_00000000015085b0, L_00000000015082a0, L_0000000001508380, L_0000000001508310;
LS_0000000000911510_0_4 .concat8 [ 1 0 0 0], L_0000000001508540;
L_0000000000911510 .concat8 [ 4 1 0 0], LS_0000000000911510_0_0, LS_0000000000911510_0_4;
L_0000000000911a10 .part L_0000000000911c90, 4, 1;
S_000000000087c050 .scope module, "R1" "RCA_5bit" 8 19, 9 4 0, S_000000000087bec0;
 .timescale -9 -11;
    .port_info 0 /INPUT 5 "a";
    .port_info 1 /INPUT 5 "b";
    .port_info 2 /INPUT 1 "cin";
    .port_info 3 /OUTPUT 5 "sum";
    .port_info 4 /OUTPUT 1 "cout";
v000000000090bbb0_0 .net "a", 4 0, L_000000000090ec70;  alias, 1 drivers
v000000000090bc50_0 .net "b", 4 0, L_0000000000911510;  alias, 1 drivers
v000000000090bd90_0 .net "c1", 0 0, L_0000000000913310;  1 drivers
v000000000090c010_0 .net "c2", 0 0, L_0000000000912a50;  1 drivers
v000000000090c1f0_0 .net "c3", 0 0, L_0000000000913150;  1 drivers
v000000000090af30_0 .net "c4", 0 0, L_0000000000912e40;  1 drivers
v000000000090afd0_0 .net "cin", 0 0, v000000000090f530_0;  alias, 1 drivers
v000000000090c790_0 .net "cout", 0 0, L_0000000000912b30;  alias, 1 drivers
v000000000090c290_0 .net "sum", 4 0, L_0000000000911b50;  alias, 1 drivers
L_0000000000911970 .part L_000000000090ec70, 0, 1;
L_00000000009115b0 .part L_0000000000911510, 0, 1;
L_0000000000910ed0 .part L_000000000090ec70, 1, 1;
L_00000000009113d0 .part L_0000000000911510, 1, 1;
L_00000000009116f0 .part L_000000000090ec70, 2, 1;
L_0000000000911f10 .part L_0000000000911510, 2, 1;
L_0000000000911ab0 .part L_000000000090ec70, 3, 1;
L_0000000000911650 .part L_0000000000911510, 3, 1;
LS_0000000000911b50_0_0 .concat8 [ 1 1 1 1], L_0000000000913620, L_0000000000913070, L_0000000000913770, L_00000000009129e0;
LS_0000000000911b50_0_4 .concat8 [ 1 0 0 0], L_00000000009133f0;
L_0000000000911b50 .concat8 [ 4 1 0 0], LS_0000000000911b50_0_0, LS_0000000000911b50_0_4;
L_0000000000910c50 .part L_000000000090ec70, 4, 1;
L_0000000000911bf0 .part L_0000000000911510, 4, 1;
S_0000000000842da0 .scope module, "F1" "Fulladder" 9 15, 10 2 0, S_000000000087c050;
 .timescale -9 -11;
    .port_info 0 /OUTPUT 1 "cout";
    .port_info 1 /OUTPUT 1 "sum";
    .port_info 2 /INPUT 1 "a";
    .port_info 3 /INPUT 1 "b";
    .port_info 4 /INPUT 1 "cin";
L_0000000000913310 .functor OR 1, L_0000000001508620, L_00000000015087e0, C4<0>, C4<0>;
v00000000009080a0_0 .net "a", 0 0, L_0000000000911970;  1 drivers
v0000000000908960_0 .net "b", 0 0, L_00000000009115b0;  1 drivers
v0000000000907560_0 .net "c1", 0 0, L_0000000001508620;  1 drivers
v00000000009086e0_0 .net "c2", 0 0, L_00000000015087e0;  1 drivers
v0000000000908820_0 .net "cin", 0 0, v000000000090f530_0;  alias, 1 drivers
v0000000000909220_0 .net "cout", 0 0, L_0000000000913310;  alias, 1 drivers
v0000000000909360_0 .net "s1", 0 0, L_0000000001508690;  1 drivers
v0000000000908280_0 .net "sum", 0 0, L_0000000000913620;  1 drivers
S_0000000000842f30 .scope module, "H1" "Halfadder" 10 13, 11 1 0, S_0000000000842da0;
 .timescale -9 -11;
    .port_info 0 /OUTPUT 1 "carry";
    .port_info 1 /OUTPUT 1 "sum";
    .port_info 2 /INPUT 1 "a";
    .port_info 3 /INPUT 1 "b";
L_0000000001508620 .functor AND 1, L_0000000000911970, L_00000000009115b0, C4<1>, C4<1>;
L_0000000001508690 .functor XOR 1, L_0000000000911970, L_00000000009115b0, C4<0>, C4<0>;
v00000000009092c0_0 .net "a", 0 0, L_0000000000911970;  alias, 1 drivers
v00000000009079c0_0 .net "b", 0 0, L_00000000009115b0;  alias, 1 drivers
v0000000000908fa0_0 .net "carry", 0 0, L_0000000001508620;  alias, 1 drivers
v0000000000907c40_0 .net "sum", 0 0, L_0000000001508690;  alias, 1 drivers
S_0000000000909480 .scope module, "H2" "Halfadder" 10 14, 11 1 0, S_0000000000842da0;
 .timescale -9 -11;
    .port_info 0 /OUTPUT 1 "carry";
    .port_info 1 /OUTPUT 1 "sum";
    .port_info 2 /INPUT 1 "a";
    .port_info 3 /INPUT 1 "b";
L_00000000015087e0 .functor AND 1, v000000000090f530_0, L_0000000001508690, C4<1>, C4<1>;
L_0000000000913620 .functor XOR 1, v000000000090f530_0, L_0000000001508690, C4<0>, C4<0>;
v0000000000907600_0 .net "a", 0 0, v000000000090f530_0;  alias, 1 drivers
v00000000009088c0_0 .net "b", 0 0, L_0000000001508690;  alias, 1 drivers
v0000000000908640_0 .net "carry", 0 0, L_00000000015087e0;  alias, 1 drivers
v0000000000908780_0 .net "sum", 0 0, L_0000000000913620;  alias, 1 drivers
S_0000000000909610 .scope module, "F2" "Fulladder" 9 16, 10 2 0, S_000000000087c050;
 .timescale -9 -11;
    .port_info 0 /OUTPUT 1 "cout";
    .port_info 1 /OUTPUT 1 "sum";
    .port_info 2 /INPUT 1 "a";
    .port_info 3 /INPUT 1 "b";
    .port_info 4 /INPUT 1 "cin";
L_0000000000912a50 .functor OR 1, L_0000000000912f20, L_0000000000913380, C4<0>, C4<0>;
v0000000000908f00_0 .net "a", 0 0, L_0000000000910ed0;  1 drivers
v0000000000908be0_0 .net "b", 0 0, L_00000000009113d0;  1 drivers
v00000000009090e0_0 .net "c1", 0 0, L_0000000000912f20;  1 drivers
v0000000000908c80_0 .net "c2", 0 0, L_0000000000913380;  1 drivers
v00000000009074c0_0 .net "cin", 0 0, L_0000000000913310;  alias, 1 drivers
v00000000009085a0_0 .net "cout", 0 0, L_0000000000912a50;  alias, 1 drivers
v0000000000907880_0 .net "s1", 0 0, L_0000000000912eb0;  1 drivers
v0000000000908dc0_0 .net "sum", 0 0, L_0000000000913070;  1 drivers
S_00000000009097a0 .scope module, "H1" "Halfadder" 10 13, 11 1 0, S_0000000000909610;
 .timescale -9 -11;
    .port_info 0 /OUTPUT 1 "carry";
    .port_info 1 /OUTPUT 1 "sum";
    .port_info 2 /INPUT 1 "a";
    .port_info 3 /INPUT 1 "b";
L_0000000000912f20 .functor AND 1, L_0000000000910ed0, L_00000000009113d0, C4<1>, C4<1>;
L_0000000000912eb0 .functor XOR 1, L_0000000000910ed0, L_00000000009113d0, C4<0>, C4<0>;
v00000000009076a0_0 .net "a", 0 0, L_0000000000910ed0;  alias, 1 drivers
v00000000009077e0_0 .net "b", 0 0, L_00000000009113d0;  alias, 1 drivers
v0000000000909040_0 .net "carry", 0 0, L_0000000000912f20;  alias, 1 drivers
v0000000000908a00_0 .net "sum", 0 0, L_0000000000912eb0;  alias, 1 drivers
S_000000000090a2e0 .scope module, "H2" "Halfadder" 10 14, 11 1 0, S_0000000000909610;
 .timescale -9 -11;
    .port_info 0 /OUTPUT 1 "carry";
    .port_info 1 /OUTPUT 1 "sum";
    .port_info 2 /INPUT 1 "a";
    .port_info 3 /INPUT 1 "b";
L_0000000000913380 .functor AND 1, L_0000000000913310, L_0000000000912eb0, C4<1>, C4<1>;
L_0000000000913070 .functor XOR 1, L_0000000000913310, L_0000000000912eb0, C4<0>, C4<0>;
v0000000000907ce0_0 .net "a", 0 0, L_0000000000913310;  alias, 1 drivers
v0000000000908aa0_0 .net "b", 0 0, L_0000000000912eb0;  alias, 1 drivers
v0000000000908500_0 .net "carry", 0 0, L_0000000000913380;  alias, 1 drivers
v0000000000908d20_0 .net "sum", 0 0, L_0000000000913070;  alias, 1 drivers
S_000000000090a600 .scope module, "F3" "Fulladder" 9 17, 10 2 0, S_000000000087c050;
 .timescale -9 -11;
    .port_info 0 /OUTPUT 1 "cout";
    .port_info 1 /OUTPUT 1 "sum";
    .port_info 2 /INPUT 1 "a";
    .port_info 3 /INPUT 1 "b";
    .port_info 4 /INPUT 1 "cin";
L_0000000000913150 .functor OR 1, L_0000000000912f90, L_0000000000912ac0, C4<0>, C4<0>;
v0000000000907ec0_0 .net "a", 0 0, L_00000000009116f0;  1 drivers
v00000000009081e0_0 .net "b", 0 0, L_0000000000911f10;  1 drivers
v00000000009083c0_0 .net "c1", 0 0, L_0000000000912f90;  1 drivers
v000000000090bf70_0 .net "c2", 0 0, L_0000000000912ac0;  1 drivers
v000000000090c6f0_0 .net "cin", 0 0, L_0000000000912a50;  alias, 1 drivers
v000000000090b890_0 .net "cout", 0 0, L_0000000000913150;  alias, 1 drivers
v000000000090c0b0_0 .net "s1", 0 0, L_00000000009138c0;  1 drivers
v000000000090b390_0 .net "sum", 0 0, L_0000000000913770;  1 drivers
S_0000000000909980 .scope module, "H1" "Halfadder" 10 13, 11 1 0, S_000000000090a600;
 .timescale -9 -11;
    .port_info 0 /OUTPUT 1 "carry";
    .port_info 1 /OUTPUT 1 "sum";
    .port_info 2 /INPUT 1 "a";
    .port_info 3 /INPUT 1 "b";
L_0000000000912f90 .functor AND 1, L_00000000009116f0, L_0000000000911f10, C4<1>, C4<1>;
L_00000000009138c0 .functor XOR 1, L_00000000009116f0, L_0000000000911f10, C4<0>, C4<0>;
v0000000000908000_0 .net "a", 0 0, L_00000000009116f0;  alias, 1 drivers
v0000000000908e60_0 .net "b", 0 0, L_0000000000911f10;  alias, 1 drivers
v0000000000907920_0 .net "carry", 0 0, L_0000000000912f90;  alias, 1 drivers
v0000000000907a60_0 .net "sum", 0 0, L_00000000009138c0;  alias, 1 drivers
S_0000000000909b10 .scope module, "H2" "Halfadder" 10 14, 11 1 0, S_000000000090a600;
 .timescale -9 -11;
    .port_info 0 /OUTPUT 1 "carry";
    .port_info 1 /OUTPUT 1 "sum";
    .port_info 2 /INPUT 1 "a";
    .port_info 3 /INPUT 1 "b";
L_0000000000912ac0 .functor AND 1, L_0000000000912a50, L_00000000009138c0, C4<1>, C4<1>;
L_0000000000913770 .functor XOR 1, L_0000000000912a50, L_00000000009138c0, C4<0>, C4<0>;
v0000000000907b00_0 .net "a", 0 0, L_0000000000912a50;  alias, 1 drivers
v0000000000907d80_0 .net "b", 0 0, L_00000000009138c0;  alias, 1 drivers
v0000000000907ba0_0 .net "carry", 0 0, L_0000000000912ac0;  alias, 1 drivers
v0000000000907e20_0 .net "sum", 0 0, L_0000000000913770;  alias, 1 drivers
S_000000000090a150 .scope module, "F4" "Fulladder" 9 18, 10 2 0, S_000000000087c050;
 .timescale -9 -11;
    .port_info 0 /OUTPUT 1 "cout";
    .port_info 1 /OUTPUT 1 "sum";
    .port_info 2 /INPUT 1 "a";
    .port_info 3 /INPUT 1 "b";
    .port_info 4 /INPUT 1 "cin";
L_0000000000912e40 .functor OR 1, L_0000000000913000, L_00000000009131c0, C4<0>, C4<0>;
v000000000090b610_0 .net "a", 0 0, L_0000000000911ab0;  1 drivers
v000000000090bed0_0 .net "b", 0 0, L_0000000000911650;  1 drivers
v000000000090b6b0_0 .net "c1", 0 0, L_0000000000913000;  1 drivers
v000000000090b750_0 .net "c2", 0 0, L_00000000009131c0;  1 drivers
v000000000090b930_0 .net "cin", 0 0, L_0000000000913150;  alias, 1 drivers
v000000000090a990_0 .net "cout", 0 0, L_0000000000912e40;  alias, 1 drivers
v000000000090b7f0_0 .net "s1", 0 0, L_0000000000913700;  1 drivers
v000000000090adf0_0 .net "sum", 0 0, L_00000000009129e0;  1 drivers
S_0000000000909ca0 .scope module, "H1" "Halfadder" 10 13, 11 1 0, S_000000000090a150;
 .timescale -9 -11;
    .port_info 0 /OUTPUT 1 "carry";
    .port_info 1 /OUTPUT 1 "sum";
    .port_info 2 /INPUT 1 "a";
    .port_info 3 /INPUT 1 "b";
L_0000000000913000 .functor AND 1, L_0000000000911ab0, L_0000000000911650, C4<1>, C4<1>;
L_0000000000913700 .functor XOR 1, L_0000000000911ab0, L_0000000000911650, C4<0>, C4<0>;
v000000000090be30_0 .net "a", 0 0, L_0000000000911ab0;  alias, 1 drivers
v000000000090ab70_0 .net "b", 0 0, L_0000000000911650;  alias, 1 drivers
v000000000090c5b0_0 .net "carry", 0 0, L_0000000000913000;  alias, 1 drivers
v000000000090b2f0_0 .net "sum", 0 0, L_0000000000913700;  alias, 1 drivers
S_0000000000909e30 .scope module, "H2" "Halfadder" 10 14, 11 1 0, S_000000000090a150;
 .timescale -9 -11;
    .port_info 0 /OUTPUT 1 "carry";
    .port_info 1 /OUTPUT 1 "sum";
    .port_info 2 /INPUT 1 "a";
    .port_info 3 /INPUT 1 "b";
L_00000000009131c0 .functor AND 1, L_0000000000913150, L_0000000000913700, C4<1>, C4<1>;
L_00000000009129e0 .functor XOR 1, L_0000000000913150, L_0000000000913700, C4<0>, C4<0>;
v000000000090c830_0 .net "a", 0 0, L_0000000000913150;  alias, 1 drivers
v000000000090ac10_0 .net "b", 0 0, L_0000000000913700;  alias, 1 drivers
v000000000090b570_0 .net "carry", 0 0, L_00000000009131c0;  alias, 1 drivers
v000000000090bcf0_0 .net "sum", 0 0, L_00000000009129e0;  alias, 1 drivers
S_0000000000909fc0 .scope module, "F5" "Fulladder" 9 19, 10 2 0, S_000000000087c050;
 .timescale -9 -11;
    .port_info 0 /OUTPUT 1 "cout";
    .port_info 1 /OUTPUT 1 "sum";
    .port_info 2 /INPUT 1 "a";
    .port_info 3 /INPUT 1 "b";
    .port_info 4 /INPUT 1 "cin";
L_0000000000912b30 .functor OR 1, L_0000000000913230, L_00000000009132a0, C4<0>, C4<0>;
v000000000090c330_0 .net "a", 0 0, L_0000000000910c50;  1 drivers
v000000000090c150_0 .net "b", 0 0, L_0000000000911bf0;  1 drivers
v000000000090acb0_0 .net "c1", 0 0, L_0000000000913230;  1 drivers
v000000000090c650_0 .net "c2", 0 0, L_00000000009132a0;  1 drivers
v000000000090ba70_0 .net "cin", 0 0, L_0000000000912e40;  alias, 1 drivers
v000000000090ad50_0 .net "cout", 0 0, L_0000000000912b30;  alias, 1 drivers
v000000000090bb10_0 .net "s1", 0 0, L_00000000009137e0;  1 drivers
v000000000090ae90_0 .net "sum", 0 0, L_00000000009133f0;  1 drivers
S_000000000090a470 .scope module, "H1" "Halfadder" 10 13, 11 1 0, S_0000000000909fc0;
 .timescale -9 -11;
    .port_info 0 /OUTPUT 1 "carry";
    .port_info 1 /OUTPUT 1 "sum";
    .port_info 2 /INPUT 1 "a";
    .port_info 3 /INPUT 1 "b";
L_0000000000913230 .functor AND 1, L_0000000000910c50, L_0000000000911bf0, C4<1>, C4<1>;
L_00000000009137e0 .functor XOR 1, L_0000000000910c50, L_0000000000911bf0, C4<0>, C4<0>;
v000000000090c3d0_0 .net "a", 0 0, L_0000000000910c50;  alias, 1 drivers
v000000000090b4d0_0 .net "b", 0 0, L_0000000000911bf0;  alias, 1 drivers
v000000000090c470_0 .net "carry", 0 0, L_0000000000913230;  alias, 1 drivers
v000000000090b430_0 .net "sum", 0 0, L_00000000009137e0;  alias, 1 drivers
S_000000000090a790 .scope module, "H2" "Halfadder" 10 14, 11 1 0, S_0000000000909fc0;
 .timescale -9 -11;
    .port_info 0 /OUTPUT 1 "carry";
    .port_info 1 /OUTPUT 1 "sum";
    .port_info 2 /INPUT 1 "a";
    .port_info 3 /INPUT 1 "b";
L_00000000009132a0 .functor AND 1, L_0000000000912e40, L_00000000009137e0, C4<1>, C4<1>;
L_00000000009133f0 .functor XOR 1, L_0000000000912e40, L_00000000009137e0, C4<0>, C4<0>;
v000000000090aa30_0 .net "a", 0 0, L_0000000000912e40;  alias, 1 drivers
v000000000090b9d0_0 .net "b", 0 0, L_00000000009137e0;  alias, 1 drivers
v000000000090aad0_0 .net "carry", 0 0, L_00000000009132a0;  alias, 1 drivers
v000000000090c510_0 .net "sum", 0 0, L_00000000009133f0;  alias, 1 drivers
    .scope S_000000000088d070;
T_0 ;
    %delay 1000, 0;
    %load/vec4 v000000000090f3f0_0;
    %inv;
    %store/vec4 v000000000090f3f0_0, 0, 1;
    %jmp T_0;
    .thread T_0;
    .scope S_000000000088d070;
T_1 ;
    %pushi/vec4 0, 0, 1;
    %store/vec4 v000000000090e1d0_0, 0, 1;
    %pushi/vec4 0, 0, 1;
    %store/vec4 v000000000090f3f0_0, 0, 1;
    %pushi/vec4 0, 0, 1;
    %store/vec4 v000000000090f530_0, 0, 1;
    %delay 500, 0;
    %pushi/vec4 1, 0, 1;
    %store/vec4 v000000000090e1d0_0, 0, 1;
    %delay 10700, 0;
    %pushi/vec4 0, 0, 1;
    %store/vec4 v000000000090e1d0_0, 0, 1;
    %delay 2300, 0;
    %pushi/vec4 1, 0, 1;
    %store/vec4 v000000000090e1d0_0, 0, 1;
    %delay 66000, 0;
    %pushi/vec4 1, 0, 1;
    %store/vec4 v000000000090f530_0, 0, 1;
    %delay 70200, 0;
    %pushi/vec4 0, 0, 1;
    %store/vec4 v000000000090e1d0_0, 0, 1;
    %delay 2800, 0;
    %pushi/vec4 1, 0, 1;
    %store/vec4 v000000000090e1d0_0, 0, 1;
    %pushi/vec4 0, 0, 1;
    %store/vec4 v000000000090f530_0, 0, 1;
    %delay 60000, 0;
    %pushi/vec4 1, 0, 1;
    %store/vec4 v000000000090f530_0, 0, 1;
    %delay 60000, 0;
    %vpi_call 2 31 "$finish" {0 0 0};
    %end;
    .thread T_1;
    .scope S_000000000088d070;
T_2 ;
    %vpi_call 2 37 "$dumpfile", "counter.vcd" {0 0 0};
    %vpi_call 2 38 "$dumpvars" {0 0 0};
    %end;
    .thread T_2;
# The file index is used to find the file name in the following table.
:file_names 12;
    "N/A";
    "<interactive>";
    "testbench.v";
    "././counter.v";
    "././DFF_5bit.v";
    "././DFF_asyncR.v";
    "././Encoder.v";
    "././IF.v";
    "././5bit_subadd.v";
    "././5bit_rca.v";
    "././fulladder.v";
    "././halfadder.v";
